
-----------------------------------------------------------------------
# DirectMaxFlux/UMA, Energy(wB97M-V/def2-TZVPD)
-----------------------------------------------------------------------

IRC-IRC-IRC-IRC-IRC-IRC-IRC-IRC-IRC-IRC-IRC-IRC-IRC-IRC-IRC-IRC-IRC-IRC

Copyright (c) 2025
Computational Biology Laboratory＠the University of Tokyo
(https://www.bi.a.u-tokyo.ac.jp/)　All Rights Reserved.
   _____       _       _    ______                _   _
  /  __ \     | |     | |   | ___ \              | | (_)
  | /  \/ ___ | | __ _| |__ | |_/ /___  __ _  ___| |_ _  ___  _ __
  | |    / _ \| |/ _` | '_ \|    // _ \/ _` |/ __| __| |/ _ \| '_ \
  | \__/| (_) | | (_| | |_) | |\ |  __| (_| | (__| |_| | (_) | | | |
   \____/\___/|_|\__,_|_.__/\_| \_\___|\__,_|\___|\__|_|\___/|_| |_|

    ColabReaction   Embody the Invisible --- the Transition State

***********************************************************************
   14-July-2025  Created by Computational Biology Laboratory＠UTokyo
***********************************************************************

If you use ColabReaction in your research, please cite the following pu
blication:

1. Karasawa, M.; Leow, C. S.; Yajima, H.; Arai, S.; Nishizaki, H.; Tera
   da, T.; Sato H. ChemRxiv 2025. DOI: 10.26434/chemrxiv-2025-zvkqk

We also recommend citing the following references related to the underl
ying DMF/UMA methodology:

2. Nakano, M.; Karasawa, M.; Ohmura, T.; Terada, T.; Sato, H. ChemRxiv
   2025. DOI: 10.26434/chemrxiv-2025-md8k6-v2
3. Koda, S.; Saito, S. Locating Transition States by Variational Reacti
   on Path Optimization with an Energy-Derivative-Free Objective Functi
   on. J. Chem. Theory Comput. 2024, 20 (7), 2798-2811.
4. Koda, S.; Saito, S. Flat-Bottom Elastic Network Model for Generating
   Improved Plausible Reaction Paths. J. Chem. Theory Comput. 2024, 20
   (16), 7176-7187.
5. Koda, S.; Saito, S. Correlated Flat-Bottom Elastic Network Model for
   Improved Bond Rearrangement in Reaction Paths. J. Chem. Theory Compu
   t. 2025, 21 (7), 3513-3522.
6. Wood, B. M.; Dzamba, M.; Fu, X.; Gao, M.; Shuaibi, M.; Barroso-Luque
   , L.; Abdelmaqsoud, K.; Gharakhanyan, V.; Kitchin, J. R.; Levine, D.
   S.; et al. UMA: A Family of Universal Models for Atoms. arXiv prepri
   nt 2025, https://ai.meta.com/research/publications/uma-a-family-of-u
   niversal-models-for-atoms.
7. Levine, D. S.; Shuaibi, M.; Spotte-Smith, E. W. C.; Taylor, M. G.; H
   asyim, M. R.; Michel, K.; Batatia, I.; Csányi, G.; Dzamba, M.; Eastm
   an, P.; et al. The Open Molecules 2025 (OMol25) Dataset, Evaluations
   , and Models. arXiv preprint 2025, arXiv:2505.08762 [physics.chem-ph
   ].
8. fairchem; https://github.com/facebookresearch/fairchem


IRC-IRC-IRC-IRC-IRC-IRC-IRC-IRC-IRC-IRC-IRC-IRC-IRC-IRC-IRC-IRC-IRC-IRC
                         Input orientation:
---------------------------------------------------------------------
Center     Atomic      Atomic             Coordinates (Angstroms)
Number     Number       Type             X           Y           Z
---------------------------------------------------------------------
    1	16	0	-0.0176447500	-1.3263680417	 2.0549192500
    2	8 	0	-0.1692577500	 1.2910419583	-1.1582057500
    3	26	0	-0.0257167500	 0.3694809583	 0.1623462500
    4	7 	0	-0.2563427500	-1.4138990417	-0.7777067500
    5	7 	0	-2.0099167500	 0.3780089583	 0.5672362500
    6	7 	0	 0.2334392500	 1.9321809583	 1.4084062500
    7	7 	0	 1.9771872500	 0.1901739583	-0.0195957500
    8	6 	0	 0.7299222500	-2.1504320417	-1.3911787500
    9	6 	0	 0.1544752500	-3.3002380417	-2.0489947500
   10	6 	0	-1.1933937500	-3.2378490417	-1.8458987500
   11	6 	0	-1.4451327500	-2.0525690417	-1.0631137500
   12	6 	0	-2.9568497500	-0.4771420417	 0.0714692500
   13	6 	0	-4.2779617500	-0.0528820417	 0.4791602500
   14	6 	0	-4.1119337500	 1.0706729583	 1.2338792500
   15	6 	0	-2.6902497500	 1.3310739583	 1.2810362500
   16	6 	0	-0.7499707500	 2.6604879583	 2.0206582500
   17	6 	0	-0.1742427500	 3.7748759583	 2.7400842500
   18	6 	0	 1.1741862500	 3.7103449583	 2.5437362500
   19	6 	0	 1.4142202500	 2.5571309583	 1.7051222500
   20	6 	0	 2.9235532500	 1.0633739583	 0.4557622500
   21	6 	0	 4.2378592500	 0.6708589583	-0.0009437500
   22	6 	0	 4.0685962500	-0.4473600417	-0.7643577500
   23	6 	0	 2.6520842500	-0.7357990417	-0.7672847500
   24	6 	0	 2.0809762500	-1.8356940417	-1.3995897500
   25	1 	0	 2.7482552500	-2.5025870417	-1.9475997500
   26	6 	0	-2.7029207500	-1.6147290417	-0.6864147500
   27	1 	0	-3.5595747500	-2.2110540417	-1.0032277500
   28	6 	0	-2.1123267500	 2.3876649583	 1.9694632500
   29	1 	0	-2.7799767500	 3.0632519583	 2.5063622500
   30	6 	0	 2.6726492500	 2.1586139583	 1.2694392500
   31	1 	0	 3.5274112500	 2.7600629583	 1.5826282500
   32	6 	0	-1.3360397500	-0.2571150417	-3.9682867500
   33	1 	0	-0.9362807500	 0.2643389583	-3.0872367500
   34	1 	0	-1.2008157500	 0.3657429583	-4.8646517500
   35	1 	0	-0.8087137500	-1.2123460417	-4.1016207500
   36	1 	0	-2.4075037500	-0.4554230417	-3.8198597500
   37	6 	0	 1.6139132500	-2.0958250417	 2.0895152500
   38	1 	0	 0.7239402500	-4.0443410417	-2.6031977500
   39	1 	0	-1.9651977500	-3.9194850417	-2.1987367500
   40	1 	0	-5.2011987500	-0.5666020417	 0.2169092500
   41	1 	0	-4.8695937500	 1.6793369583	 1.7243822500
   42	1 	0	-0.7448487500	 4.5031129583	 3.3138322500
   43	1 	0	 1.9499222500	 4.3744669583	 2.9209832500
   44	1 	0	 5.1601192500	 1.1963479583	 0.2408692500
   45	1 	0	 4.8221772500	-1.0381800417	-1.2822087500
   46	1 	0	 1.6658822500	-2.8079480417	 2.9263032500
   47	1 	0	 1.7616632500	-2.6536730417	 1.1492892500
   48	1 	0	 2.4111722500	-1.3431060417	 2.1661182500
---------------------------------------------------------------------
SCF Done:  E(scf) =  -2805.8398306466     A.U.

IRC-IRC-IRC-IRC-IRC-IRC-IRC-IRC-IRC-IRC-IRC-IRC-IRC-IRC-IRC-IRC-IRC-IRC
Pt 0 Step number   1 out of a maximum of  1
NET REACTION COORDINATE UP TO THIS POINT =         0.0000000000

IRC-IRC-IRC-IRC-IRC-IRC-IRC-IRC-IRC-IRC-IRC-IRC-IRC-IRC-IRC-IRC-IRC-IRC
                         Input orientation:
---------------------------------------------------------------------
Center     Atomic      Atomic             Coordinates (Angstroms)
Number     Number       Type             X           Y           Z
---------------------------------------------------------------------
    1	16	0	-0.0122173089	-1.3027078099	 2.0772667669
    2	8 	0	-0.1632223944	 1.2899254284	-1.1767908600
    3	26	0	-0.0265507768	 0.3521282537	 0.1675015687
    4	7 	0	-0.2566188732	-1.4232401780	-0.7836872555
    5	7 	0	-2.0133390361	 0.3710230482	 0.5609502541
    6	7 	0	 0.2281642871	 1.9347187760	 1.3918859681
    7	7 	0	 1.9771068403	 0.1862106061	-0.0285305597
    8	6 	0	 0.7292335932	-2.1559629231	-1.3981017830
    9	6 	0	 0.1545779166	-3.3107579051	-2.0502403216
   10	6 	0	-1.1883090722	-3.2537917430	-1.8408704436
   11	6 	0	-1.4408843881	-2.0673887565	-1.0581685785
   12	6 	0	-2.9573114515	-0.4920346071	 0.0736333417
   13	6 	0	-4.2782601673	-0.0676505652	 0.4809808325
   14	6 	0	-4.1147346376	 1.0600693185	 1.2246157553
   15	6 	0	-2.6942426109	 1.3258046874	 1.2679364789
   16	6 	0	-0.7556738404	 2.6642277277	 1.9982910989
   17	6 	0	-0.1796386897	 3.7813946245	 2.7138560176
   18	6 	0	 1.1656105896	 3.7151780709	 2.5217084374
   19	6 	0	 1.4088048745	 2.5584035015	 1.6884253472
   20	6 	0	 2.9207423937	 1.0588938430	 0.4463798589
   21	6 	0	 4.2348342356	 0.6665492523	-0.0080848816
   22	6 	0	 4.0674130215	-0.4502038423	-0.7690125529
   23	6 	0	 2.6517606948	-0.7399434692	-0.7737514683
   24	6 	0	 2.0794319217	-1.8395588661	-1.4063277210
   25	1 	0	 2.7473395820	-2.5065968249	-1.9523234639
   26	6 	0	-2.6995215341	-1.6321138420	-0.6776826046
   27	1 	0	-3.5542440527	-2.2333026850	-0.9886942441
   28	6 	0	-2.1169081852	 2.3894903240	 1.9474052420
   29	1 	0	-2.7851497264	 3.0661647233	 2.4802081215
   30	6 	0	 2.6663078428	 2.1572259340	 1.2570371978
   31	1 	0	 3.5203359138	 2.7578794809	 1.5699747595
   32	6 	0	-1.3274372107	-0.2093134235	-3.9170214014
   33	1 	0	-0.8705683038	 0.3143733698	-3.0320844445
   34	1 	0	-1.1853908747	 0.4179169059	-4.7861033183
   35	1 	0	-0.8064352407	-1.1545919047	-4.0439647952
   36	1 	0	-2.3786707434	-0.3884330375	-3.7463969053
   37	6 	0	 1.6035891814	-2.1109559702	 2.0841724865
   38	1 	0	 0.7253081955	-4.0520440056	-2.6025361112
   39	1 	0	-1.9593519128	-3.9363978937	-2.1874452738
   40	1 	0	-5.1979035682	-0.5857619580	 0.2236910221
   41	1 	0	-4.8705869246	 1.6706192364	 1.7107018616
   42	1 	0	-0.7516853300	 4.5096817910	 3.2818439359
   43	1 	0	 1.9404701997	 4.3778859163	 2.8965353257
   44	1 	0	 5.1537744450	 1.1934588443	 0.2333609324
   45	1 	0	 4.8194240537	-1.0398197111	-1.2861402727
   46	1 	0	 1.6568258904	-2.8126326966	 2.9276426735
   47	1 	0	 1.7179033432	-2.6798944449	 1.1499018747
   48	1 	0	 2.4158978386	-1.3741246008	 2.1380521013
---------------------------------------------------------------------
SCF Done:  E(scf) =  -2805.8399452673     A.U.

IRC-IRC-IRC-IRC-IRC-IRC-IRC-IRC-IRC-IRC-IRC-IRC-IRC-IRC-IRC-IRC-IRC-IRC
Pt 1 Step number   1 out of a maximum of  1
NET REACTION COORDINATE UP TO THIS POINT =         1.0000000000

IRC-IRC-IRC-IRC-IRC-IRC-IRC-IRC-IRC-IRC-IRC-IRC-IRC-IRC-IRC-IRC-IRC-IRC
                         Input orientation:
---------------------------------------------------------------------
Center     Atomic      Atomic             Coordinates (Angstroms)
Number     Number       Type             X           Y           Z
---------------------------------------------------------------------
    1	16	0	-0.0030242837	-1.2731488126	 2.0966510357
    2	8 	0	-0.1583723113	 1.2872962038	-1.2038845851
    3	26	0	-0.0268816085	 0.3327156443	 0.1758270479
    4	7 	0	-0.2564558736	-1.4310586170	-0.7913504539
    5	7 	0	-2.0154514255	 0.3635934604	 0.5545935506
    6	7 	0	 0.2229933829	 1.9371578190	 1.3727526805
    7	7 	0	 1.9761174122	 0.1806997835	-0.0361965913
    8	6 	0	 0.7287295330	-2.1612335648	-1.4053148298
    9	6 	0	 0.1553279351	-3.3198651686	-2.0522786153
   10	6 	0	-1.1834415104	-3.2680122233	-1.8364240653
   11	6 	0	-1.4362363543	-2.0805036447	-1.0552241735
   12	6 	0	-2.9567141133	-0.5062871844	 0.0757339159
   13	6 	0	-4.2769495051	-0.0824166255	 0.4823442225
   14	6 	0	-4.1157407279	 1.0495521104	 1.2156732104
   15	6 	0	-2.6972732125	 1.3200333317	 1.2549856761
   16	6 	0	-0.7607659956	 2.6677314305	 1.9750578622
   17	6 	0	-0.1852358148	 3.7860224865	 2.6876857881
   18	6 	0	 1.1577985548	 3.7181834118	 2.4996732853
   19	6 	0	 1.4030781034	 2.5594718737	 1.6711817790
   20	6 	0	 2.9174456211	 1.0532404954	 0.4381999688
   21	6 	0	 4.2307700417	 0.6618457757	-0.0141852685
   22	6 	0	 4.0653758453	-0.4539016927	-0.7733575310
   23	6 	0	 2.6514096875	-0.7449933825	-0.7794889442
   24	6 	0	 2.0780346561	-1.8432739719	-1.4133348783
   25	1 	0	 2.7463195934	-2.5100554337	-1.9574487720
   26	6 	0	-2.6950945907	-1.6483653710	-0.6695089005
   27	1 	0	-3.5475925248	-2.2541814007	-0.9743404348
   28	6 	0	-2.1205258356	 2.3899108627	 1.9252650916
   29	1 	0	-2.7891283600	 3.0671837064	 2.4543632440
   30	6 	0	 2.6596404490	 2.1543600544	 1.2448364283
   31	1 	0	 3.5127851034	 2.7540700280	 1.5576386369
   32	6 	0	-1.3012686783	-0.1563424957	-3.8437327739
   33	1 	0	-0.8367582079	 0.3550087898	-2.9800989592
   34	1 	0	-1.1646879009	 0.4695236847	-4.7068036908
   35	1 	0	-0.8024484026	-1.1016112807	-3.9896178452
   36	1 	0	-2.3495788367	-0.3242389329	-3.6725740070
   37	6 	0	 1.5914068393	-2.1208550704	 2.0763965152
   38	1 	0	 0.7266486381	-4.0591193044	-2.6024166366
   39	1 	0	-1.9532998774	-3.9520978741	-2.1762523665
   40	1 	0	-5.1933854483	-0.6040216396	 0.2299327004
   41	1 	0	-4.8700286561	 1.6616561703	 1.6973558022
   42	1 	0	-0.7580864994	 4.5139280589	 3.2510950435
   43	1 	0	 1.9314759851	 4.3791863568	 2.8734376111
   44	1 	0	 5.1463874160	 1.1904524990	 0.2265393091
   45	1 	0	 4.8164156249	-1.0415216477	-1.2898437101
   46	1 	0	 1.6431080206	-2.8117252283	 2.9266087032
   47	1 	0	 1.6741839243	-2.7003487777	 1.1499228644
   48	1 	0	 2.4189741878	-1.4036446929	 2.1099260599
---------------------------------------------------------------------
SCF Done:  E(scf) =  -2805.8402271843     A.U.

IRC-IRC-IRC-IRC-IRC-IRC-IRC-IRC-IRC-IRC-IRC-IRC-IRC-IRC-IRC-IRC-IRC-IRC
Pt 2 Step number   1 out of a maximum of  1
NET REACTION COORDINATE UP TO THIS POINT =         2.0000000000

IRC-IRC-IRC-IRC-IRC-IRC-IRC-IRC-IRC-IRC-IRC-IRC-IRC-IRC-IRC-IRC-IRC-IRC
                         Input orientation:
---------------------------------------------------------------------
Center     Atomic      Atomic             Coordinates (Angstroms)
Number     Number       Type             X           Y           Z
---------------------------------------------------------------------
    1	16	0	 0.0088733013	-1.2387612331	 2.1127170216
    2	8 	0	-0.1554455485	 1.2835984846	-1.2353107462
    3	26	0	-0.0269131911	 0.3126029189	 0.1851320530
    4	7 	0	-0.2558266576	-1.4377725889	-0.7999400686
    5	7 	0	-2.0164104758	 0.3557565223	 0.5482850866
    6	7 	0	 0.2179064396	 1.9392422670	 1.3518198865
    7	7 	0	 1.9743188791	 0.1739066039	-0.0427437050
    8	6 	0	 0.7284547445	-2.1662879947	-1.4126483990
    9	6 	0	 0.1566602028	-3.3278395913	-2.0548396206
   10	6 	0	-1.1787895187	-3.2807891693	-1.8323766007
   11	6 	0	-1.4313128865	-2.0922598812	-1.0536288643
   12	6 	0	-2.9551130959	-0.5200434930	 0.0778033836
   13	6 	0	-4.2743818703	-0.0971680585	 0.4833491402
   14	6 	0	-4.1153465663	 1.0391362246	 1.2069971736
   15	6 	0	-2.6993622860	 1.3138521073	 1.2421633210
   16	6 	0	-0.7654074352	 2.6708067425	 1.9511762160
   17	6 	0	-0.1910030092	 3.7892023901	 2.6615528694
   18	6 	0	 1.1505666515	 3.7197765598	 2.4776085012
   19	6 	0	 1.3970707268	 2.5601258699	 1.6534819148
   20	6 	0	 2.9135457106	 1.0466449156	 0.4309880366
   21	6 	0	 4.2258692980	 0.6568696363	-0.0195215345
   22	6 	0	 4.0626582707	-0.4582243132	-0.7774891006
   23	6 	0	 2.6508575195	-0.7507954510	-0.7846037412
   24	6 	0	 2.0768566087	-1.8469257860	-1.4204712856
   25	1 	0	 2.7453055893	-2.5131084431	-1.9629287528
   26	6 	0	-2.6898815210	-1.6637223143	-0.6617626860
   27	1 	0	-3.5399694701	-2.2739791920	-0.9601354407
   28	6 	0	-2.1234236326	 2.3892684452	 1.9031488895
   29	1 	0	-2.7922343429	 3.0668310902	 2.4288157154
   30	6 	0	 2.6527157880	 2.1503424904	 1.2328324571
   31	1 	0	 3.5048739898	 2.7490818892	 1.5455415754
   32	6 	0	-1.2649521610	-0.1014887776	-3.7584200090
   33	1 	0	-0.8220292372	 0.3896172909	-2.9263510163
   34	1 	0	-1.1400567436	 0.5214577602	-4.6276477569
   35	1 	0	-0.7970619069	-1.0533643324	-3.9379237204
   36	1 	0	-2.3210614719	-0.2620847906	-3.5975813435
   37	6 	0	 1.5776951346	-2.1265774084	 2.0665239901
   38	1 	0	 0.7280355864	-4.0657631020	-2.6027479108
   39	1 	0	-1.9471718059	-3.9668516404	-2.1651410545
   40	1 	0	-5.1880077084	-0.6216401337	 0.2357279744
   41	1 	0	-4.8683521015	 1.6525963456	 1.6843284447
   42	1 	0	-0.7642351407	 4.5165032514	 3.2213287087
   43	1 	0	 1.9229083494	 4.3789476001	 2.8513638372
   44	1 	0	 5.1382412372	 1.1874483599	 0.2202566564
   45	1 	0	 4.8132505898	-1.0433175667	-1.2934360817
   46	1 	0	 1.6255688450	-2.8061616746	 2.9237228464
   47	1 	0	 1.6305733994	-2.7166117150	 1.1492439316
   48	1 	0	 2.4209429229	-1.4320771148	 2.0817398077
---------------------------------------------------------------------
SCF Done:  E(scf) =  -2805.8386796724     A.U.

IRC-IRC-IRC-IRC-IRC-IRC-IRC-IRC-IRC-IRC-IRC-IRC-IRC-IRC-IRC-IRC-IRC-IRC
Pt 3 Step number   1 out of a maximum of  1
NET REACTION COORDINATE UP TO THIS POINT =         3.0000000000

IRC-IRC-IRC-IRC-IRC-IRC-IRC-IRC-IRC-IRC-IRC-IRC-IRC-IRC-IRC-IRC-IRC-IRC
                         Input orientation:
---------------------------------------------------------------------
Center     Atomic      Atomic             Coordinates (Angstroms)
Number     Number       Type             X           Y           Z
---------------------------------------------------------------------
    1	16	0	 0.0224144216	-1.2006152547	 2.1251096901
    2	8 	0	-0.1551801540	 1.2792764711	-1.2668931640
    3	26	0	-0.0268494704	 0.2931498662	 0.1932259496
    4	7 	0	-0.2547041317	-1.4438003241	-0.8086998224
    5	7 	0	-2.0163727447	 0.3475485613	 0.5421438094
    6	7 	0	 0.2128833592	 1.9407162999	 1.3299010858
    7	7 	0	 1.9718111545	 0.1660961806	-0.0483217609
    8	6 	0	 0.7284539027	-2.1711702410	-1.4199329990
    9	6 	0	 0.1585096171	-3.3349609321	-2.0576533270
   10	6 	0	-1.1743515514	-3.2924012681	-1.8285450354
   11	6 	0	-1.4262382222	-2.1030036410	-1.0527309803
   12	6 	0	-2.9525637600	-0.5334472528	 0.0798741559
   13	6 	0	-4.2709093700	-0.1118927004	 0.4840943061
   14	6 	0	-4.1139466981	 1.0288365516	 1.1985332031
   15	6 	0	-2.7005305628	 1.3073532307	 1.2294488928
   16	6 	0	-0.7697583786	 2.6732613395	 1.9268638366
   17	6 	0	-0.1969091567	 3.7913771810	 2.6354365695
   18	6 	0	 1.1437313852	 3.7203730935	 2.4554917924
   19	6 	0	 1.3908135349	 2.5601552851	 1.6354161239
   20	6 	0	 2.9089254405	 1.0393381038	 0.4245095189
   21	6 	0	 4.2203346343	 0.6517419422	-0.0243703035
   22	6 	0	 4.0594338467	-0.4629424246	-0.7815036777
   23	6 	0	 2.6499304821	-0.7571963441	-0.7892024228
   24	6 	0	 2.0759699348	-1.8506007354	-1.4275970067
   25	1 	0	 2.7444078746	-2.5159014285	-1.9687164853
   26	6 	0	-2.6841239263	-1.6784233580	-0.6543130094
   27	1 	0	-3.5317241926	-2.2929850620	-0.9460483802
   28	6 	0	-2.1258455077	 2.3879049418	 1.8811627261
   29	1 	0	-2.7947893670	 3.0656290569	 2.4035536339
   30	6 	0	 2.6456025792	 2.1454994130	 1.2210208001
   31	1 	0	 3.4967177441	 2.7433623535	 1.5336052680
   32	6 	0	-1.2259056668	-0.0480387881	-3.6710822483
   33	1 	0	-0.8135601669	 0.4215709458	-2.8659113383
   34	1 	0	-1.1128473183	 0.5746135980	-4.5495304061
   35	1 	0	-0.7905844247	-1.0098112223	-3.8882262412
   36	1 	0	-2.2939520907	-0.2012146731	-3.5206092033
   37	6 	0	 1.5627829780	-2.1291780501	 2.0548915651
   38	1 	0	 0.7295430489	-4.0721715624	-2.6034385189
   39	1 	0	-1.9410978604	-3.9809258503	-2.1540943643
   40	1 	0	-5.1821336668	-0.6388764873	 0.2411705337
   41	1 	0	-4.8659904179	 1.6435883476	 1.6716041621
   42	1 	0	-0.7703141367	 4.5180588578	 3.1922880673
   43	1 	0	 1.9147360357	 4.3777489665	 2.8299877348
   44	1 	0	 5.1296189830	 1.1845658646	 0.2143652507
   45	1 	0	 4.8100275745	-1.0452391834	-1.2970344072
   46	1 	0	 1.6050485679	-2.7968780732	 2.9195066109
   47	1 	0	 1.5871401746	-2.7302589314	 1.1477567886
   48	1 	0	 2.4223456693	-1.4598326635	 2.0534930268
---------------------------------------------------------------------
SCF Done:  E(scf) =  -2805.8333609599     A.U.

IRC-IRC-IRC-IRC-IRC-IRC-IRC-IRC-IRC-IRC-IRC-IRC-IRC-IRC-IRC-IRC-IRC-IRC
Pt 4 Step number   1 out of a maximum of  1
NET REACTION COORDINATE UP TO THIS POINT =         4.0000000000

IRC-IRC-IRC-IRC-IRC-IRC-IRC-IRC-IRC-IRC-IRC-IRC-IRC-IRC-IRC-IRC-IRC-IRC
                         Input orientation:
---------------------------------------------------------------------
Center     Atomic      Atomic             Coordinates (Angstroms)
Number     Number       Type             X           Y           Z
---------------------------------------------------------------------
    1	16	0	 0.0365380529	-1.1597810607	 2.1334740064
    2	8 	0	-0.1583141755	 1.2747743633	-1.2944556596
    3	26	0	-0.0268943922	 0.2757162749	 0.1979181031
    4	7 	0	-0.2530612024	-1.4495600527	-0.8168734386
    5	7 	0	-2.0154947898	 0.3390059047	 0.5362886662
    6	7 	0	 0.2079040439	 1.9413240975	 1.3078097779
    7	7 	0	 1.9686941518	 0.1575336271	-0.0530806192
    8	6 	0	 0.7287716829	-2.1759243316	-1.4269991383
    9	6 	0	 0.1608110755	-3.3415089499	-2.0604497240
   10	6 	0	-1.1701260627	-3.3031272065	-1.8247463550
   11	6 	0	-1.4211365991	-2.1130810990	-1.0518788508
   12	6 	0	-2.9491214662	-0.5466421832	 0.0819786437
   13	6 	0	-4.2668841113	-0.1265783870	 0.4846784405
   14	6 	0	-4.1119356685	 1.0186679820	 1.1902268571
   15	6 	0	-2.7007987741	 1.3006289178	 1.2168218708
   16	6 	0	-0.7739790456	 2.6749028972	 1.9023384002
   17	6 	0	-0.2029231414	 3.7929897050	 2.6093161963
   18	6 	0	 1.1371092617	 3.7203885916	 2.4333008665
   19	6 	0	 1.3843373180	 2.5593499140	 1.6170747757
   20	6 	0	 2.9034675893	 1.0315510602	 0.4185298726
   21	6 	0	 4.2143686803	 0.6465838011	-0.0290081994
   22	6 	0	 4.0558761225	-0.4678267473	-0.7854976786
   23	6 	0	 2.6484548665	-0.7640427313	-0.7933915524
   24	6 	0	 2.0754467898	-1.8543852469	-1.4345721055
   25	1 	0	 2.7437367543	-2.5185799649	-1.9747650480
   26	6 	0	-2.6780634077	-1.6927071879	-0.6470289191
   27	1 	0	-3.5232059961	-2.3114880139	-0.9320483718
   28	6 	0	-2.1280353925	 2.3861622233	 1.8594126919
   29	1 	0	-2.7971151244	 3.0640997892	 2.3785650974
   30	6 	0	 2.6383695419	 2.1401569928	 1.2093969731
   31	1 	0	 3.4884315374	 2.7373587102	 1.5217514078
   32	6 	0	-1.1915472038	 0.0007209535	-3.5917186332
   33	1 	0	-0.7985297720	 0.4542418270	-2.7938506473
   34	1 	0	-1.0844095399	 0.6298856635	-4.4733465279
   35	1 	0	-0.7833246269	-0.9709121133	-3.8398692282
   36	1 	0	-2.2690841351	-0.1408726431	-3.4408478749
   37	6 	0	 1.5469992804	-2.1297120617	 2.0418358941
   38	1 	0	 0.7312450342	-4.0785408496	-2.6043970455
   39	1 	0	-1.9352082032	-3.9945871614	-2.1430953221
   40	1 	0	-5.1761266418	-0.6559897476	 0.2463540678
   41	1 	0	-4.8633767623	 1.6347807621	 1.6591673275
   42	1 	0	-0.7765063698	 4.5192463674	 3.1637162551
   43	1 	0	 1.9069277872	 4.3761697763	 2.8089830348
   44	1 	0	 5.1208037274	 1.1819244506	 0.2087173683
   45	1 	0	 4.8068452051	-1.0473182133	-1.3007557064
   46	1 	0	 1.5823873934	-2.7848104619	 2.9144815039
   47	1 	0	 1.5439526559	-2.7428661018	 1.1453531480
   48	1 	0	 2.4237240520	-1.4873221357	 2.0251853990
---------------------------------------------------------------------
SCF Done:  E(scf) =  -2805.8280301912     A.U.

IRC-IRC-IRC-IRC-IRC-IRC-IRC-IRC-IRC-IRC-IRC-IRC-IRC-IRC-IRC-IRC-IRC-IRC
Pt 5 Step number   1 out of a maximum of  1
NET REACTION COORDINATE UP TO THIS POINT =         5.0000000000

IRC-IRC-IRC-IRC-IRC-IRC-IRC-IRC-IRC-IRC-IRC-IRC-IRC-IRC-IRC-IRC-IRC-IRC
                         Input orientation:
---------------------------------------------------------------------
Center     Atomic      Atomic             Coordinates (Angstroms)
Number     Number       Type             X           Y           Z
---------------------------------------------------------------------
    1	16	0	 0.0502585230	-1.1174224740	 2.1375757339
    2	8 	0	-0.1654697626	 1.2704753406	-1.3142964064
    3	26	0	-0.0272357192	 0.2615226762	 0.1972996142
    4	7 	0	-0.2508893823	-1.4554475486	-0.8237519937
    5	7 	0	-2.0139497437	 0.3301846452	 0.5308218575
    6	7 	0	 0.2029522969	 1.9408458503	 1.2863384126
    7	7 	0	 1.9650765223	 0.1485082750	-0.0571888337
    8	6 	0	 0.7294434180	-2.1806038255	-1.4336695820
    9	6 	0	 0.1634925744	-3.3477560730	-2.0629656879
   10	6 	0	-1.1661115492	-3.3132411186	-1.8208055485
   11	6 	0	-1.4161330791	-2.1228262684	-1.0504658655
   12	6 	0	-2.9448742359	-0.5597521398	 0.0841449247
   13	6 	0	-4.2626543197	-0.1412005110	 0.4851978458
   14	6 	0	-4.1097019704	 1.0086538373	 1.1820314479
   15	6 	0	-2.7002216511	 1.2937805116	 1.2042732312
   16	6 	0	-0.7782200462	 2.6755755274	 1.8778432624
   17	6 	0	-0.2090143909	 3.7944644720	 2.5831972187
   18	6 	0	 1.1305301476	 3.7202269252	 2.4110371733
   19	6 	0	 1.3776831924	 2.5575445327	 1.5985791722
   20	6 	0	 2.8971011783	 1.0235332232	 0.4128217491
   21	6 	0	 4.2081781734	 0.6415223153	-0.0336918162
   22	6 	0	 4.0521573019	-0.4726525416	-0.7895596315
   23	6 	0	 2.6462915160	-0.7711661354	-0.7972815921
   24	6 	0	 2.0753465360	-1.8583585369	-1.4412595274
   25	1 	0	 2.7433918029	-2.5212821859	-1.9810144763
   26	6 	0	-2.6719448846	-1.7067939858	-0.6397886583
   27	1 	0	-3.5147605173	-2.3297502132	-0.9181170403
   28	6 	0	-2.1302304235	 2.3843671557	 1.8380146614
   29	1 	0	-2.7995214975	 3.0627390227	 2.3538520575
   30	6 	0	 2.6310951360	 2.1346441643	 1.1979660086
   31	1 	0	 3.4801362264	 2.7315126398	 1.5099177981
   32	6 	0	-1.1686424854	 0.0419051351	-3.5293250178
   33	1 	0	-0.7650228627	 0.4906956659	-2.7061112322
   34	1 	0	-1.0561097403	 0.6879941092	-4.3999729236
   35	1 	0	-0.7756279065	-0.9365057306	-3.7922332543
   36	1 	0	-2.2472626191	-0.0804108344	-3.3577296935
   37	6 	0	 1.5306867471	-2.1292367842	 2.0277228182
   38	1 	0	 0.7332051370	-4.0850495993	-2.6055260479
   39	1 	0	-1.9296246957	-4.0080814317	-2.1321378252
   40	1 	0	-5.1703377474	-0.6732052913	 0.2513702346
   41	1 	0	-4.8609312450	 1.6263158334	 1.6470047066
   42	1 	0	-0.7829785366	 4.5206871629	 3.1353807639
   43	1 	0	 1.8994488882	 4.3747722861	 2.7880499255
   44	1 	0	 5.1120789575	 1.1796350291	 0.2031743584
   45	1 	0	 4.8037984117	-1.0495769203	-1.3047011732
   46	1 	0	 1.5584652054	-2.7709382035	 2.9091587480
   47	1 	0	 1.5011051736	-2.7559108740	 1.1419857505
   48	1 	0	 2.4255479462	-1.5149371091	 1.9968343528
---------------------------------------------------------------------
SCF Done:  E(scf) =  -2805.8279097702     A.U.

IRC-IRC-IRC-IRC-IRC-IRC-IRC-IRC-IRC-IRC-IRC-IRC-IRC-IRC-IRC-IRC-IRC-IRC
Pt 6 Step number   1 out of a maximum of  1
NET REACTION COORDINATE UP TO THIS POINT =         6.0000000000

IRC-IRC-IRC-IRC-IRC-IRC-IRC-IRC-IRC-IRC-IRC-IRC-IRC-IRC-IRC-IRC-IRC-IRC
                         Input orientation:
---------------------------------------------------------------------
Center     Atomic      Atomic             Coordinates (Angstroms)
Number     Number       Type             X           Y           Z
---------------------------------------------------------------------
    1	16	0	 0.0632460039	-1.0755183270	 2.1382320263
    2	8 	0	-0.1762603195	 1.2662314764	-1.3268422026
    3	26	0	-0.0279203606	 0.2505775438	 0.1919137245
    4	7 	0	-0.2483421259	-1.4616631306	-0.8290387150
    5	7 	0	-2.0120550023	 0.3213129075	 0.5256998259
    6	7 	0	 0.1980458768	 1.9393751733	 1.2660962280
    7	7 	0	 1.9611429684	 0.1395202455	-0.0609776631
    8	6 	0	 0.7304231300	-2.1853452350	-1.4396996992
    9	6 	0	 0.1664220477	-3.3539109249	-2.0649980358
   10	6 	0	-1.1623068778	-3.3229775115	-1.8166172647
   11	6 	0	-1.4113598964	-2.1324673084	-1.0482776075
   12	6 	0	-2.9401943601	-0.5727280883	 0.0863633596
   13	6 	0	-4.2585344371	-0.1556261619	 0.4857277790
   14	6 	0	-4.1075814182	 0.9988908205	 1.1739677770
   15	6 	0	-2.6991498487	 1.2869887886	 1.1918940162
   16	6 	0	-0.7825483537	 2.6754404705	 1.8538452842
   17	6 	0	-0.2151570661	 3.7960664033	 2.5573128036
   18	6 	0	 1.1239401981	 3.7201900658	 2.3889088085
   19	6 	0	 1.3709821503	 2.5549654181	 1.5803198459
   20	6 	0	 2.8901577147	 1.0156945126	 0.4072204220
   21	6 	0	 4.2020056014	 0.6367367599	-0.0385034131
   22	6 	0	 4.0484378798	-0.4772345786	-0.7937094125
   23	6 	0	 2.6436020050	-0.7782662470	-0.8010169348
   24	6 	0	 2.0756171879	-1.8625370605	-1.4475473009
   25	1 	0	 2.7433792009	-2.5240814538	-1.9872912792
   26	6 	0	-2.6660421556	-1.7207428799	-0.6325504998
   27	1 	0	-3.5067014736	-2.3478002397	-0.9043448623
   28	6 	0	-2.1326085954	 2.3827160110	 1.8171696661
   29	1 	0	-2.8022155830	 3.0618123092	 2.3295370412
   30	6 	0	 2.6239425983	 2.1293139148	 1.1868157702
   31	1 	0	 3.4720021534	 2.7262170031	 1.4981824609
   32	6 	0	-1.1582798438	 0.0761204307	-3.4841649398
   33	1 	0	-0.7090101111	 0.5313318909	-2.6062212380
   34	1 	0	-1.0294571346	 0.7481419169	-4.3301289609
   35	1 	0	-0.7681592725	-0.9053738471	-3.7450187749
   36	1 	0	-2.2290451297	-0.0201220010	-3.2727936982
   37	6 	0	 1.5143081468	-2.1288293596	 2.0131722140
   38	1 	0	 0.7353963125	-4.0917238881	-2.6066756203
   39	1 	0	-1.9243969538	-4.0214734858	-2.1213103884
   40	1 	0	-5.1650118763	-0.6904554384	 0.2562930088
   41	1 	0	-4.8589604187	 1.6182806152	 1.6351238914
   42	1 	0	-0.7897564542	 4.5227405867	 3.1072610724
   43	1 	0	 1.8922345175	 4.3739702349	 2.7671188721
   44	1 	0	 5.1037317519	 1.1777343012	 0.1976765390
   45	1 	0	 4.8009499533	-1.0519553066	-1.3088342592
   46	1 	0	 1.5345072441	-2.7566177500	 2.9039600477
   47	1 	0	 1.4589176924	-2.7700176959	 1.1381385096
   48	1 	0	 2.4276627337	-1.5429018811	 1.9686117760
---------------------------------------------------------------------
SCF Done:  E(scf) =  -2805.8281058399     A.U.

IRC-IRC-IRC-IRC-IRC-IRC-IRC-IRC-IRC-IRC-IRC-IRC-IRC-IRC-IRC-IRC-IRC-IRC
Pt 7 Step number   1 out of a maximum of  1
NET REACTION COORDINATE UP TO THIS POINT =         7.0000000000

IRC-IRC-IRC-IRC-IRC-IRC-IRC-IRC-IRC-IRC-IRC-IRC-IRC-IRC-IRC-IRC-IRC-IRC
                         Input orientation:
---------------------------------------------------------------------
Center     Atomic      Atomic             Coordinates (Angstroms)
Number     Number       Type             X           Y           Z
---------------------------------------------------------------------
    1	16	0	 0.0755083574	-1.0364670954	 2.1368013915
    2	8 	0	-0.1897798538	 1.2616213810	-1.3346456487
    3	26	0	-0.0289227008	 0.2422652706	 0.1835662673
    4	7 	0	-0.2456562705	-1.4683064790	-0.8326490437
    5	7 	0	-2.0102022420	 0.3127073945	 0.5208039638
    6	7 	0	 0.1932200251	 1.9371670623	 1.2475981281
    7	7 	0	 1.9571173505	 0.1311781940	-0.0648621422
    8	6 	0	 0.7316229745	-2.1903277850	-1.4448101568
    9	6 	0	 0.1694365032	-3.3601492760	-2.0663744477
   10	6 	0	-1.1587111059	-3.3325504889	-1.8121120199
   11	6 	0	-1.4069529784	-2.1421778750	-1.0453015972
   12	6 	0	-2.9356004984	-0.5854319742	 0.0886048889
   13	6 	0	-4.2548215105	-0.1696666644	 0.4863326613
   14	6 	0	-4.1058827023	 0.9895134184	 1.1660913953
   15	6 	0	-2.6980863913	 1.2804754255	 1.1798267915
   16	6 	0	-0.7869878769	 2.6748222547	 1.8309264085
   17	6 	0	-0.2213277650	 3.7979782492	 2.5320133576
   18	6 	0	 1.1173454449	 3.7205275175	 2.3672302692
   19	6 	0	 1.3644114601	 2.5520404286	 1.5628259540
   20	6 	0	 2.8831759429	 1.0085274789	 0.4015934084
   21	6 	0	 4.1961118602	 0.6324332734	-0.0434354857
   22	6 	0	 4.0448723226	-0.4814079736	-0.7979315484
   23	6 	0	 2.6407027520	-0.7849748774	-0.8047594444
   24	6 	0	 2.0761494280	-1.8669049581	-1.4533363689
   25	1 	0	 2.7436570407	-2.5270177810	-1.9933635120
   26	6 	0	-2.6606438892	-1.7345300731	-0.6253139228
   27	1 	0	-3.4993261473	-2.3655464010	-0.8908783610
   28	6 	0	-2.1353174512	 2.3813378189	 1.7971225847
   29	1 	0	-2.8053515534	 3.0614666802	 2.3058046593
   30	6 	0	 2.6171188168	 2.1245316163	 1.1760767703
   31	1 	0	 3.4642251405	 2.7218395248	 1.4866956157
   32	6 	0	-1.1586243637	 0.1057715154	-3.4520057227
   33	1 	0	-0.6305225691	 0.5751770678	-2.5016147188
   34	1 	0	-1.0060345079	 0.8087508872	-4.2644529461
   35	1 	0	-0.7617483024	-0.8757540169	-3.6980909509
   36	1 	0	-2.2148618550	 0.0392167841	-3.1886636564
   37	6 	0	 1.4983880681	-2.1295771254	 1.9989347594
   38	1 	0	 0.7377448462	-4.0985112408	-2.6076688440
   39	1 	0	-1.9195373944	-4.0347349352	-2.1107502444
   40	1 	0	-5.1603392282	-0.7075216158	 0.2611872603
   41	1 	0	-4.8577123667	 1.6107337439	 1.6235431971
   42	1 	0	-0.7967934017	 4.5256310588	 3.0794458095
   43	1 	0	 1.8852043529	 4.3741008911	 2.7462389084
   44	1 	0	 5.0960510386	 1.1762207578	 0.1922048881
   45	1 	0	 4.7983460248	-1.0543510184	-1.3130474934
   46	1 	0	 1.5119165718	-2.7433997137	 2.8992610151
   47	1 	0	 1.4178263549	-2.7853717090	 1.1345688362
   48	1 	0	 2.4295922491	-1.5713546177	 1.9407690865
---------------------------------------------------------------------
SCF Done:  E(scf) =  -2805.8231321988     A.U.

IRC-IRC-IRC-IRC-IRC-IRC-IRC-IRC-IRC-IRC-IRC-IRC-IRC-IRC-IRC-IRC-IRC-IRC
Pt 8 Step number   1 out of a maximum of  1
NET REACTION COORDINATE UP TO THIS POINT =         8.0000000000

IRC-IRC-IRC-IRC-IRC-IRC-IRC-IRC-IRC-IRC-IRC-IRC-IRC-IRC-IRC-IRC-IRC-IRC
                         Input orientation:
---------------------------------------------------------------------
Center     Atomic      Atomic             Coordinates (Angstroms)
Number     Number       Type             X           Y           Z
---------------------------------------------------------------------
    1	16	0	 0.0870562363	-1.0026707234	 2.1346468114
    2	8 	0	-0.2051180806	 1.2562214045	-1.3402769139
    3	26	0	-0.0302165250	 0.2359650920	 0.1740735104
    4	7 	0	-0.2430693427	-1.4754764422	-0.8345001746
    5	7 	0	-2.0087837529	 0.3046855410	 0.5160150438
    6	7 	0	 0.1885101281	 1.9344778467	 1.2313582371
    7	7 	0	 1.9532238528	 0.1240916728	-0.0692579976
    8	6 	0	 0.7329547611	-2.1957310531	-1.4487213354
    9	6 	0	 0.1723726932	-3.3666466257	-2.0669228591
   10	6 	0	-1.1553232925	-3.3421739857	-1.8072206267
   11	6 	0	-1.4030482831	-2.1521311736	-1.0415270243
   12	6 	0	-2.9316125201	-0.5977250071	 0.0908402926
   13	6 	0	-4.2518124431	-0.1831328827	 0.4870768241
   14	6 	0	-4.1049142892	 0.9806564298	 1.1584581412
   15	6 	0	-2.6975355623	 1.2744624370	 1.1682145486
   16	6 	0	-0.7915621687	 2.6740467574	 1.8096695288
   17	6 	0	-0.2275031055	 3.8003820804	 2.5076502566
   18	6 	0	 1.1107524143	 3.7214883508	 2.3463169314
   19	6 	0	 1.3581487731	 2.5491990886	 1.5466277993
   20	6 	0	 2.8766963202	 1.0025253555	 0.3958084918
   21	6 	0	 4.1907579977	 0.6288182162	-0.0484797876
   22	6 	0	 4.0416150465	-0.4850080098	-0.8022102742
   23	6 	0	 2.6379114556	-0.7909232765	-0.8086711294
   24	6 	0	 2.0768334649	-1.8714461030	-1.4585277813
   25	1 	0	 2.7441830174	-2.5301309042	-1.9989987467
   26	6 	0	-2.6560388767	-1.7481310827	-0.6180787474
   27	1 	0	-3.4929316852	-2.3828960108	-0.8778645232
   28	6 	0	-2.1385042822	 2.3803610534	 1.7781186579
   29	1 	0	-2.8090831438	 3.0618481878	 2.2828400357
   30	6 	0	 2.6108310405	 2.1206627432	 1.1658798740
   31	1 	0	 3.4570012202	 2.7187477214	 1.4756080789
   32	6 	0	-1.1678169710	 0.1332779242	-3.4285775316
   33	1 	0	-0.5296248456	 0.6212464162	-2.3997580089
   34	1 	0	-0.9874252535	 0.8682363646	-4.2035825155
   35	1 	0	-0.7572259337	-0.8458792966	-3.6513163045
   36	1 	0	-2.2051419306	 0.0968244449	-3.1079723000
   37	6 	0	 1.4834516107	-2.1325675033	 1.9857622133
   38	1 	0	 0.7401766379	-4.1053585329	-2.6083285771
   39	1 	0	-1.9150581270	-4.0478366210	-2.1005950286
   40	1 	0	-5.1565095511	-0.7241840035	 0.2661177839
   41	1 	0	-4.8574346888	 1.6037336210	 1.6122810277
   42	1 	0	-0.8040420589	 4.5295818838	 3.0520245068
   43	1 	0	 1.8782779440	 4.3755008911	 2.7254600477
   44	1 	0	 5.0893257609	 1.1750925738	 0.1867407202
   45	1 	0	 4.7960326840	-1.0566613518	-1.3172328184
   46	1 	0	 1.4920977206	-2.7328363118	 2.8954368814
   47	1 	0	 1.3782682641	-2.8021544236	 1.1320364016
   48	1 	0	 2.4308576696	-1.6004327733	 1.9135583599
---------------------------------------------------------------------
SCF Done:  E(scf) =  -2805.8167463968     A.U.

IRC-IRC-IRC-IRC-IRC-IRC-IRC-IRC-IRC-IRC-IRC-IRC-IRC-IRC-IRC-IRC-IRC-IRC
Pt 9 Step number   1 out of a maximum of  1
NET REACTION COORDINATE UP TO THIS POINT =         9.0000000000

IRC-IRC-IRC-IRC-IRC-IRC-IRC-IRC-IRC-IRC-IRC-IRC-IRC-IRC-IRC-IRC-IRC-IRC
                         Input orientation:
---------------------------------------------------------------------
Center     Atomic      Atomic             Coordinates (Angstroms)
Number     Number       Type             X           Y           Z
---------------------------------------------------------------------
    1	16	0	 0.0979002932	-0.9765311547	 2.1331312679
    2	8 	0	-0.2213647151	 1.2496078972	-1.3463061676
    3	26	0	-0.0317756183	 0.2310562433	 0.1652517216
    4	7 	0	-0.2408188689	-1.4832718688	-0.8345093027
    5	7 	0	-2.0081918253	 0.2975647820	 0.5112138380
    6	7 	0	 0.1839515721	 1.9315638558	 1.2178906792
    7	7 	0	 1.9496866594	 0.1188702342	-0.0745809564
    8	6 	0	 0.7343302992	-2.2017346170	-1.4511536152
    9	6 	0	 0.1750673701	-3.3735784732	-2.0664712050
   10	6 	0	-1.1521424966	-3.3520619371	-1.8018738978
   11	6 	0	-1.3997817684	-2.1625004098	-1.0369430783
   12	6 	0	-2.9287502944	-0.6094683970	 0.0930403509
   13	6 	0	-4.2498041381	-0.1958356806	 0.4880245991
   14	6 	0	-4.1049846451	 0.9724546537	 1.1511238530
   15	6 	0	-2.6980016454	 1.2691718378	 1.1572002789
   16	6 	0	-0.7962947821	 2.6734398561	 1.7906575390
   17	6 	0	-0.2336597057	 3.8034599681	 2.4845748763
   18	6 	0	 1.1041676330	 3.7233216361	 2.3264841711
   19	6 	0	 1.3523717401	 2.5468709224	 1.5322556848
   20	6 	0	 2.8712593036	 0.9981813761	 0.3897334560
   21	6 	0	 4.1862050617	 0.6260979490	-0.0536280727
   22	6 	0	 4.0388204678	-0.4878699707	-0.8065298249
   23	6 	0	 2.6355458140	-0.7957426947	-0.8129139981
   24	6 	0	 2.0775595071	-1.8761443682	-1.4630225880
   25	1 	0	 2.7449148260	-2.5334605602	-2.0039645555
   26	6 	0	-2.6525159095	-1.7615214261	-0.6108447935
   27	1 	0	-3.4878152339	-2.3997563830	-0.8654503355
   28	6 	0	-2.1423163797	 2.3799141887	 1.7604031266
   29	1 	0	-2.8135640896	 3.0631028840	 2.2608282943
   30	6 	0	 2.6052865182	 2.1180727699	 1.1563559464
   31	1 	0	 3.4505264254	 2.7173091098	 1.4650706668
   32	6 	0	-1.1839985916	 0.1610591919	-3.4096105311
   33	1 	0	-0.4063815492	 0.6685551561	-2.3081174426
   34	1 	0	-0.9752127645	 0.9250136935	-4.1481553055
   35	1 	0	-0.7554231036	-0.8139827429	-3.6045613578
   36	1 	0	-2.2003144918	 0.1519199058	-3.0333523611
   37	6 	0	 1.4700238739	-2.1388879151	 1.9744063347
   38	1 	0	 0.7426175875	-4.1122126401	-2.6084776777
   39	1 	0	-1.9109712611	-4.0607493845	-2.0909823761
   40	1 	0	-5.1537125929	-0.7402227813	 0.2711493740
   41	1 	0	-4.8583749849	 1.5973386479	 1.6013557869
   42	1 	0	-0.8114551054	 4.5348163665	 3.0250866952
   43	1 	0	 1.8713748404	 4.3785068714	 2.7048323037
   44	1 	0	 5.0838448621	 1.1743479244	 0.1812653494
   45	1 	0	 4.7940559887	-1.0587836029	-1.3212821772
   46	1 	0	 1.4764552224	-2.7264797614	 2.8928628779
   47	1 	0	 1.3406805228	-2.8205473504	 1.1313008771
   48	1 	0	 2.4309801722	-1.6302738021	 1.8872316712
---------------------------------------------------------------------
SCF Done:  E(scf) =  -2805.8182180147     A.U.

IRC-IRC-IRC-IRC-IRC-IRC-IRC-IRC-IRC-IRC-IRC-IRC-IRC-IRC-IRC-IRC-IRC-IRC
Pt 10 Step number   1 out of a maximum of  1
NET REACTION COORDINATE UP TO THIS POINT =        10.0000000000

IRC-IRC-IRC-IRC-IRC-IRC-IRC-IRC-IRC-IRC-IRC-IRC-IRC-IRC-IRC-IRC-IRC-IRC
                         Input orientation:
---------------------------------------------------------------------
Center     Atomic      Atomic             Coordinates (Angstroms)
Number     Number       Type             X           Y           Z
---------------------------------------------------------------------
    1	16	0	 0.1080584612	-0.9603550295	 2.1336026807
    2	8 	0	-0.2376118402	 1.2413823883	-1.3553028810
    3	26	0	-0.0335707226	 0.2269119522	 0.1588906138
    4	7 	0	-0.2391362937	-1.4917862834	-0.8326070930
    5	7 	0	-2.0088059691	 0.2916468534	 0.5062839395
    6	7 	0	 0.1795789442	 1.9286778012	 1.2076791983
    7	7 	0	 1.9467236593	 0.1160982263	-0.0812311739
    8	6 	0	 0.7356625889	-2.2085108501	-1.4518440449
    9	6 	0	 0.1773640117	-3.3811157210	-2.0648575861
   10	6 	0	-1.1491690315	-3.3624245046	-1.7960075000
   11	6 	0	-1.3972853463	-2.1734550616	-1.0315442446
   12	6 	0	-2.9275169070	-0.6205323907	 0.0951768862
   13	6 	0	-4.2490838047	-0.2075971759	 0.4892366346
   14	6 	0	-4.1063915706	 0.9650367472	 1.1441403656
   15	6 	0	-2.6999728173	 1.2648163130	 1.1469190061
   16	6 	0	-0.8012095682	 2.6733202760	 1.7744443144
   17	6 	0	-0.2397773713	 3.8073881643	 2.4631206844
   18	6 	0	 1.0975983670	 3.7262681814	 2.3080320355
   19	6 	0	 1.3472520474	 2.5454744852	 1.5202154660
   20	6 	0	 2.8673880328	 0.9959690868	 0.3832406614
   21	6 	0	 4.1827063163	 0.6244701817	-0.0588733999
   22	6 	0	 4.0366390442	-0.4898377982	-0.8108772979
   23	6 	0	 2.6339143613	-0.7990807750	-0.8176454854
   24	6 	0	 2.0782213672	-1.8809834601	-1.4667290585
   25	1 	0	 2.7458107185	-2.5370466151	-2.0080386990
   26	6 	0	-2.6503533668	-1.7746822284	-0.6036125190
   27	1 	0	-3.4842626713	-2.4160448610	-0.8537747610
   28	6 	0	-2.1468959675	 2.3801207027	 1.7442061419
   29	1 	0	-2.8189432081	 3.0653699507	 2.2399429548
   30	6 	0	 2.6006860044	 2.1171132112	 1.1476275752
   31	1 	0	 3.4449907652	 2.7178755742	 1.4552273773
   32	6 	0	-1.2052680562	 0.1915012206	-3.3908671535
   33	1 	0	-0.2610640367	 0.7161416319	-2.2339300851
   34	1 	0	-0.9709032298	 0.9775538617	-4.0987665467
   35	1 	0	-0.7571313082	-0.7783447864	-3.5576970856
   36	1 	0	-2.2007502929	 0.2037683921	-2.9673283596
   37	6 	0	 1.4586081484	-2.1495878642	 1.9655985717
   38	1 	0	 0.7449965070	-4.1190256713	-2.6079472603
   39	1 	0	-1.9072872407	-4.0734521736	-2.0820440173
   40	1 	0	-5.1521324241	-0.7554297881	 0.2763459968
   41	1 	0	-4.8607729062	 1.5916025081	 1.5907829589
   42	1 	0	-0.8189872911	 4.5415492747	 2.9987153085
   43	1 	0	 1.8644168429	 4.3834427166	 2.6844031742
   44	1 	0	 5.0798883912	 1.1739828932	 0.1757600046
   45	1 	0	 4.7924633449	-1.0606202985	-1.3250924137
   46	1 	0	 1.4663481723	-2.7258376625	 2.8918992520
   47	1 	0	 1.3054730078	-2.8407199470	 1.1330983705
   48	1 	0	 2.4294941377	-1.6610116484	 1.8620284927
---------------------------------------------------------------------
SCF Done:  E(scf) =  -2805.8264338239     A.U.

IRC-IRC-IRC-IRC-IRC-IRC-IRC-IRC-IRC-IRC-IRC-IRC-IRC-IRC-IRC-IRC-IRC-IRC
Pt 11 Step number   1 out of a maximum of  1
NET REACTION COORDINATE UP TO THIS POINT =        11.0000000000

IRC-IRC-IRC-IRC-IRC-IRC-IRC-IRC-IRC-IRC-IRC-IRC-IRC-IRC-IRC-IRC-IRC-IRC
                         Input orientation:
---------------------------------------------------------------------
Center     Atomic      Atomic             Coordinates (Angstroms)
Number     Number       Type             X           Y           Z
---------------------------------------------------------------------
    1	16	0	 0.1177161243	-0.9542570019	 2.1370625355
    2	8 	0	-0.2530059992	 1.2317255291	-1.3698204759
    3	26	0	-0.0355025832	 0.2227672679	 0.1561691354
    4	7 	0	-0.2381131768	-1.5009907596	-0.8290340218
    5	7 	0	-2.0107117513	 0.2868724197	 0.5011738139
    6	7 	0	 0.1754084584	 1.9259891841	 1.2005087900
    7	7 	0	 1.9444079492	 0.1157802983	-0.0892506620
    8	6 	0	 0.7368920120	-2.2160664225	-1.4509130449
    9	6 	0	 0.1792607880	-3.3893235528	-2.0621539100
   10	6 	0	-1.1464320560	-3.3733850624	-1.7896687452
   11	6 	0	-1.3955978741	-2.1850788784	-1.0254468149
   12	6 	0	-2.9280294195	-0.6309950874	 0.0972456964
   13	6 	0	-4.2497156903	-0.2184983201	 0.4906888658
   14	6 	0	-4.1091875540	 0.9583901038	 1.1374674391
   15	6 	0	-2.7035668022	 1.2613939646	 1.1373224983
   16	6 	0	-0.8063372375	 2.6738422349	 1.7609163055
   17	6 	0	-0.2459092242	 3.8122090839	 2.4432092605
   18	6 	0	 1.0910688948	 3.7303787593	 2.2909080020
   19	6 	0	 1.3428241856	 2.5451760398	 1.5104507079
   20	6 	0	 2.8652073418	 0.9959092309	 0.3763077431
   21	6 	0	 4.1803359951	 0.6239336618	-0.0642388551
   22	6 	0	 4.0351301800	-0.4909545850	-0.8153056318
   23	6 	0	 2.6331148526	-0.8009621975	-0.8229178385
   24	6 	0	 2.0787957511	-1.8859432416	-1.4697215141
   25	1 	0	 2.7468417576	-2.5409319155	-2.0112332758
   26	6 	0	-2.6495901483	-1.7877235920	-0.5963970530
   27	1 	0	-3.4823006964	-2.4319094743	-0.8427922243
   28	6 	0	-2.1522687169	 2.3809891678	 1.7294107912
   29	1 	0	-2.8252562062	 3.0686305562	 2.2200906421
   30	6 	0	 2.5970808853	 2.1178145145	 1.1396269726
   31	1 	0	 3.4404457089	 2.7204394584	 1.4460653860
   32	6 	0	-1.2287560085	 0.2262163644	-3.3688519771
   33	1 	0	-0.0986988652	 0.7635760560	-2.1791598141
   34	1 	0	-0.9742271432	 1.0256076501	-4.0550361429
   35	1 	0	-0.7622348862	-0.7383354608	-3.5106968784
   36	1 	0	-2.2054773215	 0.2527000544	-2.9099359327
   37	6 	0	 1.4492061184	-2.1648447372	 1.9596032278
   38	1 	0	 0.7473091903	-4.1258701093	-2.6067583352
   39	1 	0	-1.9039782042	-4.0861103942	-2.0737758619
   40	1 	0	-5.1518225376	-0.7698650172	 0.2817525616
   41	1 	0	-4.8646852823	 1.5864703688	 1.5805108726
   42	1 	0	-0.8266409740	 4.5497990249	 2.9728415319
   43	1 	0	 1.8573775242	 4.3903390246	 2.6641623021
   44	1 	0	 5.0775318250	 1.1739454675	 0.1702039520
   45	1 	0	 4.7913331682	-1.0621942721	-1.3286730993
   46	1 	0	 1.4620906176	-2.7313914232	 2.8925616219
   47	1 	0	 1.2724293985	-2.8625644528	 1.1376230329
   48	1 	0	 2.4262376321	-1.6926995279	 1.8378984206
---------------------------------------------------------------------
SCF Done:  E(scf) =  -2805.8267200166     A.U.

IRC-IRC-IRC-IRC-IRC-IRC-IRC-IRC-IRC-IRC-IRC-IRC-IRC-IRC-IRC-IRC-IRC-IRC
Pt 12 Step number   1 out of a maximum of  1
NET REACTION COORDINATE UP TO THIS POINT =        12.0000000000

IRC-IRC-IRC-IRC-IRC-IRC-IRC-IRC-IRC-IRC-IRC-IRC-IRC-IRC-IRC-IRC-IRC-IRC
                         Input orientation:
---------------------------------------------------------------------
Center     Atomic      Atomic             Coordinates (Angstroms)
Number     Number       Type             X           Y           Z
---------------------------------------------------------------------
    1	16	0	 0.1272261167	-0.9561597395	 2.1441658846
    2	8 	0	-0.2667481960	 1.2213970918	-1.3923963244
    3	26	0	-0.0374019495	 0.2177190614	 0.1576554704
    4	7 	0	-0.2377011933	-1.5107339201	-0.8243403767
    5	7 	0	-2.0137007958	 0.2828210731	 0.4958967993
    6	7 	0	 0.1714379548	 1.9235842958	 1.1954657017
    7	7 	0	 1.9426678339	 0.1173414005	-0.0983232890
    8	6 	0	 0.7379863323	-2.2242423011	-1.4488644075
    9	6 	0	 0.1809105606	-3.3981614329	-2.0586658906
   10	6 	0	-1.1439895754	-3.3849801972	-1.7830165907
   11	6 	0	-1.3946651538	-2.1973698811	-1.0188888874
   12	6 	0	-2.9300188701	-0.6411424386	 0.0992665548
   13	6 	0	-4.2515410801	-0.2288788989	 0.4922725152
   14	6 	0	-4.1131797717	 0.9523608535	 1.1309727588
   15	6 	0	-2.7085308710	 1.2586883117	 1.1281792673
   16	6 	0	-0.8117153596	 2.6749954438	 1.7492925382
   17	6 	0	-0.2521817025	 3.8178313049	 2.4243502969
   18	6 	0	 1.0846205073	 3.7355141067	 2.2747069788
   19	6 	0	 1.3389854508	 2.5458895570	 1.5023426852
   20	6 	0	 2.8644437591	 0.9975697481	 0.3690176099
   21	6 	0	 4.1789893010	 0.6242881746	-0.0697775505
   22	6 	0	 4.0342622268	-0.4914625743	-0.8199336060
   23	6 	0	 2.6330342638	-0.8017886795	-0.8286781169
   24	6 	0	 2.0793422578	-1.8909997328	-1.4722403281
   25	1 	0	 2.7479918169	-2.5451622878	-2.0137947225
   26	6 	0	-2.6500256742	-1.8008845961	-0.5892281959
   27	1 	0	-3.4816968287	-2.4477289383	-0.8322726106
   28	6 	0	-2.1583437465	 2.3824132500	 1.7155530980
   29	1 	0	-2.8324256803	 3.0727078555	 2.2009110858
   30	6 	0	 2.5943731787	 2.1198860598	 1.1320959751
   31	1 	0	 3.4368041860	 2.7246335647	 1.4374150458
   32	6 	0	-1.2506249054	 0.2660434292	-3.3408117268
   33	1 	0	 0.0709322075	 0.8109605084	-2.1404973192
   34	1 	0	-0.9831393029	 1.0702056333	-4.0156086709
   35	1 	0	-0.7697110193	-0.6944144024	-3.4636365418
   36	1 	0	-2.2121807990	 0.3001099687	-2.8587218355
   37	6 	0	 1.4413178619	-2.1839638029	 1.9562174611
   38	1 	0	 0.7496184131	-4.1329388101	-2.6051218085
   39	1 	0	-1.9009779846	-4.0990759095	-2.0660379997
   40	1 	0	-5.1527058490	-0.7838566167	 0.2873949208
   41	1 	0	-4.8699861215	 1.5817788814	 1.5704207018
   42	1 	0	-0.8344661212	 4.5593876825	 2.9472448027
   43	1 	0	 1.8502822294	 4.3989331063	 2.6440414746
   44	1 	0	 5.0766460686	 1.1741355373	 0.1645744953
   45	1 	0	 4.7907748836	-1.0636486637	-1.3321465332
   46	1 	0	 1.4629515578	-2.7425962593	 2.8945209764
   47	1 	0	 1.2407071768	-2.8856958892	 1.1445270584
   48	1 	0	 2.4213524061	-1.7253099276	 1.8145011754
---------------------------------------------------------------------
SCF Done:  E(scf) =  -2805.8237573823     A.U.

IRC-IRC-IRC-IRC-IRC-IRC-IRC-IRC-IRC-IRC-IRC-IRC-IRC-IRC-IRC-IRC-IRC-IRC
Pt 13 Step number   1 out of a maximum of  1
NET REACTION COORDINATE UP TO THIS POINT =        13.0000000000

IRC-IRC-IRC-IRC-IRC-IRC-IRC-IRC-IRC-IRC-IRC-IRC-IRC-IRC-IRC-IRC-IRC-IRC
                         Input orientation:
---------------------------------------------------------------------
Center     Atomic      Atomic             Coordinates (Angstroms)
Number     Number       Type             X           Y           Z
---------------------------------------------------------------------
    1	16	0	 0.1369485534	-0.9638906066	 2.1555527179
    2	8 	0	-0.2780418019	 1.2111820283	-1.4255671008
    3	26	0	-0.0390965274	 0.2108581961	 0.1638912479
    4	7 	0	-0.2378459361	-1.5208590635	-0.8190899153
    5	7 	0	-2.0175519464	 0.2790567075	 0.4904690546
    6	7 	0	 0.1676644750	 1.9215458096	 1.1916058005
    7	7 	0	 1.9414253227	 0.1201812790	-0.1081173515
    8	6 	0	 0.7389145039	-2.2328722487	-1.4462185930
    9	6 	0	 0.1824729168	-3.4075842294	-2.0547094077
   10	6 	0	-1.1419008488	-3.3972427221	-1.7762148478
   11	6 	0	-1.3944289416	-2.2103223630	-1.0121138561
   12	6 	0	-2.9331995129	-0.6512694331	 0.1012602769
   13	6 	0	-4.2543915657	-0.2390899517	 0.4938751218
   14	6 	0	-4.1181647340	 0.9467889844	 1.1245200064
   15	6 	0	-2.7145961880	 1.2564735440	 1.1192498577
   16	6 	0	-0.8173818023	 2.6767624611	 1.7387630201
   17	6 	0	-0.2587244320	 3.8241575863	 2.4060355774
   18	6 	0	 1.0782952348	 3.7415266981	 2.2590085447
   19	6 	0	 1.3356271735	 2.5475180382	 1.4952482250
   20	6 	0	 2.8648064957	 1.0004988913	 0.3614577478
   21	6 	0	 4.1785536533	 0.6253248546	-0.0755439039
   22	6 	0	 4.0339995772	-0.4916126681	-0.8248828623
   23	6 	0	 2.6335504063	-0.8019783310	-0.8348688066
   24	6 	0	 2.0799240905	-1.8961287866	-1.4745330934
   25	1 	0	 2.7492453268	-2.5497836881	-2.0159796643
   26	6 	0	-2.6514489525	-1.8144099281	-0.5821363863
   27	1 	0	-3.4822073195	-2.4638919982	-0.8219777821
   28	6 	0	-2.1650251074	 2.3842816195	 1.7021539959
   29	1 	0	-2.8403693088	 3.0774181334	 2.1820324115
   30	6 	0	 2.5924584082	 2.1230232673	 1.1247681419
   31	1 	0	 3.4339731023	 2.7300750635	 1.4290998915
   32	6 	0	-1.2669951087	 0.3117875880	-3.3040253947
   33	1 	0	 0.2378406760	 0.8584201938	-2.1144040215
   34	1 	0	-0.9955173029	 1.1124340288	-3.9790863018
   35	1 	0	-0.7784974476	-0.6470886219	-3.4165963342
   36	1 	0	-2.2184875653	 0.3474395122	-2.8111246107
   37	6 	0	 1.4344216482	-2.2062124124	 1.9552181193
   38	1 	0	 0.7519898634	-4.1404298631	-2.6032568427
   39	1 	0	-1.8982187492	-4.1127086900	-2.0586846152
   40	1 	0	-5.1546995962	-0.7977443936	 0.2932980983
   41	1 	0	-4.8765414832	 1.5773599790	 1.5603907006
   42	1 	0	-0.8425147693	 4.5701287759	 2.9216979604
   43	1 	0	 1.8431585545	 4.4089495209	 2.6239699638
   44	1 	0	 5.0770931326	 1.1744509017	 0.1588488526
   45	1 	0	 4.7908992642	-1.0651318443	-1.3356399153
   46	1 	0	 1.4681545554	-2.7588627696	 2.8974333205
   47	1 	0	 1.2094365984	-2.9097172245	 1.1534390777
   48	1 	0	 2.4149934145	-1.7588118247	 1.7914838746
---------------------------------------------------------------------
SCF Done:  E(scf) =  -2805.8234248927     A.U.

IRC-IRC-IRC-IRC-IRC-IRC-IRC-IRC-IRC-IRC-IRC-IRC-IRC-IRC-IRC-IRC-IRC-IRC
Pt 14 Step number   1 out of a maximum of  1
NET REACTION COORDINATE UP TO THIS POINT =        14.0000000000

IRC-IRC-IRC-IRC-IRC-IRC-IRC-IRC-IRC-IRC-IRC-IRC-IRC-IRC-IRC-IRC-IRC-IRC
                         Input orientation:
---------------------------------------------------------------------
Center     Atomic      Atomic             Coordinates (Angstroms)
Number     Number       Type             X           Y           Z
---------------------------------------------------------------------
    1	16	0	 0.1472435492	-0.9752769670	 2.1718630251
    2	8 	0	-0.2860901885	 1.2018652902	-1.4718694793
    3	26	0	-0.0404140227	 0.2012755351	 0.1754180967
    4	7 	0	-0.2384929983	-1.5312094885	-0.8138463953
    5	7 	0	-2.0220440469	 0.2751432163	 0.4849067386
    6	7 	0	 0.1640850604	 1.9199563986	 1.1879849535
    7	7 	0	 1.9406024252	 0.1236996798	-0.1183011465
    8	6 	0	 0.7396454810	-2.2417900278	-1.4434960619
    9	6 	0	 0.1841074441	-3.4175468100	-2.0506003409
   10	6 	0	-1.1402251354	-3.4102054505	-1.7694273279
   11	6 	0	-1.3948309938	-2.2239306176	-1.0053651151
   12	6 	0	-2.9372856023	-0.6616710594	 0.1032476787
   13	6 	0	-4.2580987384	-0.2494825176	 0.4953842249
   14	6 	0	-4.1239389513	 0.9415144846	 1.1179728639
   15	6 	0	-2.7214939178	 1.2545238507	 1.1102948137
   16	6 	0	-0.8233744334	 2.6791258455	 1.7285177584
   17	6 	0	-0.2656670383	 3.8310906871	 2.3877568860
   18	6 	0	 1.0721351080	 3.7482690080	 2.2433922787
   19	6 	0	 1.3326406847	 2.5499644849	 1.4885241547
   20	6 	0	 2.8660047626	 1.0042449131	 0.3537156429
   21	6 	0	 4.1789164711	 0.6268348366	-0.0815923330
   22	6 	0	 4.0343066240	-0.4916557684	-0.8302750427
   23	6 	0	 2.6345410917	-0.8019492621	-0.8414323935
   24	6 	0	 2.0806044521	-1.9013062559	-1.4768474029
   25	1 	0	 2.7505867179	-2.5548420724	-2.0180447263
   26	6 	0	-2.6536489911	-1.8285442750	-0.5751520624
   27	1 	0	-3.4835884197	-2.4807873991	-0.8116696009
   28	6 	0	-2.1722168507	 2.3864829467	 1.6887344189
   29	1 	0	-2.8490047704	 3.0825776745	 2.1630827449
   30	6 	0	 2.5912320973	 2.1269215574	 1.1173770323
   31	1 	0	 3.4318593637	 2.7363811250	 1.4209434579
   32	6 	0	-1.2739869800	 0.3642540141	-3.2557719730
   33	1 	0	 0.3920380346	 0.9060803171	-2.0973413416
   34	1 	0	-1.0092387375	 1.1533790541	-3.9440712070
   35	1 	0	-0.7875319111	-0.5968651297	-3.3696565143
   36	1 	0	-2.2220244604	 0.3961300620	-2.7645828010
   37	6 	0	 1.4279957461	-2.2308579165	 1.9563820501
   38	1 	0	 0.7544892289	-4.1485413581	-2.6013826003
   39	1 	0	-1.8956326655	-4.1273687057	-2.0515698930
   40	1 	0	-5.1577210175	-0.8118681547	 0.2994871179
   41	1 	0	-4.8842174268	 1.5730455948	 1.5502991229
   42	1 	0	-0.8508389551	 4.5818358334	 2.8959738444
   43	1 	0	 1.8360340955	 4.4201128277	 2.6038770414
   44	1 	0	 5.0787350276	 1.1747893597	 0.1530042421
   45	1 	0	 4.7918170832	-1.0667921846	-1.3392804460
   46	1 	0	 1.4769231730	-2.7796015530	 2.9009546593
   47	1 	0	 1.1777479192	-2.9342314270	 1.1639877217
   48	1 	0	 2.4073156120	-1.7931741963	 1.7684936353
---------------------------------------------------------------------
SCF Done:  E(scf) =  -2805.8208962437     A.U.

IRC-IRC-IRC-IRC-IRC-IRC-IRC-IRC-IRC-IRC-IRC-IRC-IRC-IRC-IRC-IRC-IRC-IRC
Pt 15 Step number   1 out of a maximum of  1
NET REACTION COORDINATE UP TO THIS POINT =        15.0000000000

IRC-IRC-IRC-IRC-IRC-IRC-IRC-IRC-IRC-IRC-IRC-IRC-IRC-IRC-IRC-IRC-IRC-IRC
                         Input orientation:
---------------------------------------------------------------------
Center     Atomic      Atomic             Coordinates (Angstroms)
Number     Number       Type             X           Y           Z
---------------------------------------------------------------------
    1	16	0	 0.1584703620	-0.9881487308	 2.1937321848
    2	8 	0	-0.2900943063	 1.1942375678	-1.5338009927
    3	26	0	-0.0411828032	 0.1880673511	 0.1927697300
    4	7 	0	-0.2395879822	-1.5416283957	-0.8091720564
    5	7 	0	-2.0269558885	 0.2706451960	 0.4792262062
    6	7 	0	 0.1606964380	 1.9188978951	 1.1836612304
    7	7 	0	 1.9401211170	 0.1272970858	-0.1285433330
    8	6 	0	 0.7401487602	-2.2508292013	-1.4412156934
    9	6 	0	 0.1859729843	-3.4280042591	-2.0466539569
   10	6 	0	-1.1390209680	-3.4239012629	-1.7628176113
   11	6 	0	-1.3958129553	-2.2381879454	-0.9988853523
   12	6 	0	-2.9419910122	-0.6726415508	 0.1052493930
   13	6 	0	-4.2624944770	-0.2604066122	 0.4966877135
   14	6 	0	-4.1302994735	 0.9363774301	 1.1111951673
   15	6 	0	-2.7289548937	 1.2526138848	 1.1010750831
   16	6 	0	-0.8297308742	 2.6820673419	 1.7177479271
   17	6 	0	-0.2731385672	 3.8385335700	 2.3690070767
   18	6 	0	 1.0661818984	 3.7555937456	 2.2274387872
   19	6 	0	 1.3299172658	 2.5531311503	 1.4815281007
   20	6 	0	 2.8677474535	 1.0083565660	 0.3458784504
   21	6 	0	 4.1799653910	 0.6286093786	-0.0879771367
   22	6 	0	 4.0351479695	-0.4918422672	-0.8362312806
   23	6 	0	 2.6358835878	-0.8021187263	-0.8483114324
   24	6 	0	 2.0814459541	-1.9065078675	-1.4794301342
   25	1 	0	 2.7520005008	-2.5603832924	-2.0202460945
   26	6 	0	-2.6564146111	-1.8435314694	-0.5683053815
   27	1 	0	-3.4855966171	-2.4988028669	-0.8011105459
   28	6 	0	-2.1798231791	 2.3889057694	 1.6748161706
   29	1 	0	-2.8582499257	 3.0880031959	 2.1436910584
   30	6 	0	 2.5905895084	 2.1312768337	 1.1096567838
   31	1 	0	 3.4303700843	 2.7431695548	 1.4127697516
   32	6 	0	-1.2677379801	 0.4242374736	-3.1933565678
   33	1 	0	 0.5235608765	 0.9540619405	-2.0857807251
   34	1 	0	-1.0221857637	 1.1941245848	-3.9091684132
   35	1 	0	-0.7957551697	-0.5442514093	-3.3228984083
   36	1 	0	-2.2204210701	 0.4476205249	-2.7165389249
   37	6 	0	 1.4215191093	-2.2571682786	 1.9594860798
   38	1 	0	 0.7571821422	-4.1574709359	-2.5997180574
   39	1 	0	-1.8931521927	-4.1434149839	-2.0445483952
   40	1 	0	-5.1616874319	-0.8265670755	 0.3059867546
   41	1 	0	-4.8928802510	 1.5686681851	 1.5400245925
   42	1 	0	-0.8594907746	 4.5943227017	 2.8698458933
   43	1 	0	 1.8289366902	 4.4321479643	 2.5836922130
   44	1 	0	 5.0814339456	 1.1750490632	 0.1470181403
   45	1 	0	 4.7936389149	-1.0687779434	-1.3431951357
   46	1 	0	 1.4884812388	-2.8042231118	 2.9047412864
   47	1 	0	 1.1447734960	-2.9588418319	 1.1758017591
   48	1 	0	 2.3984734796	-1.8283659367	 1.7451780953
---------------------------------------------------------------------
SCF Done:  E(scf) =  -2805.8232588231     A.U.

IRC-IRC-IRC-IRC-IRC-IRC-IRC-IRC-IRC-IRC-IRC-IRC-IRC-IRC-IRC-IRC-IRC-IRC
Pt 16 Step number   1 out of a maximum of  1
NET REACTION COORDINATE UP TO THIS POINT =        16.0000000000

IRC-IRC-IRC-IRC-IRC-IRC-IRC-IRC-IRC-IRC-IRC-IRC-IRC-IRC-IRC-IRC-IRC-IRC
                         Input orientation:
---------------------------------------------------------------------
Center     Atomic      Atomic             Coordinates (Angstroms)
Number     Number       Type             X           Y           Z
---------------------------------------------------------------------
    1	16	0	 0.1708845449	-1.0006438746	 2.2212375981
    2	8 	0	-0.2889621710	 1.1897839134	-1.6091230472
    3	26	0	-0.0413113223	 0.1709844498	 0.2155220440
    4	7 	0	-0.2410776166	-1.5519471158	-0.8054454733
    5	7 	0	-2.0320599098	 0.2652122611	 0.4734675421
    6	7 	0	 0.1574572881	 1.9183503508	 1.1779592357
    7	7 	0	 1.9398992845	 0.1304631189	-0.1385564037
    8	6 	0	 0.7404594878	-2.2597991843	-1.4397050085
    9	6 	0	 0.1881381862	-3.4389378338	-2.0431113625
   10	6 	0	-1.1382589983	-3.4383711700	-1.7565213268
   11	6 	0	-1.3973029841	-2.2529675088	-0.9928318426
   12	6 	0	-2.9469835855	-0.6843837283	 0.1072639456
   13	6 	0	-4.2674454368	-0.2720883631	 0.4977158351
   14	6 	0	-4.1371086200	 0.9312285143	 1.1040693850
   15	6 	0	-2.7366699236	 1.2505743603	 1.0914004063
   16	6 	0	-0.8364589005	 2.6854702886	 1.7057858371
   17	6 	0	-0.2811978548	 3.8464138540	 2.3494085107
   18	6 	0	 1.0604460470	 3.7633819984	 2.2108530077
   19	6 	0	 1.3273422453	 2.5568297399	 1.4737143982
   20	6 	0	 2.8697050838	 1.0124430704	 0.3379932944
   21	6 	0	 4.1816143567	 0.6304546807	-0.0947382238
   22	6 	0	 4.0365135978	-0.4923608660	-0.8428111423
   23	6 	0	 2.6373893426	-0.8028003068	-0.8554567761
   24	6 	0	 2.0824396086	-1.9116940794	-1.4824416182
   25	1 	0	 2.7534808864	-2.5664405571	-2.0227868058
   26	6 	0	-2.6595119897	-1.8595119302	-0.5615924920
   27	1 	0	-3.4880170498	-2.5182027773	-0.7901377602
   28	6 	0	-2.1877666299	 2.3914226204	 1.6600263079
   29	1 	0	-2.8680446593	 3.0935637083	 2.1235887872
   30	6 	0	 2.5903943196	 2.1358434537	 1.1014114882
   31	1 	0	 3.4294375526	 2.7501350097	 1.4044599071
   32	6 	0	-1.2464545567	 0.4912734515	-3.1172440950
   33	1 	0	 0.6254827454	 1.0019848714	-2.0774066125
   34	1 	0	-1.0327926780	 1.2354711128	-3.8733284867
   35	1 	0	-0.8024733663	-0.4898121437	-3.2765325508
   36	1 	0	-2.2116392069	 0.5030509136	-2.6649165760
   37	6 	0	 1.4145535199	-2.2844855649	 1.9643044725
   38	1 	0	 0.7601275260	-4.1673619625	-2.5984596252
   39	1 	0	-1.8907451024	-4.1610924241	-2.0375203715
   40	1 	0	-5.1665259549	-0.8421039111	 0.3127916744
   41	1 	0	-4.9024251843	 1.5641234997	 1.5294904629
   42	1 	0	-0.8685294694	 4.6074417305	 2.8431600279
   43	1 	0	 1.8219234473	 4.4448256545	 2.5633732577
   44	1 	0	 5.0850740099	 1.1751708496	 0.1408992573
   45	1 	0	 4.7964512714	-1.0712238186	-1.3474880291
   46	1 	0	 1.5020847143	-2.8321262843	 2.9084844180
   47	1 	0	 1.1098998920	-2.9831961545	 1.1885266541
   48	1 	0	 2.3885642126	-1.8643459170	 1.7212478743
---------------------------------------------------------------------
SCF Done:  E(scf) =  -2805.8501655295     A.U.

IRC-IRC-IRC-IRC-IRC-IRC-IRC-IRC-IRC-IRC-IRC-IRC-IRC-IRC-IRC-IRC-IRC-IRC
Pt 17 Step number   1 out of a maximum of  1
NET REACTION COORDINATE UP TO THIS POINT =        17.0000000000

IRC-IRC-IRC-IRC-IRC-IRC-IRC-IRC-IRC-IRC-IRC-IRC-IRC-IRC-IRC-IRC-IRC-IRC
                         Input orientation:
---------------------------------------------------------------------
Center     Atomic      Atomic             Coordinates (Angstroms)
Number     Number       Type             X           Y           Z
---------------------------------------------------------------------
    1	16	0	 0.1845402414	-1.0114986865	 2.2533729910
    2	8 	0	-0.2810328744	 1.1913379338	-1.6863987866
    3	26	0	-0.0408635721	 0.1510488378	 0.2413907114
    4	7 	0	-0.2429108182	-1.5619739263	-0.8026885156
    5	7 	0	-2.0371162114	 0.2586591450	 0.4677169174
    6	7 	0	 0.1542523988	 1.9180961447	 1.1707212238
    7	7 	0	 1.9398468723	 0.1328605231	-0.1481379835
    8	6 	0	 0.7407403103	-2.2684624929	-1.4389198832
    9	6 	0	 0.1904965293	-3.4503796230	-2.0400696349
   10	6 	0	-1.1377391988	-3.4536719731	-1.7506198169
   11	6 	0	-1.3992030455	-2.2679091444	-0.9871959748
   12	6 	0	-2.9518417662	-0.6969228776	 0.1092469271
   13	6 	0	-4.2728858144	-0.2845132888	 0.4984811029
   14	6 	0	-4.1443554737	 0.9259390519	 1.0965141733
   15	6 	0	-2.7442520782	 1.2483448706	 1.0811752872
   16	6 	0	-0.8435083243	 2.6890269027	 1.6922379082
   17	6 	0	-0.2897673812	 3.8547070443	 2.3288350705
   18	6 	0	 1.0548771464	 3.7715699694	 2.1935813467
   19	6 	0	 1.3247893901	 2.5606961027	 1.4647252046
   20	6 	0	 2.8714736325	 1.0162310843	 0.3300295525
   21	6 	0	 4.1838284043	 0.6322059619	-0.1018875555
   22	6 	0	 4.0384427879	-0.4932804539	-0.8499546234
   23	6 	0	 2.6387419736	-0.8041062449	-0.8628353942
   24	6 	0	 2.0834373714	-1.9167956957	-1.4858740989
   25	1 	0	 2.7550409247	-2.5730225222	-2.0257666743
   26	6 	0	-2.6626633270	-1.8764252319	-0.5549434917
   27	1 	0	-3.4906904984	-2.5390119427	-0.7787333948
   28	6 	0	-2.1960053491	 2.3938749478	 1.6441963056
   29	1 	0	-2.8783716307	 3.0992297850	 2.1027063650
   30	6 	0	 2.5904488671	 2.1404893019	 1.0925810996
   31	1 	0	 3.4290429497	 2.7571214035	 1.3960060087
   32	6 	0	-1.2123614372	 0.5624517231	-3.0340362907
   33	1 	0	 0.6967753946	 1.0484954063	-2.0722592602
   34	1 	0	-1.0405661124	 1.2776687563	-3.8361730828
   35	1 	0	-0.8077022724	-0.4342231075	-3.2310204185
   36	1 	0	-2.1942859174	 0.5629807430	-2.6085736678
   37	6 	0	 1.4068216252	-2.3122957600	 1.9706065150
   38	1 	0	 0.7633712719	-4.1782523929	-2.5977598910
   39	1 	0	-1.8884477481	-4.1804242731	-2.0304748040
   40	1 	0	-5.1721827279	-0.8585929975	 0.3198380666
   41	1 	0	-4.9128036416	 1.5594302140	 1.5187069600
   42	1 	0	-0.8780281595	 4.6211200480	 2.8159029411
   43	1 	0	 1.8151083230	 4.4580055453	 2.5429328659
   44	1 	0	 5.0895819390	 1.1751784584	 0.1347169647
   45	1 	0	 4.8002939316	-1.0742381709	-1.3522185686
   46	1 	0	 1.5170519688	-2.8626872549	 2.9119430952
   47	1 	0	 1.0730073772	-3.0070283025	 1.2018402961
   48	1 	0	 2.3775737488	-1.9010535416	 1.6965359115
---------------------------------------------------------------------
SCF Done:  E(scf) =  -2805.8766422810     A.U.

IRC-IRC-IRC-IRC-IRC-IRC-IRC-IRC-IRC-IRC-IRC-IRC-IRC-IRC-IRC-IRC-IRC-IRC
Pt 18 Step number   1 out of a maximum of  1
NET REACTION COORDINATE UP TO THIS POINT =        18.0000000000

IRC-IRC-IRC-IRC-IRC-IRC-IRC-IRC-IRC-IRC-IRC-IRC-IRC-IRC-IRC-IRC-IRC-IRC
                         Input orientation:
---------------------------------------------------------------------
Center     Atomic      Atomic             Coordinates (Angstroms)
Number     Number       Type             X           Y           Z
---------------------------------------------------------------------
    1	16	0	 0.1994684544	-1.0195181962	 2.2890075823
    2	8 	0	-0.2645801430	 1.2018881761	-1.7531345331
    3	26	0	-0.0399214146	 0.1294285744	 0.2678776772
    4	7 	0	-0.2450367550	-1.5715144559	-0.8008820698
    5	7 	0	-2.0418834764	 0.2508195516	 0.4620657986
    6	7 	0	 0.1509580684	 1.9178949447	 1.1618489234
    7	7 	0	 1.9398729126	 0.1341719327	-0.1570954779
    8	6 	0	 0.7411685235	-2.2765762545	-1.4387734935
    9	6 	0	 0.1929213678	-3.4623675560	-2.0376093031
   10	6 	0	-1.1372419326	-3.4698622874	-1.7451881871
   11	6 	0	-1.4014120952	-2.2826258808	-0.9819500788
   12	6 	0	-2.9561337271	-0.7102638865	 0.1111489949
   13	6 	0	-4.2787575660	-0.2976392640	 0.4990054818
   14	6 	0	-4.1520436815	 0.9203827266	 1.0884523462
   15	6 	0	-2.7513054974	 1.2458775188	 1.0703151174
   16	6 	0	-0.8508222979	 2.6924074426	 1.6767420538
   17	6 	0	-0.2987539597	 3.8633941478	 2.3071895370
   18	6 	0	 1.0494177980	 3.7801001940	 2.1755979539
   19	6 	0	 1.3221311386	 2.5643458829	 1.4542242573
   20	6 	0	 2.8726405146	 1.0194607585	 0.3219476699
   21	6 	0	 4.1865784399	 0.6337017755	-0.1094338821
   22	6 	0	 4.0409804822	-0.4946561542	-0.8575879809
   23	6 	0	 2.6396104110	-0.8061256487	-0.8704161080
   24	6 	0	 2.0842752215	-1.9217401132	-1.4897005084
   25	1 	0	 2.7566958304	-2.5801350221	-2.0292736547
   26	6 	0	-2.6655857704	-1.8941878733	-0.5482808897
   27	1 	0	-3.4934641364	-2.5612276506	-0.7668962614
   28	6 	0	-2.2045015738	 2.3961006280	 1.6271811245
   29	1 	0	-2.8892184134	 3.1049836681	 2.0809970889
   30	6 	0	 2.5905484394	 2.1450953062	 1.0831211816
   31	1 	0	 3.4291730742	 2.7639897987	 1.3874128886
   32	6 	0	-1.1681450238	 0.6345810666	-2.9510399727
   33	1 	0	 0.7370882439	 1.0921279913	-2.0706495932
   34	1 	0	-1.0451359038	 1.3209043994	-3.7974009604
   35	1 	0	-0.8115391912	-0.3781728385	-3.1868523192
   36	1 	0	-2.1670423814	 0.6279028327	-2.5464754607
   37	6 	0	 1.3980645552	-2.3401013840	 1.9781609226
   38	1 	0	 0.7669577743	-4.1901680710	-2.5977664068
   39	1 	0	-1.8863043628	-4.2014083116	-2.0234108694
   40	1 	0	-5.1786060785	-0.8761316182	 0.3270554019
   41	1 	0	-4.9239734933	 1.5546211268	 1.5076942905
   42	1 	0	-0.8880615595	 4.6352933743	 2.7880774993
   43	1 	0	 1.8086118053	 4.4715575006	 2.5223900368
   44	1 	0	 5.0948893448	 1.1751051537	 0.1285476034
   45	1 	0	 4.8052013053	-1.0779263352	-1.3574410720
   46	1 	0	 1.5327085417	-2.8952796053	 2.9148841515
   47	1 	0	 1.0340329452	-3.0300820869	 1.2154242995
   48	1 	0	 2.3654752429	-1.9384259786	 1.6708892001
---------------------------------------------------------------------
SCF Done:  E(scf) =  -2805.9001961763     A.U.

IRC-IRC-IRC-IRC-IRC-IRC-IRC-IRC-IRC-IRC-IRC-IRC-IRC-IRC-IRC-IRC-IRC-IRC
Pt 19 Step number   1 out of a maximum of  1
NET REACTION COORDINATE UP TO THIS POINT =        19.0000000000

IRC-IRC-IRC-IRC-IRC-IRC-IRC-IRC-IRC-IRC-IRC-IRC-IRC-IRC-IRC-IRC-IRC-IRC
                         Input orientation:
---------------------------------------------------------------------
Center     Atomic      Atomic             Coordinates (Angstroms)
Number     Number       Type             X           Y           Z
---------------------------------------------------------------------
    1	16	0	 0.2157001865	-1.0235074338	 2.3270105908
    2	8 	0	-0.2378777029	 1.2244231872	-1.7968366090
    3	26	0	-0.0385667123	 0.1072917190	 0.2924848864
    4	7 	0	-0.2474045951	-1.5803743335	-0.8000070225
    5	7 	0	-2.0461203880	 0.2415271853	 0.4566056518
    6	7 	0	 0.1474505952	 1.9175064185	 1.1512440636
    7	7 	0	 1.9398864375	 0.1340799820	-0.1652362927
    8	6 	0	 0.7419214231	-2.2838975967	-1.4391790156
    9	6 	0	 0.1952860553	-3.4749395620	-2.0358108963
   10	6 	0	-1.1365475623	-3.4870007285	-1.7403015430
   11	6 	0	-1.4038290889	-2.2967307469	-0.9770664843
   12	6 	0	-2.9594276407	-0.7244116429	 0.1129208064
   13	6 	0	-4.2850026482	-0.3114241629	 0.4993109369
   14	6 	0	-4.1601768904	 0.9144332224	 1.0798067176
   15	6 	0	-2.7574343208	 1.2431244077	 1.0587352883
   16	6 	0	-0.8583439735	 2.6952821669	 1.6589361872
   17	6 	0	-0.3080644036	 3.8724561715	 2.2843746910
   18	6 	0	 1.0440106032	 3.7889152078	 2.1568769791
   19	6 	0	 1.3192399292	 2.5673947246	 1.4418752935
   20	6 	0	 2.8727931452	 1.0218722439	 0.3137080916
   21	6 	0	 4.1898353698	 0.6347806748	-0.1173859538
   22	6 	0	 4.0441716234	-0.4965430904	-0.8656374722
   23	6 	0	 2.6396635850	-0.8089476263	-0.8781677388
   24	6 	0	 2.0847891381	-1.9264547288	-1.4938937787
   25	1 	0	 2.7584608179	-2.5877838913	-2.0333957011
   26	6 	0	-2.6679964675	-1.9127163533	-0.5415271950
   27	1 	0	-3.4961851377	-2.5848471889	-0.7546251716
   28	6 	0	-2.2132175414	 2.3979375380	 1.6088357256
   29	1 	0	-2.9005725812	 3.1108075997	 2.0584142562
   30	6 	0	 2.5904883247	 2.1495423946	 1.0729872981
   31	1 	0	 3.4298147248	 2.7706012576	 1.3786853786
   32	6 	0	-1.1164917188	 0.7044702607	-2.8755619587
   33	1 	0	 0.7460707132	 1.1314170728	-2.0728885363
   34	1 	0	-1.0461318890	 1.3653649259	-3.7567108785
   35	1 	0	-0.8140814258	-0.3223498747	-3.1445185612
   36	1 	0	-2.1285897788	 0.6983100024	-2.4775872153
   37	6 	0	 1.3880234394	-2.3674049570	 1.9867364104
   38	1 	0	 0.7709314274	-4.2031348410	-2.5986267250
   39	1 	0	-1.8843591797	-4.2240423200	-2.0163277446
   40	1 	0	-5.1857443342	-0.8948170567	 0.3343731509
   41	1 	0	-4.9358926098	 1.5497290366	 1.4964726612
   42	1 	0	-0.8987043839	 4.6498974294	 2.7596865690
   43	1 	0	 1.8025543818	 4.4853513841	 2.5017637698
   44	1 	0	 5.1009278394	 1.1749842000	 0.1224675143
   45	1 	0	 4.8112078024	-1.0823936461	-1.3632098572
   46	1 	0	 1.5483799725	-2.9292769174	 2.9170744208
   47	1 	0	 0.9929135899	-3.0521013185	 1.2289602793
   48	1 	0	 2.3522418496	-1.9764003959	 1.6441547332
---------------------------------------------------------------------
SCF Done:  E(scf) =  -2805.9164575371     A.U.

IRC-IRC-IRC-IRC-IRC-IRC-IRC-IRC-IRC-IRC-IRC-IRC-IRC-IRC-IRC-IRC-IRC-IRC
Pt 20 Step number   1 out of a maximum of  1
NET REACTION COORDINATE UP TO THIS POINT =        20.0000000000

IRC-IRC-IRC-IRC-IRC-IRC-IRC-IRC-IRC-IRC-IRC-IRC-IRC-IRC-IRC-IRC-IRC-IRC
                         Input orientation:
---------------------------------------------------------------------
Center     Atomic      Atomic             Coordinates (Angstroms)
Number     Number       Type             X           Y           Z
---------------------------------------------------------------------
    1	16	0	 0.2332664404	-1.0222714294	 2.3662512352
    2	8 	0	-0.1991992806	 1.2619315142	-1.8050113363
    3	26	0	-0.0368813272	 0.0858063308	 0.3127142839
    4	7 	0	-0.2499635064	-1.5883591879	-0.8000442602
    5	7 	0	-2.0495856293	 0.2306157503	 0.4514279435
    6	7 	0	 0.1436062776	 1.9166902338	 1.1388083733
    7	7 	0	 1.9397964791	 0.1322673057	-0.1723678337
    8	6 	0	 0.7431763048	-2.2901836472	-1.4400496257
    9	6 	0	 0.1974639460	-3.4881335702	-2.0347549435
   10	6 	0	-1.1354364509	-3.5051459117	-1.7360349900
   11	6 	0	-1.4063529825	-2.3098367714	-0.9725175212
   12	6 	0	-2.9612916798	-0.7393710347	 0.1145130191
   13	6 	0	-4.2915630175	-0.3258258598	 0.4994194331
   14	6 	0	-4.1687587475	 0.9079642229	 1.0705001014
   15	6 	0	-2.7622426879	 1.2400376404	 1.0463511915
   16	6 	0	-0.8660165034	 2.6973213341	 1.6384582218
   17	6 	0	-0.3176055263	 3.8818741223	 2.2602933133
   18	6 	0	 1.0385981635	 3.7979575461	 2.1373925723
   19	6 	0	 1.3159882002	 2.5694582719	 1.4273420504
   20	6 	0	 2.8715189395	 1.0232056913	 0.3052712627
   21	6 	0	 4.1935701001	 0.6352812131	-0.1257525209
   22	6 	0	 4.0480611540	-0.4989963859	-0.8740293546
   23	6 	0	 2.6385704261	-0.8126612859	-0.8860591080
   24	6 	0	 2.0848151003	-1.9308669395	-1.4984268416
   25	1 	0	 2.7603511019	-2.5959749643	-2.0382207683
   26	6 	0	-2.6696125655	-1.9319271706	-0.5346049167
   27	1 	0	-3.4987006758	-2.6098678452	-0.7419189372
   28	6 	0	-2.2221154890	 2.3992235541	 1.5890150698
   29	1 	0	-2.9124217078	 3.1166838220	 2.0349111639
   30	6 	0	 2.5900638116	 2.1537114949	 1.0621350126
   31	1 	0	 3.4309547000	 2.7768168429	 1.3698283107
   32	6 	0	-1.0600879245	 0.7689280836	-2.8149090663
   33	1 	0	 0.7233722224	 1.1648970970	-2.0792870145
   34	1 	0	-1.0431839048	 1.4112372198	-3.7138015961
   35	1 	0	-0.8154262796	-0.2674427541	-3.1045094524
   36	1 	0	-2.0776092893	 0.7746950717	-2.4008741923
   37	6 	0	 1.3764394076	-2.3937089991	 1.9961016937
   38	1 	0	 0.7753366258	-4.2171785468	-2.6004883974
   39	1 	0	-1.8826564319	-4.2483240788	-2.0092246064
   40	1 	0	-5.1935458225	-0.9147465965	 0.3417207846
   41	1 	0	-4.9485188614	 1.5447867422	 1.4850622788
   42	1 	0	-0.9100313472	 4.6648679333	 2.7307330165
   43	1 	0	 1.7970565404	 4.4992570597	 2.4810730641
   44	1 	0	 5.1076290350	 1.1748488616	 0.1165530384
   45	1 	0	 4.8183478325	-1.0877454385	-1.3695792419
   46	1 	0	 1.5633918006	-2.9640527727	 2.9182807367
   47	1 	0	 0.9495863050	-3.0728298083	 1.2421298500
   48	1 	0	 2.3378467239	-2.0149139613	 1.6161795039
---------------------------------------------------------------------
SCF Done:  E(scf) =  -2805.9226519482     A.U.

IRC-IRC-IRC-IRC-IRC-IRC-IRC-IRC-IRC-IRC-IRC-IRC-IRC-IRC-IRC-IRC-IRC-IRC
Pt 21 Step number   1 out of a maximum of  1
NET REACTION COORDINATE UP TO THIS POINT =        21.0000000000

IRC-IRC-IRC-IRC-IRC-IRC-IRC-IRC-IRC-IRC-IRC-IRC-IRC-IRC-IRC-IRC-IRC-IRC
Normal termination of Gaussian
