
-----------------------------------------------------------------------
# DirectMaxFlux/UMA, Energy(wB97M-V/def2-TZVPD)
-----------------------------------------------------------------------

IRC-IRC-IRC-IRC-IRC-IRC-IRC-IRC-IRC-IRC-IRC-IRC-IRC-IRC-IRC-IRC-IRC-IRC

Copyright (c) 2025
Computational Biology Laboratory＠the University of Tokyo
(https://www.bi.a.u-tokyo.ac.jp/)　All Rights Reserved.
   _____       _       _    ______                _   _
  /  __ \     | |     | |   | ___ \              | | (_)
  | /  \/ ___ | | __ _| |__ | |_/ /___  __ _  ___| |_ _  ___  _ __
  | |    / _ \| |/ _` | '_ \|    // _ \/ _` |/ __| __| |/ _ \| '_ \
  | \__/| (_) | | (_| | |_) | |\ |  __| (_| | (__| |_| | (_) | | | |
   \____/\___/|_|\__,_|_.__/\_| \_\___|\__,_|\___|\__|_|\___/|_| |_|

    ColabReaction   Embody the Invisible --- the Transition State

***********************************************************************
   14-July-2025  Created by Computational Biology Laboratory＠UTokyo
***********************************************************************

If you use ColabReaction in your research, please cite the following pu
blication:

1. Karasawa, M.; Leow, C. S.; Yajima, H.; Arai, S.; Nishizaki, H.; Tera
   da, T.; Sato H. ChemRxiv 2025. DOI: 10.26434/chemrxiv-2025-zvkqk

We also recommend citing the following references related to the underl
ying DMF/UMA methodology:

2. Nakano, M.; Karasawa, M.; Ohmura, T.; Terada, T.; Sato, H. ChemRxiv
   2025. DOI: 10.26434/chemrxiv-2025-md8k6-v2
3. Koda, S.; Saito, S. Locating Transition States by Variational Reacti
   on Path Optimization with an Energy-Derivative-Free Objective Functi
   on. J. Chem. Theory Comput. 2024, 20 (7), 2798-2811.
4. Koda, S.; Saito, S. Flat-Bottom Elastic Network Model for Generating
   Improved Plausible Reaction Paths. J. Chem. Theory Comput. 2024, 20
   (16), 7176-7187.
5. Koda, S.; Saito, S. Correlated Flat-Bottom Elastic Network Model for
   Improved Bond Rearrangement in Reaction Paths. J. Chem. Theory Compu
   t. 2025, 21 (7), 3513-3522.
6. Wood, B. M.; Dzamba, M.; Fu, X.; Gao, M.; Shuaibi, M.; Barroso-Luque
   , L.; Abdelmaqsoud, K.; Gharakhanyan, V.; Kitchin, J. R.; Levine, D.
   S.; et al. UMA: A Family of Universal Models for Atoms. arXiv prepri
   nt 2025, https://ai.meta.com/research/publications/uma-a-family-of-u
   niversal-models-for-atoms.
7. Levine, D. S.; Shuaibi, M.; Spotte-Smith, E. W. C.; Taylor, M. G.; H
   asyim, M. R.; Michel, K.; Batatia, I.; Csányi, G.; Dzamba, M.; Eastm
   an, P.; et al. The Open Molecules 2025 (OMol25) Dataset, Evaluations
   , and Models. arXiv preprint 2025, arXiv:2505.08762 [physics.chem-ph
   ].
8. fairchem; https://github.com/facebookresearch/fairchem


IRC-IRC-IRC-IRC-IRC-IRC-IRC-IRC-IRC-IRC-IRC-IRC-IRC-IRC-IRC-IRC-IRC-IRC
                         Input orientation:
---------------------------------------------------------------------
Center     Atomic      Atomic             Coordinates (Angstroms)
Number     Number       Type             X           Y           Z
---------------------------------------------------------------------
    1	6 	0	 1.4670996767	 1.6602026487	-1.1081585791
    2	8 	0	 1.8087213958	 0.9880648329	-2.3019779557
    3	6 	0	 0.3086148029	 1.3838935203	 1.4808154279
    4	6 	0	 2.2618129501	 1.1011274934	 0.0666534078
    5	6 	0	-0.0052683479	 1.6588689877	-0.9036735477
    6	6 	0	-1.6666079684	-1.3682248723	 1.1562649938
    7	6 	0	-2.3116594277	-1.0826526843	-0.0965021262
    8	6 	0	-0.0847897531	-1.4053708347	-1.2510735963
    9	1 	0	 0.4881206755	-1.3450806010	-2.1696210047
   10	6 	0	-1.5637101417	-1.3688217234	-1.3975332230
   11	6 	0	 0.4919353865	-1.7024575346	-0.0693292367
   12	6 	0	-0.3363459958	-1.6995313235	 1.1572443870
   13	8 	0	 0.2535551325	-1.9880912164	 2.3169543271
   14	8 	0	-3.4793855105	-0.6841301818	-0.1934222299
   15	6 	0	 1.9319674350	-2.0664950629	 0.0008593355
   16	8 	0	 2.4565397697	-2.3208852398	 1.0897965133
   17	6 	0	-1.9555363160	-2.8084243628	-1.8247054462
   18	1 	0	-1.4526846988	-3.0551430049	-2.7624502381
   19	1 	0	-1.6827907423	-3.5402763078	-1.0610456094
   20	1 	0	-3.0384680349	-2.8340268798	-1.9774110359
   21	6 	0	 1.8487616493	 3.1590812094	-1.2236642949
   22	1 	0	 1.6072805663	 3.7038788480	-0.3080703539
   23	1 	0	 2.9251779841	 3.2247340191	-1.4080350165
   24	1 	0	 1.3107025630	 3.6035940581	-2.0638582500
   25	6 	0	-2.4677262388	-1.2424622323	 2.4184563632
   26	1 	0	-1.8293086619	-1.2835659387	 3.3010655066
   27	1 	0	-3.0091726754	-0.2929480635	 2.4285986825
   28	1 	0	-3.2106551544	-2.0439626534	 2.4941064627
   29	8 	0	 3.4284490764	 0.7554220882	-0.1527000438
   30	8 	0	-1.9521585800	-0.4543985980	-2.3999315626
   31	1 	0	-2.9066580108	-0.3379655371	-2.2750116993
   32	6 	0	-2.0101456670	 2.0430893810	 0.4693184874
   33	8 	0	-2.5821996012	 2.0323997426	 1.5496249233
   34	1 	0	 1.2108891018	-2.1660484848	 2.1318668740
   35	6 	0	 2.4539577245	 0.6613630545	 2.5608787236
   36	1 	0	 2.6229447023	 1.4994647876	 3.2474304677
   37	1 	0	 1.9708044349	-0.1466712289	 3.1214707285
   38	1 	0	 3.4280482259	 0.2975543636	 2.2318940678
   39	1 	0	-0.5967109443	 1.8187155678	-1.7974201401
   40	6 	0	-2.7457356027	 2.5021089827	-0.7644257218
   41	1 	0	-2.7240279135	 1.7400093880	-1.5457421561
   42	1 	0	-3.7797701956	 2.7096061684	-0.4896746033
   43	1 	0	-2.2841130756	 3.4091863795	-1.1656084500
   44	6 	0	 2.7279617291	-2.1944640133	-1.2605035395
   45	1 	0	 2.6375275872	-1.2997006411	-1.8779421393
   46	1 	0	 3.7730202137	-2.3634878534	-1.0029106200
   47	1 	0	 2.3503853720	-3.0429684275	-1.8397918229
   48	6 	0	-0.5621386140	 1.6757098410	 0.3249628373
   49	6 	0	 1.6412152387	 1.0754281931	 1.3660147043
   50	1 	0	 2.7704087573	 0.8751246714	-2.2634747126
   51	8 	0	-0.2902222391	 1.3841861130	 2.6745652036
   52	1 	0	 0.3520879601	 1.1754411621	 3.3668265311
---------------------------------------------------------------------
SCF Done:  E(scf) =  -1378.4330856086     A.U.

IRC-IRC-IRC-IRC-IRC-IRC-IRC-IRC-IRC-IRC-IRC-IRC-IRC-IRC-IRC-IRC-IRC-IRC
Pt 0 Step number   1 out of a maximum of  1
NET REACTION COORDINATE UP TO THIS POINT =         0.0000000000

IRC-IRC-IRC-IRC-IRC-IRC-IRC-IRC-IRC-IRC-IRC-IRC-IRC-IRC-IRC-IRC-IRC-IRC
                         Input orientation:
---------------------------------------------------------------------
Center     Atomic      Atomic             Coordinates (Angstroms)
Number     Number       Type             X           Y           Z
---------------------------------------------------------------------
    1	6 	0	 1.4659781034	 1.6399184297	-1.1006488845
    2	8 	0	 1.8249195951	 0.9742867923	-2.2953582275
    3	6 	0	 0.3194941318	 1.3746152877	 1.4856996875
    4	6 	0	 2.2692255912	 1.0869090143	 0.0732616217
    5	6 	0	-0.0067337312	 1.6708226234	-0.9001459170
    6	6 	0	-1.6696563964	-1.3467247683	 1.1478273724
    7	6 	0	-2.3135015272	-1.0721593584	-0.1075867722
    8	6 	0	-0.0782748510	-1.4232394055	-1.2700910105
    9	1 	0	 0.5024515137	-1.2958481914	-2.1697541894
   10	6 	0	-1.5547206154	-1.3531408606	-1.4068387997
   11	6 	0	 0.4913335586	-1.6948913890	-0.0765629577
   12	6 	0	-0.3436374734	-1.6889483193	 1.1506504425
   13	8 	0	 0.2438692422	-1.9812660155	 2.3103879267
   14	8 	0	-3.4778366662	-0.6917244100	-0.2120203129
   15	6 	0	 1.9251464660	-2.0796829664	-0.0056920033
   16	8 	0	 2.4414424921	-2.3596469565	 1.0743005568
   17	6 	0	-1.9300033278	-2.7948677180	-1.8337914578
   18	1 	0	-1.4152755308	-3.0299252492	-2.7676366772
   19	1 	0	-1.6434423512	-3.5176985732	-1.0683387735
   20	1 	0	-3.0084746538	-2.8360613928	-1.9912786860
   21	6 	0	 1.8241023088	 3.1434078293	-1.2114435098
   22	1 	0	 1.5580919917	 3.6762206732	-0.2969465970
   23	1 	0	 2.8964014837	 3.2339447140	-1.3903321149
   24	1 	0	 1.2753138695	 3.5725390610	-2.0518547652
   25	6 	0	-2.4659977686	-1.2000156551	 2.4089318190
   26	1 	0	-1.8217220537	-1.2256156383	 3.2861170741
   27	1 	0	-3.0062993637	-0.2511711170	 2.4065670481
   28	1 	0	-3.2026979168	-2.0028683457	 2.4904511361
   29	8 	0	 3.4281522179	 0.7386995983	-0.1511841376
   30	8 	0	-1.9505201804	-0.4443509179	-2.4130767286
   31	1 	0	-2.9099093849	-0.3441637867	-2.2944775586
   32	6 	0	-2.0002169239	 2.0545427587	 0.4821117129
   33	8 	0	-2.5401627906	 2.1295060522	 1.5760819655
   34	1 	0	 1.1942883706	-2.1868043492	 2.1208298487
   35	6 	0	 2.4672021208	 0.6797924501	 2.5717647829
   36	1 	0	 2.6260655311	 1.5290245866	 3.2455266214
   37	1 	0	 1.9964060416	-0.1267252815	 3.1435465296
   38	1 	0	 3.4450657558	 0.3260373005	 2.2463802363
   39	1 	0	-0.6036964116	 1.7605634767	-1.7921814834
   40	6 	0	-2.7649603931	 2.4639657525	-0.7504761102
   41	1 	0	-2.7103681195	 1.7176373887	-1.5378873192
   42	1 	0	-3.8052873378	 2.6206003006	-0.4695570004
   43	1 	0	-2.3542229304	 3.3990626706	-1.1415622715
   44	6 	0	 2.7136057191	-2.2180691002	-1.2718757332
   45	1 	0	 2.6465040661	-1.3144237854	-1.8758844419
   46	1 	0	 3.7509828353	-2.4215636489	-1.0185052552
   47	1 	0	 2.3085909431	-3.0451867823	-1.8598952682
   48	6 	0	-0.5589729150	 1.6703938904	 0.3319770994
   49	6 	0	 1.6492749576	 1.0714347204	 1.3726352505
   50	1 	0	 2.7883360195	 0.8644644782	-2.2407776638
   51	8 	0	-0.2811994168	 1.3701240835	 2.6782917993
   52	1 	0	 0.3655461051	 1.1782700492	 3.3703220967
---------------------------------------------------------------------
SCF Done:  E(scf) =  -1378.4321775049     A.U.

IRC-IRC-IRC-IRC-IRC-IRC-IRC-IRC-IRC-IRC-IRC-IRC-IRC-IRC-IRC-IRC-IRC-IRC
Pt 1 Step number   1 out of a maximum of  1
NET REACTION COORDINATE UP TO THIS POINT =         1.0000000000

IRC-IRC-IRC-IRC-IRC-IRC-IRC-IRC-IRC-IRC-IRC-IRC-IRC-IRC-IRC-IRC-IRC-IRC
                         Input orientation:
---------------------------------------------------------------------
Center     Atomic      Atomic             Coordinates (Angstroms)
Number     Number       Type             X           Y           Z
---------------------------------------------------------------------
    1	6 	0	 1.4644483457	 1.6148319389	-1.0963522070
    2	8 	0	 1.8420304458	 0.9601633752	-2.2911589659
    3	6 	0	 0.3272712581	 1.3628600005	 1.4880036380
    4	6 	0	 2.2738519014	 1.0705113942	 0.0770599329
    5	6 	0	-0.0097230585	 1.6606739952	-0.8967284002
    6	6 	0	-1.6734581485	-1.3317375943	 1.1405797166
    7	6 	0	-2.3138129683	-1.0565741764	-0.1169526292
    8	6 	0	-0.0698337479	-1.4159385729	-1.2787571511
    9	1 	0	 0.5178114482	-1.2353296352	-2.1650129059
   10	6 	0	-1.5455596550	-1.3304003286	-1.4132784004
   11	6 	0	 0.4910802403	-1.6768727818	-0.0825986008
   12	6 	0	-0.3526763104	-1.6762225551	 1.1461997592
   13	8 	0	 0.2359760524	-1.9718055025	 2.3061042373
   14	8 	0	-3.4763665612	-0.6859767909	-0.2296886448
   15	6 	0	 1.9196681879	-2.0837200832	-0.0110753200
   16	8 	0	 2.4292166894	-2.3847163566	 1.0621519173
   17	6 	0	-1.8984020698	-2.7777627455	-1.8365587206
   18	1 	0	-1.3719709424	-3.0033769253	-2.7655825966
   19	1 	0	-1.5997243751	-3.4891553035	-1.0668075143
   20	1 	0	-2.9732544621	-2.8362553476	-1.9999345610
   21	6 	0	 1.7954151620	 3.1243571149	-1.2009388643
   22	1 	0	 1.5067769111	 3.6439878887	-0.2871014682
   23	1 	0	 2.8642602371	 3.2399494301	-1.3744849562
   24	1 	0	 1.2370468411	 3.5387847667	-2.0415651941
   25	6 	0	-2.4668510440	-1.1622210095	 2.3999222862
   26	1 	0	-1.8172973015	-1.1730055848	 3.2723523206
   27	1 	0	-3.0043689219	-0.2123388984	 2.3833510322
   28	1 	0	-3.2011149619	-1.9636245989	 2.4905730290
   29	8 	0	 3.4281449209	 0.7203628602	-0.1510970187
   30	8 	0	-1.9520397456	-0.4345732226	-2.4257931280
   31	1 	0	-2.9139443252	-0.3461706409	-2.3068040439
   32	6 	0	-1.9886383295	 2.0663175928	 0.4928639823
   33	8 	0	-2.4946550638	 2.2208042958	 1.5925639243
   34	1 	0	 1.1808036352	-2.1967174399	 2.1127122164
   35	6 	0	 2.4775083249	 0.6893473496	 2.5782132722
   36	1 	0	 2.6259276053	 1.5477349075	 3.2417559756
   37	1 	0	 2.0194167045	-0.1174031169	 3.1587260764
   38	1 	0	 3.4590622482	 0.3466961254	 2.2547626766
   39	1 	0	-0.6111990836	 1.6943091982	-1.7904693500
   40	6 	0	-2.7789815785	 2.4273638523	-0.7380728106
   41	1 	0	-2.6887044288	 1.6998347617	-1.5336203840
   42	1 	0	-3.8226846032	 2.5269305737	-0.4521036592
   43	1 	0	-2.4241797556	 3.3882536455	-1.1168824626
   44	6 	0	 2.6981241206	-2.2363035813	-1.2816229501
   45	1 	0	 2.6538944379	-1.3274380365	-1.8775689464
   46	1 	0	 3.7280324102	-2.4726431685	-1.0337072779
   47	1 	0	 2.2655035353	-3.0447494736	-1.8737332037
   48	6 	0	-0.5527678012	 1.6627852500	 0.3326469354
   49	6 	0	 1.6545990227	 1.0618692416	 1.3761529427
   50	1 	0	 2.8063584389	 0.8556321006	-2.2212837333
   51	8 	0	-0.2747291664	 1.3537938658	 2.6802441453
   52	1 	0	 0.3747092849	 1.1648779463	 3.3703960524
---------------------------------------------------------------------
SCF Done:  E(scf) =  -1378.4292579782     A.U.

IRC-IRC-IRC-IRC-IRC-IRC-IRC-IRC-IRC-IRC-IRC-IRC-IRC-IRC-IRC-IRC-IRC-IRC
Pt 2 Step number   1 out of a maximum of  1
NET REACTION COORDINATE UP TO THIS POINT =         2.0000000000

IRC-IRC-IRC-IRC-IRC-IRC-IRC-IRC-IRC-IRC-IRC-IRC-IRC-IRC-IRC-IRC-IRC-IRC
                         Input orientation:
---------------------------------------------------------------------
Center     Atomic      Atomic             Coordinates (Angstroms)
Number     Number       Type             X           Y           Z
---------------------------------------------------------------------
    1	6 	0	 1.4624365273	 1.5868752001	-1.0945372315
    2	8 	0	 1.8596321583	 0.9466224390	-2.2890372087
    3	6 	0	 0.3320484592	 1.3487298066	 1.4886123738
    4	6 	0	 2.2762457963	 1.0527842792	 0.0786142787
    5	6 	0	-0.0134878452	 1.6283847114	-0.8940591488
    6	6 	0	-1.6764281551	-1.3179494624	 1.1340273861
    7	6 	0	-2.3129568567	-1.0372507903	-0.1253693721
    8	6 	0	-0.0606031898	-1.3849365804	-1.2789077664
    9	1 	0	 0.5329062471	-1.1688264665	-2.1569280281
   10	6 	0	-1.5364922334	-1.3030727015	-1.4178509000
   11	6 	0	 0.4913748576	-1.6512028737	-0.0867985178
   12	6 	0	-0.3612122089	-1.6613865564	 1.1428216989
   13	8 	0	 0.2291793648	-1.9615017450	 2.3031582833
   14	8 	0	-3.4753061585	-0.6721057269	-0.2458832055
   15	6 	0	 1.9147240076	-2.0815252300	-0.0154040438
   16	8 	0	 2.4188537008	-2.3998965905	 1.0528914593
   17	6 	0	-1.8627208879	-2.7582338885	-1.8348553568
   18	1 	0	-1.3253496295	-2.9766293641	-2.7586642353
   19	1 	0	-1.5538072464	-3.4571872772	-1.0592683085
   20	1 	0	-2.9345568405	-2.8351556748	-2.0047080043
   21	6 	0	 1.7637598223	 3.1030229329	-1.1918010451
   22	1 	0	 1.4548657354	 3.6094269420	-0.2783236752
   23	1 	0	 2.8296550272	 3.2432975496	-1.3600673107
   24	1 	0	 1.1974602179	 3.5041461217	-2.0328176561
   25	6 	0	-2.4686754653	-1.1275384585	 2.3910850554
   26	1 	0	-1.8150474358	-1.1252123962	 3.2598331678
   27	1 	0	-3.0035338185	-0.1762206673	 2.3604099668
   28	1 	0	-3.2026451902	-1.9264335622	 2.4916958836
   29	8 	0	 3.4283057620	 0.7014466483	-0.1516328460
   30	8 	0	-1.9561280782	-0.4251220503	-2.4382063831
   31	1 	0	-2.9187595759	-0.3452966771	-2.3141499838
   32	6 	0	-1.9755682524	 2.0775164169	 0.5014199039
   33	8 	0	-2.4462036339	 2.3058733129	 1.6005216725
   34	1 	0	 1.1697334965	-2.1993578068	 2.1070655572
   35	6 	0	 2.4854047506	 0.6925705262	 2.5813391192
   36	1 	0	 2.6234084129	 1.5584174989	 3.2368378156
   37	1 	0	 2.0398100293	-0.1156209302	 3.1686129287
   38	1 	0	 3.4704611772	 0.3614066986	 2.2585719998
   39	1 	0	-0.6183957932	 1.6246631711	-1.7909438127
   40	6 	0	-2.7888533926	 2.3929523966	-0.7269371195
   41	1 	0	-2.6624331424	 1.6860351300	-1.5320820798
   42	1 	0	-3.8331691527	 2.4320882399	-0.4362660689
   43	1 	0	-2.4926914396	 3.3770485542	-1.0918578114
   44	6 	0	 2.6819036680	-2.2504004114	-1.2899147700
   45	1 	0	 2.6597881525	-1.3389218579	-1.8815925897
   46	1 	0	 3.7046266249	-2.5176503753	-1.0481906793
   47	1 	0	 2.2223714479	-3.0423287554	-1.8830026532
   48	6 	0	-0.5457371081	 1.6495574235	 0.3296259829
   49	6 	0	 1.6576017983	 1.0483985809	 1.3774825638
   50	1 	0	 2.8240915521	 0.8481813495	-2.2045237587
   51	8 	0	-0.2703388425	 1.3364304652	 2.6813429269
   52	1 	0	 0.3804527794	 1.1410884814	 3.3686115463
---------------------------------------------------------------------
SCF Done:  E(scf) =  -1378.4261919381     A.U.

IRC-IRC-IRC-IRC-IRC-IRC-IRC-IRC-IRC-IRC-IRC-IRC-IRC-IRC-IRC-IRC-IRC-IRC
Pt 3 Step number   1 out of a maximum of  1
NET REACTION COORDINATE UP TO THIS POINT =         3.0000000000

IRC-IRC-IRC-IRC-IRC-IRC-IRC-IRC-IRC-IRC-IRC-IRC-IRC-IRC-IRC-IRC-IRC-IRC
                         Input orientation:
---------------------------------------------------------------------
Center     Atomic      Atomic             Coordinates (Angstroms)
Number     Number       Type             X           Y           Z
---------------------------------------------------------------------
    1	6 	0	 1.4598687719	 1.5579802367	-1.0944726425
    2	8 	0	 1.8773029426	 0.9345918410	-2.2886499938
    3	6 	0	 0.3339280125	 1.3323268541	 1.4884109890
    4	6 	0	 2.2769611915	 1.0345773152	 0.0784905966
    5	6 	0	-0.0172796067	 1.5739163806	-0.8927763142
    6	6 	0	-1.6769813471	-1.3000464843	 1.1276757404
    7	6 	0	-2.3112962981	-1.0155428525	-0.1336066759
    8	6 	0	-0.0517199225	-1.3317016714	-1.2723786046
    9	1 	0	 0.5464416783	-1.1016402194	-2.1470304301
   10	6 	0	-1.5277833236	-1.2736305531	-1.4215551735
   11	6 	0	 0.4924168365	-1.6206828251	-0.0885250607
   12	6 	0	-0.3669948713	-1.6444728487	 1.1394456237
   13	8 	0	 0.2227829813	-1.9521468107	 2.3006050890
   14	8 	0	-3.4749864211	-0.6553296200	-0.2600599751
   15	6 	0	 1.9095053323	-2.0760172231	-0.0187916037
   16	8 	0	 2.4093448653	-2.4089908090	 1.0460600470
   17	6 	0	-1.8249481281	-2.7374055903	-1.8305294890
   18	1 	0	-1.2779902875	-2.9508138971	-2.7492578321
   19	1 	0	-1.5078613974	-3.4243352727	-1.0485376331
   20	1 	0	-2.8941311702	-2.8333093050	-2.0069283596
   21	6 	0	 1.7301959029	 3.0804991500	-1.1836807386
   22	1 	0	 1.4038888755	 3.5747842812	-0.2704019251
   23	1 	0	 2.7934866369	 3.2445384548	-1.3466529488
   24	1 	0	 1.1581127402	 3.4704380722	-2.0254402705
   25	6 	0	-2.4698604323	-1.0944281649	 2.3820774172
   26	1 	0	-1.8139854871	-1.0817126903	 3.2486215370
   27	1 	0	-3.0039465225	-0.1425856836	 2.3392031838
   28	1 	0	-3.2040275019	-1.8914973845	 2.4910434424
   29	8 	0	 3.4285133177	 0.6829857370	-0.1519857786
   30	8 	0	-1.9621959806	-0.4160539391	-2.4504421159
   31	1 	0	-2.9243518817	-0.3428524724	-2.3186742067
   32	6 	0	-1.9611650610	 2.0872417645	 0.5076240863
   33	8 	0	-2.3953357139	 2.3842919430	 1.6014060832
   34	1 	0	 1.1603765550	-2.1982954996	 2.1034414507
   35	6 	0	 2.4914198117	 0.6920047531	 2.5822572516
   36	1 	0	 2.6193854419	 1.5638941098	 3.2314914268
   37	1 	0	 2.0575596218	-0.1182949162	 3.1748106466
   38	1 	0	 3.4796860170	 0.3720448810	 2.2593388171
   39	1 	0	-0.6244633736	 1.5563358341	-1.7922649443
   40	6 	0	-2.7956300689	 2.3613804995	-0.7167903334
   41	1 	0	-2.6349505609	 1.6756721164	-1.5324131363
   42	1 	0	-3.8379481470	 2.3395645514	-0.4209957185
   43	1 	0	-2.5584658708	 3.3657366469	-1.0667771061
   44	6 	0	 2.6653310955	-2.2615925450	-1.2969207726
   45	1 	0	 2.6642746601	-1.3490537127	-1.8865523087
   46	1 	0	 3.6812231657	-2.5575092320	-1.0616294507
   47	1 	0	 2.1804429801	-3.0385968820	-1.8894006403
   48	6 	0	-0.5400946711	 1.6273839145	 0.3255678795
   49	6 	0	 1.6586976485	 1.0326895626	 1.3775388969
   50	1 	0	 2.8411508953	 0.8416660354	-2.1900285777
   51	8 	0	-0.2675557994	 1.3192688870	 2.6825088291
   52	1 	0	 0.3836518686	 1.1127252825	 3.3665317267
---------------------------------------------------------------------
SCF Done:  E(scf) =  -1378.4239478609     A.U.

IRC-IRC-IRC-IRC-IRC-IRC-IRC-IRC-IRC-IRC-IRC-IRC-IRC-IRC-IRC-IRC-IRC-IRC
Pt 4 Step number   1 out of a maximum of  1
NET REACTION COORDINATE UP TO THIS POINT =         4.0000000000

IRC-IRC-IRC-IRC-IRC-IRC-IRC-IRC-IRC-IRC-IRC-IRC-IRC-IRC-IRC-IRC-IRC-IRC
                         Input orientation:
---------------------------------------------------------------------
Center     Atomic      Atomic             Coordinates (Angstroms)
Number     Number       Type             X           Y           Z
---------------------------------------------------------------------
    1	6 	0	 1.4566712029	 1.5300790726	-1.0954271246
    2	8 	0	 1.8946210090	 0.9249994384	-2.2896543590
    3	6 	0	 0.3330121954	 1.3137532910	 1.4882845781
    4	6 	0	 2.2765520026	 1.0167401484	 0.0772548242
    5	6 	0	-0.0203498586	 1.4972306112	-0.8935180478
    6	6 	0	-1.6735326549	-1.2727147720	 1.1210301392
    7	6 	0	-2.3091943982	-0.9928040149	-0.1424342155
    8	6 	0	-0.0443206921	-1.2577020895	-1.2610054141
    9	1 	0	 0.5571235097	-1.0390724282	-2.1368509858
   10	6 	0	-1.5196978984	-1.2445464574	-1.4253900957
   11	6 	0	 0.4944056028	-1.5881137965	-0.0871405816
   12	6 	0	-0.3677739998	-1.6255139577	 1.1350008954
   13	8 	0	 0.2160907038	-1.9455327674	 2.2974996787
   14	8 	0	-3.4757383121	-0.6408668724	-0.2716749335
   15	6 	0	 1.9032035690	-2.0701148788	-0.0213514288
   16	8 	0	 2.3996815221	-2.4158021627	 1.0411985447
   17	6 	0	-1.7870721361	-2.7164022942	-1.8254292397
   18	1 	0	-1.2324716121	-2.9270618554	-2.7397396261
   19	1 	0	-1.4640572606	-3.3931400685	-1.0374319649
   20	1 	0	-2.8537268320	-2.8312631689	-2.0079249703
   21	6 	0	 1.6957830171	 3.0578796331	-1.1762286314
   22	1 	0	 1.3553767427	 3.5423063540	-0.2631249256
   23	1 	0	 2.7566558490	 3.2442215279	-1.3338156409
   24	1 	0	 1.1205631482	 3.4394755648	-2.0192611568
   25	6 	0	-2.4687953453	-1.0613502917	 2.3725566623
   26	1 	0	-1.8131244857	-1.0419830853	 3.2387793500
   27	1 	0	-3.0057595026	-0.1112032069	 2.3211900151
   28	1 	0	-3.2020007975	-1.8590182149	 2.4858394476
   29	8 	0	 3.4286461645	 0.6660149006	-0.1513499756
   30	8 	0	-1.9696542554	-0.4074254273	-2.4626259485
   31	1 	0	-2.9307179867	-0.3401486041	-2.3225355409
   32	6 	0	-1.9455871239	 2.0945961694	 0.5113211379
   33	8 	0	-2.3425785167	 2.4556390256	 1.5966680290
   34	1 	0	 1.1520314116	-2.1971005680	 2.1013914768
   35	6 	0	 2.4960819219	 0.6901928035	 2.5820825971
   36	1 	0	 2.6147361800	 1.5669864887	 3.2264360943
   37	1 	0	 2.0726390876	-0.1223412700	 3.1789227901
   38	1 	0	 3.4871602416	 0.3804865329	 2.2585937395
   39	1 	0	-0.6285786579	 1.4940376262	-1.7930928175
   40	6 	0	-2.8003658413	 2.3332972755	-0.7073537489
   41	1 	0	-2.6096529851	 1.6681793439	-1.5337542827
   42	1 	0	-3.8382287469	 2.2528507600	-0.4052440970
   43	1 	0	-2.6202109377	 3.3546071738	-1.0419291351
   44	6 	0	 2.6487931375	-2.2711129368	-1.3028105374
   45	1 	0	 2.6674434107	-1.3580120642	-1.8910450403
   46	1 	0	 3.6582797190	-2.5931437015	-1.0736975835
   47	1 	0	 2.1409664313	-3.0342261074	-1.8946241888
   48	6 	0	-0.5380543258	 1.5929382266	 0.3231262626
   49	6 	0	 1.6583009375	 1.0164090107	 1.3772367249
   50	1 	0	 2.8571520050	 0.8356399692	-2.1773290280
   51	8 	0	-0.2659073916	 1.3035441368	 2.6846625372
   52	1 	0	 0.3851818324	 1.0856119777	 3.3657197419
---------------------------------------------------------------------
SCF Done:  E(scf) =  -1378.4227535075     A.U.

IRC-IRC-IRC-IRC-IRC-IRC-IRC-IRC-IRC-IRC-IRC-IRC-IRC-IRC-IRC-IRC-IRC-IRC
Pt 5 Step number   1 out of a maximum of  1
NET REACTION COORDINATE UP TO THIS POINT =         5.0000000000

IRC-IRC-IRC-IRC-IRC-IRC-IRC-IRC-IRC-IRC-IRC-IRC-IRC-IRC-IRC-IRC-IRC-IRC
                         Input orientation:
---------------------------------------------------------------------
Center     Atomic      Atomic             Coordinates (Angstroms)
Number     Number       Type             X           Y           Z
---------------------------------------------------------------------
    1	6 	0	 1.4527801183	 1.5049208329	-1.0966916655
    2	8 	0	 1.9111967249	 0.9186566621	-2.2916829795
    3	6 	0	 0.3294678582	 1.2931604870	 1.4890680626
    4	6 	0	 2.2755391118	 1.0000631445	 0.0754785559
    5	6 	0	-0.0220245419	 1.3989205265	-0.8968255318
    6	6 	0	-1.6646755890	-1.2312103249	 1.1136130117
    7	6 	0	-2.3069962840	-0.9703351977	-0.1525518697
    8	6 	0	-0.0394150324	-1.1649104180	-1.2466305366
    9	1 	0	 0.5638007324	-0.9859433582	-2.1277969521
   10	6 	0	-1.5124603792	-1.2180968019	-1.4302844172
   11	6 	0	 0.4975080324	-1.5561648227	-0.0821691082
   12	6 	0	-0.3615748897	-1.6046062586	 1.1285289075
   13	8 	0	 0.2084525766	-1.9432877613	 2.2929589479
   14	8 	0	-3.4778433965	-0.6335045349	-0.2802699270
   15	6 	0	 1.8950768368	-2.0665675181	-0.0232319342
   16	8 	0	 2.3888940379	-2.4239525598	 1.0378234837
   17	6 	0	-1.7509575500	-2.6962697734	-1.8213077680
   18	1 	0	-1.1911816315	-2.9063665551	-2.7323481503
   19	1 	0	-1.4243866997	-3.3659316812	-1.0286048888
   20	1 	0	-2.8149975463	-2.8295059054	-2.0089718636
   21	6 	0	 1.6615254099	 3.0361762419	-1.1690970611
   22	1 	0	 1.3107103953	 3.5140191139	-0.2562745787
   23	1 	0	 2.7200234583	 3.2428753430	-1.3211350447
   24	1 	0	 1.0862380353	 3.4128847280	-2.0140904730
   25	6 	0	-2.4640359821	-1.0268919655	 2.3622130361
   26	1 	0	-1.8115352937	-1.0054581539	 3.2303263002
   27	1 	0	-3.0090730806	-0.0818256983	 2.3076363863
   28	1 	0	-3.1936243871	-1.8291306974	 2.4736505161
   29	8 	0	 3.4285946283	 0.6514734809	-0.1489824005
   30	8 	0	-1.9779174411	-0.3992706632	-2.4748717823
   31	1 	0	-2.9378252534	-0.3384281444	-2.3277833476
   32	6 	0	-1.9289741374	 2.0988230669	 0.5124048839
   33	8 	0	-2.2883734754	 2.5196749075	 1.5876326050
   34	1 	0	 1.1440175600	-2.1991113670	 2.1004437338
   35	6 	0	 2.4998977780	 0.6895656361	 2.5818832130
   36	1 	0	 2.6102755931	 1.5704177566	 3.2223183486
   37	1 	0	 2.0850778524	-0.1248077029	 3.1825103541
   38	1 	0	 3.4933027714	 0.3885574744	 2.2578020872
   39	1 	0	-0.6299976440	 1.4420092695	-1.7921640744
   40	6 	0	-2.8040763210	 2.3092183692	-0.6983015697
   41	1 	0	-2.5896858127	 1.6629276639	-1.5352226503
   42	1 	0	-3.8351662478	 2.1750680181	-0.3879521806
   43	1 	0	-2.6768269136	 3.3438578831	-1.0175594527
   44	6 	0	 2.6326543895	-2.2801434934	-1.3077706155
   45	1 	0	 2.6694377372	-1.3659997526	-1.8937773987
   46	1 	0	 3.6362006902	-2.6255044190	-1.0841240619
   47	1 	0	 2.1050826520	-3.0298400657	-1.9002984231
   48	6 	0	-0.5416264696	 1.5433699922	 0.3247499649
   49	6 	0	 1.6568170118	 1.0011347017	 1.3774423978
   50	1 	0	 2.8717537806	 0.8296935306	-2.1659424229
   51	8 	0	-0.2649522269	 1.2904112159	 2.6886335941
   52	1 	0	 0.3858784539	 1.0651855478	 3.3675967398
---------------------------------------------------------------------
SCF Done:  E(scf) =  -1378.4210813207     A.U.

IRC-IRC-IRC-IRC-IRC-IRC-IRC-IRC-IRC-IRC-IRC-IRC-IRC-IRC-IRC-IRC-IRC-IRC
Pt 6 Step number   1 out of a maximum of  1
NET REACTION COORDINATE UP TO THIS POINT =         6.0000000000

IRC-IRC-IRC-IRC-IRC-IRC-IRC-IRC-IRC-IRC-IRC-IRC-IRC-IRC-IRC-IRC-IRC-IRC
                         Input orientation:
---------------------------------------------------------------------
Center     Atomic      Atomic             Coordinates (Angstroms)
Number     Number       Type             X           Y           Z
---------------------------------------------------------------------
    1	6 	0	 1.4482203686	 1.4826627492	-1.0977513708
    2	8 	0	 1.9269203434	 0.9153616030	-2.2941564861
    3	6 	0	 0.3240238732	 1.2711282247	 1.4911596765
    4	6 	0	 2.2741558904	 0.9848207108	 0.0737826239
    5	6 	0	-0.0222773766	 1.2850757669	-0.9023959560
    6	6 	0	-1.6505579665	-1.1757492739	 1.1050953559
    7	6 	0	-2.3048906016	-0.9489783573	-0.1640520321
    8	6 	0	-0.0369052614	-1.0596888663	-1.2311537011
    9	1 	0	 0.5665689073	-0.9428844570	-2.1201996606
   10	6 	0	-1.5059422386	-1.1948504263	-1.4365565468
   11	6 	0	 0.5016076946	-1.5263549541	-0.0745418456
   12	6 	0	-0.3488215146	-1.5824018556	 1.1200461420
   13	8 	0	 0.1996211245	-1.9456132162	 2.2866383009
   14	8 	0	-3.4811532935	-0.6342753036	-0.2861341558
   15	6 	0	 1.8849638979	-2.0666492210	-0.0248860437
   16	8 	0	 2.3763524632	-2.4354864288	 1.0352396086
   17	6 	0	-1.7173922926	-2.6773690799	-1.8190917005
   18	1 	0	-1.1548488597	-2.8885200708	-2.7281233868
   19	1 	0	-1.3892873697	-3.3432057187	-1.0232922290
   20	1 	0	-2.7787644316	-2.8280188001	-2.0108616080
   21	6 	0	 1.6279454194	 3.0156870726	-1.1619527352
   22	1 	0	 1.2699709732	 3.4900293965	-0.2495735558
   23	1 	0	 2.6841022132	 3.2408473679	-1.3082420595
   24	1 	0	 1.0554138298	 3.3906482775	-2.0095820467
   25	6 	0	-2.4555862251	-0.9907453680	 2.3510236141
   26	1 	0	-1.8087921215	-0.9712065202	 3.2229145393
   27	1 	0	-3.0135337077	-0.0540594098	 2.2981248725
   28	1 	0	-3.1787463319	-1.8013819322	 2.4550275437
   29	8 	0	 3.4283512964	 0.6394702022	-0.1446866491
   30	8 	0	-1.9864325924	-0.3914289202	-2.4871915046
   31	1 	0	-2.9453853107	-0.3383466199	-2.3355142156
   32	6 	0	-1.9113032799	 2.1003922602	 0.5111975175
   33	8 	0	-2.2324154203	 2.5777397208	 1.5745301720
   34	1 	0	 1.1358363436	-2.2056496491	 2.0999219415
   35	6 	0	 2.5031850572	 0.6915810099	 2.5823192100
   36	1 	0	 2.6062744714	 1.5760526062	 3.2191514836
   37	1 	0	 2.0953911810	-0.1238866077	 3.1867638603
   38	1 	0	 3.4984928944	 0.3976479879	 2.2578609080
   39	1 	0	-0.6286653571	 1.4004032131	-1.7888817915
   40	6 	0	-2.8074409607	 2.2884977448	-0.6888981190
   41	1 	0	-2.5760106542	 1.6587415825	-1.5357299779
   42	1 	0	-3.8294645274	 2.1061162374	-0.3679694425
   43	1 	0	-2.7288885352	 3.3328901184	-0.9935373182
   44	6 	0	 2.6170867567	-2.2894218132	-1.3121352717
   45	1 	0	 2.6708699517	-1.3734317869	-1.8944105952
   46	1 	0	 3.6149267401	-2.6557741678	-1.0931165133
   47	1 	0	 2.0729972919	-3.0256392143	-1.9074226770
   48	6 	0	-0.5510508367	 1.4799729264	 0.3311052572
   49	6 	0	 1.6545727292	 0.9876693650	 1.3786007200
   50	1 	0	 2.8849925403	 0.8237353873	-2.1552683613
   51	8 	0	-0.2645209330	 1.2803287958	 2.6944582678
   52	1 	0	 0.3862337482	 1.0535177121	 3.3723479414
---------------------------------------------------------------------
SCF Done:  E(scf) =  -1378.4156642623     A.U.

IRC-IRC-IRC-IRC-IRC-IRC-IRC-IRC-IRC-IRC-IRC-IRC-IRC-IRC-IRC-IRC-IRC-IRC
Pt 7 Step number   1 out of a maximum of  1
NET REACTION COORDINATE UP TO THIS POINT =         7.0000000000

IRC-IRC-IRC-IRC-IRC-IRC-IRC-IRC-IRC-IRC-IRC-IRC-IRC-IRC-IRC-IRC-IRC-IRC
                         Input orientation:
---------------------------------------------------------------------
Center     Atomic      Atomic             Coordinates (Angstroms)
Number     Number       Type             X           Y           Z
---------------------------------------------------------------------
    1	6 	0	 1.4430623997	 1.4626423973	-1.0981912966
    2	8 	0	 1.9418262293	 0.9143905894	-2.2963863294
    3	6 	0	 0.3176984943	 1.2484568733	 1.4947328057
    4	6 	0	 2.2724876720	 0.9710215913	 0.0728132123
    5	6 	0	-0.0214156198	 1.1646160946	-0.9094919443
    6	6 	0	-1.6321279070	-1.1091016899	 1.0952246673
    7	6 	0	-2.3029854263	-0.9293391325	-0.1767143058
    8	6 	0	-0.0361235989	-0.9506598338	-1.2165041852
    9	1 	0	 0.5661654461	-0.9083703757	-2.1138364552
   10	6 	0	-1.4998332181	-1.1744969647	-1.4442106319
   11	6 	0	 0.5064422855	-1.4996111217	-0.0659145457
   12	6 	0	-0.3311729124	-1.5598389943	 1.1100711480
   13	8 	0	 0.1895561071	-1.9519759456	 2.2784704169
   14	8 	0	-3.4852982463	-0.6422787809	-0.2899416280
   15	6 	0	 1.8730024835	-2.0708744760	-0.0269234706
   16	8 	0	 2.3616017495	-2.4516359642	 1.0326426164
   17	6 	0	-1.6866098925	-2.6597087074	-1.8192820875
   18	1 	0	-1.1233473382	-2.8726959651	-2.7274881913
   19	1 	0	-1.3583966740	-3.3245132635	-1.0219998129
   20	1 	0	-2.7454199052	-2.8265219056	-2.0141388723
   21	6 	0	 1.5953172525	 2.9963427088	-1.1544697606
   22	1 	0	 1.2325702958	 3.4694558960	-0.2427140309
   23	1 	0	 2.6492256557	 3.2383918193	-1.2947939688
   24	1 	0	 1.0277747468	 3.3719027458	-2.0053092120
   25	6 	0	-2.4441955760	-0.9531716664	 2.3391131583
   26	1 	0	-1.8047283507	-0.9381083835	 3.2160069748
   27	1 	0	-3.0185541398	-0.0274353111	 2.2913713023
   28	1 	0	-3.1586506037	-1.7750164973	 2.4320580121
   29	8 	0	 3.4279614102	 0.6296861091	-0.1385477747
   30	8 	0	-1.9946635067	-0.3836391321	-2.4995444759
   31	1 	0	-2.9529781120	-0.3402570341	-2.3463341577
   32	6 	0	-1.8924680508	 2.1004050014	 0.5082417960
   33	8 	0	-2.1740147609	 2.6319870187	 1.5570274195
   34	1 	0	 1.1270827384	-2.2169988312	 2.0990445871
   35	6 	0	 2.5061641123	 0.6971955892	 2.5838406497
   36	1 	0	 2.6027234125	 1.5853137312	 3.2166227436
   37	1 	0	 2.1043444940	-0.1183597663	 3.1926830763
   38	1 	0	 3.5030894915	 0.4089241000	 2.2593746499
   39	1 	0	-0.6248815982	 1.3672668799	-1.7829921885
   40	6 	0	-2.8109661273	 2.2698912244	-0.6781966749
   41	1 	0	-2.5684647017	 1.6541642965	-1.5340822492
   42	1 	0	-3.8215950305	 2.0442367337	-0.3440982416
   43	1 	0	-2.7778327096	 3.3206951598	-0.9695382389
   44	6 	0	 2.6021629295	-2.2994567235	-1.3163148276
   45	1 	0	 2.6725938411	-1.3808324209	-1.8930973574
   46	1 	0	 3.5941597511	-2.6852552626	-1.1011290153
   47	1 	0	 2.0444344715	-3.0216061201	-1.9166740686
   48	6 	0	-0.5656554576	 1.4061745061	 0.3419405810
   49	6 	0	 1.6518545342	 0.9764166634	 1.3809394444
   50	1 	0	 2.8970989329	 0.8178380911	-2.1446458326
   51	8 	0	-0.2645841989	 1.2733970119	 2.7017643739
   52	1 	0	 0.3865627262	 1.0509474377	 3.3795221963
---------------------------------------------------------------------
SCF Done:  E(scf) =  -1378.4076845463     A.U.

IRC-IRC-IRC-IRC-IRC-IRC-IRC-IRC-IRC-IRC-IRC-IRC-IRC-IRC-IRC-IRC-IRC-IRC
Pt 8 Step number   1 out of a maximum of  1
NET REACTION COORDINATE UP TO THIS POINT =         8.0000000000

IRC-IRC-IRC-IRC-IRC-IRC-IRC-IRC-IRC-IRC-IRC-IRC-IRC-IRC-IRC-IRC-IRC-IRC
                         Input orientation:
---------------------------------------------------------------------
Center     Atomic      Atomic             Coordinates (Angstroms)
Number     Number       Type             X           Y           Z
---------------------------------------------------------------------
    1	6 	0	 1.4373770344	 1.4441905789	-1.0975973249
    2	8 	0	 1.9559499381	 0.9150156375	-2.2976830576
    3	6 	0	 0.3115123670	 1.2259486254	 1.4999589782
    4	6 	0	 2.2706185668	 0.9586723342	 0.0732167146
    5	6 	0	-0.0197492852	 1.0464846609	-0.9173725289
    6	6 	0	-1.6103401441	-1.0340587508	 1.0837490734
    7	6 	0	-2.3013881673	-0.9120212091	-0.1903157090
    8	6 	0	-0.0363975529	-0.8464643991	-1.2046115105
    9	1 	0	 0.5633330655	-0.8808579412	-2.1084801020
   10	6 	0	-1.4938215573	-1.1567187850	-1.4532482232
   11	6 	0	 0.5117482962	-1.4768553628	-0.0579489483
   12	6 	0	-0.3102983283	-1.5378582851	 1.0991266240
   13	8 	0	 0.1782189965	-1.9618366915	 2.2683902665
   14	8 	0	-3.4899066682	-0.6565985937	-0.2923695321
   15	6 	0	 1.8593327957	-2.0797514937	-0.0299552242
   16	8 	0	 2.3441882938	-2.4736266476	 1.0292273027
   17	6 	0	-1.6588392965	-2.6432942355	-1.8223764623
   18	1 	0	-1.0965440462	-2.8580626890	-2.7308603195
   19	1 	0	-1.3313454018	-3.3093975921	-1.0252274354
   20	1 	0	-2.7153528411	-2.8247331154	-2.0193462765
   21	6 	0	 1.5639130655	 2.9780706971	-1.1463223052
   22	1 	0	 1.1979146513	 3.4514091403	-0.2353879257
   23	1 	0	 2.6157258469	 3.2357621437	-1.2804482739
   24	1 	0	 1.0030001072	 3.3557776723	-2.0008446379
   25	6 	0	-2.4306196990	-0.9144367304	 2.3266076516
   26	1 	0	-1.7991795045	-0.9050423861	 3.2090649496
   27	1 	0	-3.0235452013	-0.0014837496	 2.2860843411
   28	1 	0	-3.1346330411	-1.7492764702	 2.4068421021
   29	8 	0	 3.4274706461	 0.6217987116	-0.1306531566
   30	8 	0	-2.0020741197	-0.3756394034	-2.5118896229
   31	1 	0	-2.9601825227	-0.3445098903	-2.3608451323
   32	6 	0	-1.8723612577	 2.0999677611	 0.5040822995
   33	8 	0	-2.1124787295	 2.6845770772	 1.5347863781
   34	1 	0	 1.1173524945	-2.2334337489	 2.0970292880
   35	6 	0	 2.5090544917	 0.7073618974	 2.5868958579
   36	1 	0	 2.5996106987	 1.5996201722	 3.2144166784
   37	1 	0	 2.1127052793	-0.1070138314	 3.2012661928
   38	1 	0	 3.5074512753	 0.4235499842	 2.2629453427
   39	1 	0	-0.6189491003	 1.3406302961	-1.7742443209
   40	6 	0	-2.8151567574	 2.2521496871	-0.6652487712
   41	1 	0	-2.5668758551	 1.6477366775	-1.5290845738
   42	1 	0	-3.8120272813	 1.9876571154	-0.3151405477
   43	1 	0	-2.8251034690	 3.3062608982	-0.9452361208
   44	6 	0	 2.5879547781	-2.3107551607	-1.3207202334
   45	1 	0	 2.6754651878	-1.3887268110	-1.8899944750
   46	1 	0	 3.5735996318	-2.7152510060	-1.1086176822
   47	1 	0	 2.0191143317	-3.0177215492	-1.9287270530
   48	6 	0	-0.5847608284	 1.3254198426	 0.3569967920
   49	6 	0	 1.6489485376	 0.9677769619	 1.3846845304
   50	1 	0	 2.9083052131	 0.8120755481	-2.1334133247
   51	8 	0	-0.2651138712	 1.2697130366	 2.7101763526
   52	1 	0	 0.3871789361	 1.0577993718	 3.3886630950
---------------------------------------------------------------------
SCF Done:  E(scf) =  -1378.4080029142     A.U.

IRC-IRC-IRC-IRC-IRC-IRC-IRC-IRC-IRC-IRC-IRC-IRC-IRC-IRC-IRC-IRC-IRC-IRC
Pt 9 Step number   1 out of a maximum of  1
NET REACTION COORDINATE UP TO THIS POINT =         9.0000000000

IRC-IRC-IRC-IRC-IRC-IRC-IRC-IRC-IRC-IRC-IRC-IRC-IRC-IRC-IRC-IRC-IRC-IRC
                         Input orientation:
---------------------------------------------------------------------
Center     Atomic      Atomic             Coordinates (Angstroms)
Number     Number       Type             X           Y           Z
---------------------------------------------------------------------
    1	6 	0	 1.4312350954	 1.4266380956	-1.0955553376
    2	8 	0	 1.9693270258	 0.9165087637	-2.2973572187
    3	6 	0	 0.3064861370	 1.2044056732	 1.5070097217
    4	6 	0	 2.2686326849	 0.9477794877	 0.0756395245
    5	6 	0	-0.0175883863	 0.9396246173	-0.9252967423
    6	6 	0	-1.5861494114	-0.9534116346	 1.0704167016
    7	6 	0	-2.3002062340	-0.8976282727	-0.2046332598
    8	6 	0	-0.0370546316	-0.7557436411	-1.1974051986
    9	1 	0	 0.5588144819	-0.8588039800	-2.1039033666
   10	6 	0	-1.4875954959	-1.1411982551	-1.4636708709
   11	6 	0	 0.5172622175	-1.4590097148	-0.0523067933
   12	6 	0	-0.2878670074	-1.5174003383	 1.0877352685
   13	8 	0	 0.1655712649	-1.9746561962	 2.2563328201
   14	8 	0	-3.4946069727	-0.6763183685	-0.2940950562
   15	6 	0	 1.8440950368	-2.0937884849	-0.0345923134
   16	8 	0	 2.3236584932	-2.5026839607	 1.0241884632
   17	6 	0	-1.6343094516	-2.6281312442	-1.8288723580
   18	1 	0	-1.0743059633	-2.8437886936	-2.7386575267
   19	1 	0	-1.3077643425	-3.2974019812	-1.0334748912
   20	1 	0	-2.6889521136	-2.8223703234	-2.0270264405
   21	6 	0	 1.5340050149	 2.9607985839	-1.1371845368
   22	1 	0	 1.1654103277	 3.4349996569	-0.2272871620
   23	1 	0	 2.5839348476	 3.2332117872	-1.2648624763
   24	1 	0	 0.9807692321	 3.3414025964	-1.9957609932
   25	6 	0	-2.4156142581	-0.8748064298	 2.3136330765
   26	1 	0	-1.7919811064	-0.8708871702	 3.2015498071
   27	1 	0	-3.0279177168	 0.0242649271	 2.2809726544
   28	1 	0	-3.1079894827	-1.7234039286	 2.3814799946
   29	8 	0	 3.4269246806	 0.6154855199	-0.1210901740
   30	8 	0	-2.0081283670	-0.3671678386	-2.5241858722
   31	1 	0	-2.9665774081	-0.3514556917	-2.3796490977
   32	6 	0	-1.8508757083	 2.1001870100	 0.4992636082
   33	8 	0	-2.0471145584	 2.7376701720	 1.5074690789
   34	1 	0	 1.1062413617	-2.2552292379	 2.0930936616
   35	6 	0	 2.5120757436	 0.7230324575	 2.5919331603
   36	1 	0	 2.5969246120	 1.6203909700	 3.2122178378
   37	1 	0	 2.1212410249	-0.0886354558	 3.2135114009
   38	1 	0	 3.5119369581	 0.4426898137	 2.2691750160
   39	1 	0	-0.6111705964	 1.3185234879	-1.7623872444
   40	6 	0	-2.8205177873	 2.2340240118	-0.6491059421
   41	1 	0	-2.5710720139	 1.6379995973	-1.5195420614
   42	1 	0	-3.8012308037	 1.9346049908	-0.2798983302
   43	1 	0	-2.8721448458	 3.2885752247	-0.9203048703
   44	6 	0	 2.5745341731	-2.3238240614	-1.3257624395
   45	1 	0	 2.6803397743	-1.3976401136	-1.8852587377
   46	1 	0	 3.5529462911	-2.7470647008	-1.1160386284
   47	1 	0	 1.9967570137	-3.0139662677	-1.9442560856
   48	6 	0	-0.6076874449	 1.2411540473	 0.3760147464
   49	6 	0	 1.6461408499	 0.9621506252	 1.3900619370
   50	1 	0	 2.9188436358	 0.8065216646	-2.1209093259
   51	8 	0	-0.2660817965	 1.2693740424	 2.7193186439
   52	1 	0	 0.3883959260	 1.0743981614	 3.3993142281
---------------------------------------------------------------------
SCF Done:  E(scf) =  -1378.4167297484     A.U.

IRC-IRC-IRC-IRC-IRC-IRC-IRC-IRC-IRC-IRC-IRC-IRC-IRC-IRC-IRC-IRC-IRC-IRC
Pt 10 Step number   1 out of a maximum of  1
NET REACTION COORDINATE UP TO THIS POINT =        10.0000000000

IRC-IRC-IRC-IRC-IRC-IRC-IRC-IRC-IRC-IRC-IRC-IRC-IRC-IRC-IRC-IRC-IRC-IRC
                         Input orientation:
---------------------------------------------------------------------
Center     Atomic      Atomic             Coordinates (Angstroms)
Number     Number       Type             X           Y           Z
---------------------------------------------------------------------
    1	6 	0	 1.4247192646	 1.4093537533	-1.0916610815
    2	8 	0	 1.9819872252	 0.9181593687	-2.2947347667
    3	6 	0	 0.3036106587	 1.1846340667	 1.5160438335
    4	6 	0	 2.2666158452	 0.9383538415	 0.0807073550
    5	6 	0	-0.0152376291	 0.8527569821	-0.9325222836
    6	6 	0	-1.5605134768	-0.8699801021	 1.0549986391
    7	6 	0	-2.2995304743	-0.8867523393	-0.2194332551
    8	6 	0	-0.0374343964	-0.6869011192	-1.1967392338
    9	1 	0	 0.5533583051	-0.8407046695	-2.0999042512
   10	6 	0	-1.4808609332	-1.1276369425	-1.4754710201
   11	6 	0	 0.5227135656	-1.4469735871	-0.0506033232
   12	6 	0	-0.2655442543	-1.4993889702	 1.0764078145
   13	8 	0	 0.1515807531	-1.9898813357	 2.2422501098
   14	8 	0	-3.4990179991	-0.7005473964	-0.2957655479
   15	6 	0	 1.8274349215	-2.1134634201	-0.0414259761
   16	8 	0	 2.2995796082	-2.5399719349	 1.0167417274
   17	6 	0	-1.6132436802	-2.6142361846	-1.8392483928
   18	1 	0	-1.0564892450	-2.8290701951	-2.7512728046
   19	1 	0	-1.2872842645	-3.2880783313	-1.0472141411
   20	1 	0	-2.6665940056	-2.8191739531	-2.0377065354
   21	6 	0	 1.5058710147	 2.9444709888	-1.1267437305
   22	1 	0	 1.1344781771	 3.4193659986	-0.2181167107
   23	1 	0	 2.5541848177	 3.2310010829	-1.2477114162
   24	1 	0	 0.9607628136	 3.3279278757	-1.9896412753
   25	6 	0	-2.3999241782	-0.8345536885	 2.3003161735
   26	1 	0	-1.7829782361	-0.8345533656	 3.1929379164
   27	1 	0	-3.0310905568	 0.0502718023	 2.2747779654
   28	1 	0	-3.0799974934	-1.6966645339	 2.3580225446
   29	8 	0	 3.4263693902	 0.6104257364	-0.1099539666
   30	8 	0	-2.0123046955	-0.3579764312	-2.5363831292
   31	1 	0	-2.9717407048	-0.3614228576	-2.4033125855
   32	6 	0	-1.8279274622	 2.1021277952	 0.4943178331
   33	8 	0	-1.9772889358	 2.7933277864	 1.4747506857
   34	1 	0	 1.0933399210	-2.2826255147	 2.0864780032
   35	6 	0	 2.5154443831	 0.7451113178	 2.5993837465
   36	1 	0	 2.5946558843	 1.6489788899	 3.2097248298
   37	1 	0	 2.1306979681	-0.0620727927	 3.2303750035
   38	1 	0	 3.5168981329	 0.4674592090	 2.2786397417
   39	1 	0	-0.6018688683	 1.2990368486	-1.7472049391
   40	6 	0	-2.8275384114	 2.2143045883	-0.6288524443
   41	1 	0	-2.5808708113	 1.6235623840	-1.5043136274
   42	1 	0	-3.7896694177	 1.8833497934	-0.2372383354
   43	1 	0	-2.9203454046	 3.2666745254	-0.8944053039
   44	6 	0	 2.5619689391	-2.3391577653	-1.3318412835
   45	1 	0	 2.6880388101	-1.4080888483	-1.8790436956
   46	1 	0	 3.5319081951	-2.7819648860	-1.1238434175
   47	1 	0	 1.9770794325	-3.0103244065	-1.9639015802
   48	6 	0	-0.6337103799	 1.1568438579	 0.3986978785
   49	6 	0	 1.6437185882	 0.9599265700	 1.3972892064
   50	1 	0	 2.9289306250	 0.8012389247	-2.1064902004
   51	8 	0	-0.2674528016	 1.2724736084	 2.7288212462
   52	1 	0	 0.3905114764	 1.1010279755	 3.4110180007
---------------------------------------------------------------------
SCF Done:  E(scf) =  -1378.4239425557     A.U.

IRC-IRC-IRC-IRC-IRC-IRC-IRC-IRC-IRC-IRC-IRC-IRC-IRC-IRC-IRC-IRC-IRC-IRC
Pt 11 Step number   1 out of a maximum of  1
NET REACTION COORDINATE UP TO THIS POINT =        11.0000000000

IRC-IRC-IRC-IRC-IRC-IRC-IRC-IRC-IRC-IRC-IRC-IRC-IRC-IRC-IRC-IRC-IRC-IRC
                         Input orientation:
---------------------------------------------------------------------
Center     Atomic      Atomic             Coordinates (Angstroms)
Number     Number       Type             X           Y           Z
---------------------------------------------------------------------
    1	6 	0	 1.4181849816	 1.3925804493	-1.0857371903
    2	8 	0	 1.9938263482	 0.9196566930	-2.2894959881
    3	6 	0	 0.3031915948	 1.1675285776	 1.5269273052
    4	6 	0	 2.2646931696	 0.9305037352	 0.0885702620
    5	6 	0	-0.0128796431	 0.7894937061	-0.9382761919
    6	6 	0	-1.5344598928	-0.7872413232	 1.0377940405
    7	6 	0	-2.2990708296	-0.8797170170	-0.2342354003
    8	6 	0	-0.0371536348	-0.6428774528	-1.2027302376
    9	1 	0	 0.5478486943	-0.8259612537	-2.0968611917
   10	6 	0	-1.4737299405	-1.1161780022	-1.4884316916
   11	6 	0	 0.5276714439	-1.4411259450	-0.0533843412
   12	6 	0	-0.2449047436	-1.4843617299	 1.0653797932
   13	8 	0	 0.1363617772	-2.0066400627	 2.2264865767
   14	8 	0	-3.5025383771	-0.7289852463	-0.2973420147
   15	6 	0	 1.8096249577	-2.1385587457	-0.0505927074
   16	8 	0	 2.2719987581	-2.5852412455	 1.0065819024
   17	6 	0	-1.5957359430	-2.6018755491	-1.8535481412
   18	1 	0	-1.0427011003	-2.8137420063	-2.7685295707
   19	1 	0	-1.2695354465	-3.2811768986	-1.0662769706
   20	1 	0	-2.6483652027	-2.8154026188	-2.0515584062
   21	6 	0	 1.4799214080	 2.9294252181	-1.1149886266
   22	1 	0	 1.1048740229	 3.4042912929	-0.2078816668
   23	1 	0	 2.5268101920	 3.2295487573	-1.2290687298
   24	1 	0	 0.9426930826	 3.3149826879	-1.9823060408
   25	6 	0	-2.3840473877	-0.7941136747	 2.2868011098
   26	1 	0	-1.7722357722	-0.7956873195	 3.1830512456
   27	1 	0	-3.0326676491	 0.0768008655	 2.2670023302
   28	1 	0	-3.0515143438	-1.6688663787	 2.3373861123
   29	8 	0	 3.4258552548	 0.6063374903	-0.0975181575
   30	8 	0	-2.0144153082	-0.3481366238	-2.5482238121
   31	1 	0	-2.9752289936	-0.3742318746	-2.4315873097
   32	6 	0	-1.8039673721	 2.1059024205	 0.4894903000
   33	8 	0	-1.9037360342	 2.8513391692	 1.4366084179
   34	1 	0	 1.0781198632	-2.3150665630	 2.0769442056
   35	6 	0	 2.5193071585	 0.7733875974	 2.6092846778
   36	1 	0	 2.5928515893	 1.6852123601	 3.2069596042
   37	1 	0	 2.1413335821	-0.0275885029	 3.2518498773
   38	1 	0	 3.5225226402	 0.4978570740	 2.2913185548
   39	1 	0	-0.5918278204	 1.2816492153	-1.7292846529
   40	6 	0	-2.8363457551	 2.1926905544	-0.6043251628
   41	1 	0	-2.5958537517	 1.6046088630	-1.4834957249
   42	1 	0	-3.7776757445	 1.8331229326	-0.1875171647
   43	1 	0	-2.9698179502	 3.2407105765	-0.8668971843
   44	6 	0	 2.5502338528	-2.3569608853	-1.3391010137
   45	1 	0	 2.6985883316	-1.4203908820	-1.8714283885
   46	1 	0	 3.5103906299	-2.8204205385	-1.1323789470
   47	1 	0	 1.9597243081	-3.0068574882	-1.9875210024
   48	6 	0	-0.6610599739	 1.0764534214	 0.4238889301
   49	6 	0	 1.6419920195	 0.9612304082	 1.4063902878
   50	1 	0	 2.9384184961	 0.7960271022	-2.0899234639
   51	8 	0	-0.2690302587	 1.2790226728	 2.7384419990
   52	1 	0	 0.3934607123	 1.1370419868	 3.4232895599
---------------------------------------------------------------------
SCF Done:  E(scf) =  -1378.4252140955     A.U.

IRC-IRC-IRC-IRC-IRC-IRC-IRC-IRC-IRC-IRC-IRC-IRC-IRC-IRC-IRC-IRC-IRC-IRC
Pt 12 Step number   1 out of a maximum of  1
NET REACTION COORDINATE UP TO THIS POINT =        12.0000000000

IRC-IRC-IRC-IRC-IRC-IRC-IRC-IRC-IRC-IRC-IRC-IRC-IRC-IRC-IRC-IRC-IRC-IRC
                         Input orientation:
---------------------------------------------------------------------
Center     Atomic      Atomic             Coordinates (Angstroms)
Number     Number       Type             X           Y           Z
---------------------------------------------------------------------
    1	6 	0	 1.4122604442	 1.3774351726	-1.0778331845
    2	8 	0	 2.0046062855	 0.9210898175	-2.2816755018
    3	6 	0	 0.3048494158	 1.1540727000	 1.5392333234
    4	6 	0	 2.2630290827	 0.9244350589	 0.0989026448
    5	6 	0	-0.0105749811	 0.7483376728	-0.9417548457
    6	6 	0	-1.5090859969	-0.7093298770	 1.0196301284
    7	6 	0	-2.2981563339	-0.8765775060	-0.2483128099
    8	6 	0	-0.0361063605	-0.6211503210	-1.2137574695
    9	1 	0	 0.5433053580	-0.8148800429	-2.0957330585
   10	6 	0	-1.4667207615	-1.1074061774	-1.5021264820
   11	6 	0	 0.5315445427	-1.4413253099	-0.0601262115
   12	6 	0	-0.2274325198	-1.4724698995	 1.0546115339
   13	8 	0	 0.1201751290	-2.0237414065	 2.2097790714
   14	8 	0	-3.5043465271	-0.7619217655	-0.2980991246
   15	6 	0	 1.7910644456	-2.1681613844	-0.0617742598
   16	8 	0	 2.2414429216	-2.6368292118	 0.9938829734
   17	6 	0	-1.5817508384	-2.5915658715	-1.8713801338
   18	1 	0	-1.0322997910	-2.7982775371	-2.7896816690
   19	1 	0	-1.2541476782	-3.2766462948	-1.0898549893
   20	1 	0	-2.6340627932	-2.8118331254	-2.0683985721
   21	6 	0	 1.4566989669	 2.9163912647	-1.1022094300
   22	1 	0	 1.0766886599	 3.3902032419	-0.1968872504
   23	1 	0	 2.5021476805	 3.2294319302	-1.2094068489
   24	1 	0	 0.9263038089	 3.3026750312	-1.9738134047
   25	6 	0	-2.3682348181	-0.7540838015	 2.2732494789
   26	1 	0	-1.7600383916	-0.7546710963	 3.1720573616
   27	1 	0	-3.0324379788	 0.1039190128	 2.2579081371
   28	1 	0	-3.0229770094	-1.6403599862	 2.3193525634
   29	8 	0	 3.4254373570	 0.6029778372	-0.0842348532
   30	8 	0	-2.0146061646	-0.3380393078	-2.5592428518
   31	1 	0	-2.9765774994	-0.3891952970	-2.4634101672
   32	6 	0	-1.7799810838	 2.1106704469	 0.4847395491
   33	8 	0	-1.8285575103	 2.9092213359	 1.3933215512
   34	1 	0	 1.0599339891	-2.3512001329	 2.0647757583
   35	6 	0	 2.5237410518	 0.8065354868	 2.6212788869
   36	1 	0	 2.5916151429	 1.7273954719	 3.2042674524
   37	1 	0	 2.1529165758	 0.0131402450	 3.2769654734
   38	1 	0	 3.5288345686	 0.5327655961	 2.3065934538
   39	1 	0	-0.5822924799	 1.2672278695	-1.7100169010
   40	6 	0	-2.8467048749	 2.1697897962	-0.5761136106
   41	1 	0	-2.6153662107	 1.5828973568	-1.4584223436
   42	1 	0	-3.7654512067	 1.7841177937	-0.1325812756
   43	1 	0	-3.0193995278	 3.2119505441	-0.8368392196
   44	6 	0	 2.5392106428	-2.3771483072	-1.3474302893
   45	1 	0	 2.7112192017	-1.4346654292	-1.8624173462
   46	1 	0	 3.4884957010	-2.8621010731	-1.1418874484
   47	1 	0	 1.9442601659	-3.0037044268	-2.0141888694
   48	6 	0	-0.6869218349	 1.0044442941	 0.4495699499
   49	6 	0	 1.6412945606	 0.9659244466	 1.4171955370
   50	1 	0	 2.9467954563	 0.7904232604	-2.0713877835
   51	8 	0	-0.2704560857	 1.2889495328	 2.7480665829
   52	1 	0	 0.3968161033	 1.1808623721	 3.4356167940
---------------------------------------------------------------------
SCF Done:  E(scf) =  -1378.4244802141     A.U.

IRC-IRC-IRC-IRC-IRC-IRC-IRC-IRC-IRC-IRC-IRC-IRC-IRC-IRC-IRC-IRC-IRC-IRC
Pt 13 Step number   1 out of a maximum of  1
NET REACTION COORDINATE UP TO THIS POINT =        13.0000000000

IRC-IRC-IRC-IRC-IRC-IRC-IRC-IRC-IRC-IRC-IRC-IRC-IRC-IRC-IRC-IRC-IRC-IRC
                         Input orientation:
---------------------------------------------------------------------
Center     Atomic      Atomic             Coordinates (Angstroms)
Number     Number       Type             X           Y           Z
---------------------------------------------------------------------
    1	6 	0	 1.4075857090	 1.3650729162	-1.0680084497
    2	8 	0	 2.0140831051	 0.9225652070	-2.2713233323
    3	6 	0	 0.3081748015	 1.1452537851	 1.5525223438
    4	6 	0	 2.2617897183	 0.9203579438	 0.1113582218
    5	6 	0	-0.0083788882	 0.7275696327	-0.9421532907
    6	6 	0	-1.4854921606	-0.6404089255	 1.0013570848
    7	6 	0	-2.2960994604	-0.8773773368	-0.2609278769
    8	6 	0	-0.0341986402	-0.6189598837	-1.2281246510
    9	1 	0	 0.5407538980	-0.8078066984	-2.0975039579
   10	6 	0	-1.4603692997	-1.1019254105	-1.5161198825
   11	6 	0	 0.5337345776	-1.4474075749	-0.0702588008
   12	6 	0	-0.2146076870	-1.4638479672	 1.0440514007
   13	8 	0	 0.1032879688	-2.0399805304	 2.1928815059
   14	8 	0	-3.5036112952	-0.7996724656	-0.2972817042
   15	6 	0	 1.7721581984	-2.2013280185	-0.0746326147
   16	8 	0	 2.2084599405	-2.6930117030	 0.9788397589
   17	6 	0	-1.5712473407	-2.5838345569	-1.8923339863
   18	1 	0	-1.0246327554	-2.7831779624	-2.8139581792
   19	1 	0	-1.2407507280	-3.2744437556	-1.1171119731
   20	1 	0	-2.6234712739	-2.8092648078	-2.0880281030
   21	6 	0	 1.4367522212	 2.9061161946	-1.0887094533
   22	1 	0	 1.0500274468	 3.3775575726	-0.1854517301
   23	1 	0	 2.4805340920	 3.2312346083	-1.1892155443
   24	1 	0	 0.9113401335	 3.2911337217	-1.9642318111
   25	6 	0	-2.3527266618	-0.7150685359	 2.2598236324
   26	1 	0	-1.7466803280	-0.7119187480	 3.1601388576
   27	1 	0	-3.0301985770	 0.1316845710	 2.2477908327
   28	1 	0	-2.9948041922	-1.6115194636	 2.3036544378
   29	8 	0	 3.4251709800	 0.6001055251	-0.0705639209
   30	8 	0	-2.0130377351	-0.3280892635	-2.5689661578
   31	1 	0	-2.9753205182	-0.4056035948	-2.4976826277
   32	6 	0	-1.7569774951	 2.1155500114	 0.4800116517
   33	8 	0	-1.7539144766	 2.9643925089	 1.3451824940
   34	1 	0	 1.0381299303	-2.3896393559	 2.0502788291
   35	6 	0	 2.5288200115	 0.8431807016	 2.6349921705
   36	1 	0	 2.5910524106	 1.7737660409	 3.2020077240
   37	1 	0	 2.1651944078	 0.0583747818	 3.3047093546
   38	1 	0	 3.5358508871	 0.5710184095	 2.3238204793
   39	1 	0	-0.5745279229	 1.2567004596	-1.6908271234
   40	6 	0	-2.8583650850	 2.1462497106	-0.5448400236
   41	1 	0	-2.6387432972	 1.5602546440	-1.4304812796
   42	1 	0	-3.7531915228	 1.7365695871	-0.0743419018
   43	1 	0	-3.0678717148	 3.1817100895	-0.8032770288
   44	6 	0	 2.5287769920	-2.3996223202	-1.3567066570
   45	1 	0	 2.7251277104	-1.4510230675	-1.8520118587
   46	1 	0	 3.4663340716	-2.9066411411	-1.1526066023
   47	1 	0	 1.9302523050	-3.0010075014	-2.0429456570
   48	6 	0	-0.7084361479	 0.9452996586	 0.4736855655
   49	6 	0	 1.6419606347	 0.9738595442	 1.4295268932
   50	1 	0	 2.9535338819	 0.7839530409	-2.0510797024
   51	8 	0	-0.2713651807	 1.3021788923	 2.7575862371
   52	1 	0	 0.4001343512	 1.2308708299	 3.4474864063
---------------------------------------------------------------------
SCF Done:  E(scf) =  -1378.4274667591     A.U.

IRC-IRC-IRC-IRC-IRC-IRC-IRC-IRC-IRC-IRC-IRC-IRC-IRC-IRC-IRC-IRC-IRC-IRC
Pt 14 Step number   1 out of a maximum of  1
NET REACTION COORDINATE UP TO THIS POINT =        14.0000000000

IRC-IRC-IRC-IRC-IRC-IRC-IRC-IRC-IRC-IRC-IRC-IRC-IRC-IRC-IRC-IRC-IRC-IRC
                         Input orientation:
---------------------------------------------------------------------
Center     Atomic      Atomic             Coordinates (Angstroms)
Number     Number       Type             X           Y           Z
---------------------------------------------------------------------
    1	6 	0	 1.4048008329	 1.3566486733	-1.0563223710
    2	8 	0	 2.0220128749	 0.9241893268	-2.2584895045
    3	6 	0	 0.3127584313	 1.1420591844	 1.5663548221
    4	6 	0	 2.2611412097	 0.9184825212	 0.1255907115
    5	6 	0	-0.0063466098	 0.7254703360	-0.9386665724
    6	6 	0	-1.4647787555	-0.5846416306	 0.9838250918
    7	6 	0	-2.2922126820	-0.8821600398	-0.2713429940
    8	6 	0	-0.0313365408	-0.6335463010	-1.2441355039
    9	1 	0	 0.5412199161	-0.8050868813	-2.1031579963
   10	6 	0	-1.4552114582	-1.1003396441	-1.5299763843
   11	6 	0	 0.5336432644	-1.4592086334	-0.0832119758
   12	6 	0	-0.2079103491	-1.4586304209	 1.0336477574
   13	8 	0	 0.0859674567	-2.0541525975	 2.1765477920
   14	8 	0	-3.4995015275	-0.8425528581	-0.2941345805
   15	6 	0	 1.7533110292	-2.2371153304	-0.0888297532
   16	8 	0	 2.1735976568	-2.7520645880	 0.9616470778
   17	6 	0	-1.5641844242	-2.5792090102	-1.9159993144
   18	1 	0	-1.0190474317	-2.7689444570	-2.8405881811
   19	1 	0	-1.2289743642	-3.2745265167	-1.1472116980
   20	1 	0	-2.6163751418	-2.8084970008	-2.1102480694
   21	6 	0	 1.4206297009	 2.8993470739	-1.0747920088
   22	1 	0	 1.0249957425	 3.3668100121	-0.1738933747
   23	1 	0	 2.4623062353	 3.2355407984	-1.1689845865
   24	1 	0	 0.8975471973	 3.2804875758	-1.9536297039
   25	6 	0	-2.3377631114	-0.6776723450	 2.2466859218
   26	1 	0	-1.7324558149	-0.6678443269	 3.1474783264
   27	1 	0	-3.0257464749	 0.1601558667	 2.2369458634
   28	1 	0	-2.9674145944	-1.5827189180	 2.2900242752
   29	8 	0	 3.4251114065	 0.5974793023	-0.0569652273
   30	8 	0	-2.0098704905	-0.3186912715	-2.5769196399
   31	1 	0	-2.9709923464	-0.4227472383	-2.5333061612
   32	6 	0	-1.7359655038	 2.1196592512	 0.4752526792
   33	8 	0	-1.6819680457	 3.0142709104	 1.2924836546
   34	1 	0	 1.0120553185	-2.4289973632	 2.0337595857
   35	6 	0	 2.5346179862	 0.8819489570	 2.6500503253
   36	1 	0	 2.5912692578	 1.8225618829	 3.2005397689
   37	1 	0	 2.1779145364	 0.1063764387	 3.3340690837
   38	1 	0	 3.5435885645	 0.6114491488	 2.3423556718
   39	1 	0	-0.5697992252	 1.2509946339	-1.6731407601
   40	6 	0	-2.8710756999	 2.1227176943	-0.5111266377
   41	1 	0	-2.6653201203	 1.5385075037	-1.4010603287
   42	1 	0	-3.7410924113	 1.6907135233	-0.0147102769
   43	1 	0	-3.1140160884	 3.1513048740	-0.7652562309
   44	6 	0	 2.5188105835	-2.4242852135	-1.3668076632
   45	1 	0	 2.7395101478	-1.4695743744	-1.8402132160
   46	1 	0	 3.4440164048	-2.9536753937	-1.1647740893
   47	1 	0	 1.9172660246	-2.9989089910	-2.0728318412
   48	6 	0	-0.7227430979	 0.9035026978	 0.4941804042
   49	6 	0	 1.6443246651	 0.9848865596	 1.4432062951
   50	1 	0	 2.9581061492	 0.7761420849	-2.0291957637
   51	8 	0	-0.2713924416	 1.3186354553	 2.7668922006
   52	1 	0	 0.4029721581	 1.2854490587	 3.4583851002
---------------------------------------------------------------------
SCF Done:  E(scf) =  -1378.4358103974     A.U.

IRC-IRC-IRC-IRC-IRC-IRC-IRC-IRC-IRC-IRC-IRC-IRC-IRC-IRC-IRC-IRC-IRC-IRC
Pt 15 Step number   1 out of a maximum of  1
NET REACTION COORDINATE UP TO THIS POINT =        15.0000000000

IRC-IRC-IRC-IRC-IRC-IRC-IRC-IRC-IRC-IRC-IRC-IRC-IRC-IRC-IRC-IRC-IRC-IRC
                         Input orientation:
---------------------------------------------------------------------
Center     Atomic      Atomic             Coordinates (Angstroms)
Number     Number       Type             X           Y           Z
---------------------------------------------------------------------
    1	6 	0	 1.4045409636	 1.3533096686	-1.0428361088
    2	8 	0	 2.0281545407	 0.9260690952	-2.2432264353
    3	6 	0	 0.3181901839	 1.1454656585	 1.5802923646
    4	6 	0	 2.2612482328	 0.9190161514	 0.1412531238
    5	6 	0	-0.0045326215	 0.7402939784	-0.9304993488
    6	6 	0	-1.4480393268	-0.5461600459	 0.9678807143
    7	6 	0	-2.2858125778	-0.8909644972	-0.2788267245
    8	6 	0	-0.0274274014	-0.6621293035	-1.2600964101
    9	1 	0	 0.5457220525	-0.8070603211	-2.1136717446
   10	6 	0	-1.4517795907	-1.1032467961	-1.5432630438
   11	6 	0	 0.5306770119	-1.4765588299	-0.0984138260
   12	6 	0	-0.2088069579	-1.4569469805	 1.0233479382
   13	8 	0	 0.0684796818	-2.0650594411	 2.1615282205
   14	8 	0	-3.4911926944	-0.8908738132	-0.2879075043
   15	6 	0	 1.7349254586	-2.2745813173	-0.1040279198
   16	8 	0	 2.1374033765	-2.8122681621	 0.9425015183
   17	6 	0	-1.5605168023	-2.5782113838	-1.9419648415
   18	1 	0	-1.0148906496	-2.7560756610	-2.8688014506
   19	1 	0	-1.2184472871	-3.2768494976	-1.1793182916
   20	1 	0	-2.6125551701	-2.8103244773	-2.1348581168
   21	6 	0	 1.4088730383	 2.8968247213	-1.0607593618
   22	1 	0	 1.0016960742	 3.3584127710	-0.1625289856
   23	1 	0	 2.4477952567	 3.2429302377	-1.1492014169
   24	1 	0	 0.8846693330	 3.2708645235	-1.9420760956
   25	6 	0	-2.3235822452	-0.6424948089	 2.2339973306
   26	1 	0	-1.7176585877	-0.6228613568	 3.1342581299
   27	1 	0	-3.0188818133	 0.1893910011	 2.2256680499
   28	1 	0	-2.9412238748	-1.5543302056	 2.2781925876
   29	8 	0	 3.4253132966	 0.5948584426	-0.0438966210
   30	8 	0	-2.0052659894	-0.3102483168	-2.5826332341
   31	1 	0	-2.9631322122	-0.4399191833	-2.5691849601
   32	6 	0	-1.7179474382	 2.1221216760	 0.4704090393
   33	8 	0	-1.6148665397	 3.0562899692	 1.2355199286
   34	1 	0	 0.9810641914	-2.4678915956	 2.0155251022
   35	6 	0	 2.5412080666	 0.9214686985	 2.6660791773
   36	1 	0	 2.5923705852	 1.8720241302	 3.2002216090
   37	1 	0	 2.1908249186	 0.1554095750	 3.3640338073
   38	1 	0	 3.5520638531	 0.6528932531	 2.3615561381
   39	1 	0	-0.5693633035	 1.2510303261	-1.6583762975
   40	6 	0	-2.8845859316	 2.0998387249	-0.4755946585
   41	1 	0	-2.6944303306	 1.5194765667	-1.3715434070
   42	1 	0	-3.7293476209	 1.6467806016	 0.0444086253
   43	1 	0	-3.1566232497	 3.1220457061	-0.7218291209
   44	6 	0	 2.5091886364	-2.4510376210	-1.3776106599
   45	1 	0	 2.7535652731	-1.4904277488	-1.8270240773
   46	1 	0	 3.4216523448	-3.0028379416	-1.1786256188
   47	1 	0	 1.9048663281	-2.9975497622	-2.1028902530
   48	6 	0	-0.7270017176	 0.8834996195	 0.5090110014
   49	6 	0	 1.6487179655	 0.9988535821	 1.4580553170
   50	1 	0	 2.9599888902	 0.7665190917	-2.0059326717
   51	8 	0	-0.2701754030	 1.3382411796	 2.7758764388
   52	1 	0	 0.4048877830	 1.3429801187	 3.4678030442
---------------------------------------------------------------------
SCF Done:  E(scf) =  -1378.4470154328     A.U.

IRC-IRC-IRC-IRC-IRC-IRC-IRC-IRC-IRC-IRC-IRC-IRC-IRC-IRC-IRC-IRC-IRC-IRC
Pt 16 Step number   1 out of a maximum of  1
NET REACTION COORDINATE UP TO THIS POINT =        16.0000000000

IRC-IRC-IRC-IRC-IRC-IRC-IRC-IRC-IRC-IRC-IRC-IRC-IRC-IRC-IRC-IRC-IRC-IRC
                         Input orientation:
---------------------------------------------------------------------
Center     Atomic      Atomic             Coordinates (Angstroms)
Number     Number       Type             X           Y           Z
---------------------------------------------------------------------
    1	6 	0	 1.4068472712	 1.3552631748	-1.0278255884
    2	8 	0	 2.0326152439	 0.9283662815	-2.2258760326
    3	6 	0	 0.3239630124	 1.1551684886	 1.5940357894
    4	6 	0	 2.2620990780	 0.9218308995	 0.1579127466
    5	6 	0	-0.0028983110	 0.7670816736	-0.9180193577
    6	6 	0	-1.4355414346	-0.5253320853	 0.9539328568
    7	6 	0	-2.2767125385	-0.9032671633	-0.2833941971
    8	6 	0	-0.0225324819	-0.6994566934	-1.2746356169
    9	1 	0	 0.5544365563	-0.8133490246	-2.1291099727
   10	6 	0	-1.4501765438	-1.1105158239	-1.5558573204
   11	6 	0	 0.5248100844	-1.4986171045	-0.1150773876
   12	6 	0	-0.2171120293	-1.4583504286	 1.0129746551
   13	8 	0	 0.0509611163	-2.0723099749	 2.1481349482
   14	8 	0	-3.4786617917	-0.9443846066	-0.2784460168
   15	6 	0	 1.7171265864	-2.3129430846	-0.1199212192
   16	8 	0	 2.1003595431	-2.8724382902	 0.9218137816
   17	6 	0	-1.5596836625	-2.5807282448	-1.9697113310
   18	1 	0	-1.0114356143	-2.7447634976	-2.8979119888
   19	1 	0	-1.2086689636	-3.2810873349	-1.2126384431
   20	1 	0	-2.6113415493	-2.8149899911	-2.1614855469
   21	6 	0	 1.4011892791	 2.8985340342	-1.0467870778
   22	1 	0	 0.9798883549	 3.3523925578	-0.1514978269
   23	1 	0	 2.4366471339	 3.2534660612	-1.1300715967
   24	1 	0	 0.8723530643	 3.2622852737	-1.9297088249
   25	6 	0	-2.3101663228	-0.6095441769	 2.2217533416
   26	1 	0	-1.7025221226	-0.5773194614	 3.1206326555
   27	1 	0	-3.0097810228	 0.2194207680	 2.2141764914
   28	1 	0	-2.9162794590	-1.5264527915	 2.2676445098
   29	8 	0	 3.4257559286	 0.5920658548	-0.0315717180
   30	8 	0	-1.9995174812	-0.3029461379	-2.5861240819
   31	1 	0	-2.9518761144	-0.4567131729	-2.6045526600
   32	6 	0	-1.7031307164	 2.1227108832	 0.4654678419
   33	8 	0	-1.5532106549	 3.0897230513	 1.1748871697
   34	1 	0	 0.9452857118	-2.5054609168	 1.9959921248
   35	6 	0	 2.5485595477	 0.9606987127	 2.6827080988
   36	1 	0	 2.5943445572	 1.9207952147	 3.2012506100
   37	1 	0	 2.2037338294	 0.2041049962	 3.3937842895
   38	1 	0	 3.5612062781	 0.6944045534	 2.3809080235
   39	1 	0	-0.5734897927	 1.2567939931	-1.6471108519
   40	6 	0	-2.8986326198	 2.0779650490	-0.4387405995
   41	1 	0	-2.7252311133	 1.5042385569	-1.3428449426
   42	1 	0	-3.7179125746	 1.6044922835	 0.1018672873
   43	1 	0	-3.1955756536	 3.0946562168	-0.6728558266
   44	6 	0	 2.4997322547	-2.4795798896	-1.3889694303
   45	1 	0	 2.7667905804	-1.5134279892	-1.8126127537
   46	1 	0	 3.3992282421	-3.0536974826	-1.1941583617
   47	1 	0	 1.8925823906	-2.9968997898	-2.1324486975
   48	6 	0	-0.7206516478	 0.8852626912	 0.5175747475
   49	6 	0	 1.6550955956	 1.0152735556	 1.4738513848
   50	1 	0	 2.9591737014	 0.7549827689	-1.9815066089
   51	8 	0	-0.2676706218	 1.3605857256	 2.7845188241
   52	1 	0	 0.4056278964	 1.4020118371	 3.4756497002
---------------------------------------------------------------------
SCF Done:  E(scf) =  -1378.4568010875     A.U.

IRC-IRC-IRC-IRC-IRC-IRC-IRC-IRC-IRC-IRC-IRC-IRC-IRC-IRC-IRC-IRC-IRC-IRC
Pt 17 Step number   1 out of a maximum of  1
NET REACTION COORDINATE UP TO THIS POINT =        17.0000000000

IRC-IRC-IRC-IRC-IRC-IRC-IRC-IRC-IRC-IRC-IRC-IRC-IRC-IRC-IRC-IRC-IRC-IRC
                         Input orientation:
---------------------------------------------------------------------
Center     Atomic      Atomic             Coordinates (Angstroms)
Number     Number       Type             X           Y           Z
---------------------------------------------------------------------
    1	6 	0	 1.4106073325	 1.3608909371	-1.0119838407
    2	8 	0	 2.0361783742	 0.9313491839	-2.2073424383
    3	6 	0	 0.3293816257	 1.1683741324	 1.6075562847
    4	6 	0	 2.2633394690	 0.9261476375	 0.1749703818
    5	6 	0	-0.0012242739	 0.7946342510	-0.9038532121
    6	6 	0	-1.4259484530	-0.5152151442	 0.9415404220
    7	6 	0	-2.2656908373	-0.9174521735	-0.2865104832
    8	6 	0	-0.0170119797	-0.7354754196	-1.2870064829
    9	1 	0	 0.5659036291	-0.8221810741	-2.1477665973
   10	6 	0	-1.4496709969	-1.1205999346	-1.5682395215
   11	6 	0	 0.5171196059	-1.5232384303	-0.1319980319
   12	6 	0	-0.2294317742	-1.4612730496	 1.0021085863
   13	8 	0	 0.0332964971	-2.0770805831	 2.1358292094
   14	8 	0	-3.4634424976	-1.0017438142	-0.2667527728
   15	6 	0	 1.6995007210	-2.3517267497	-0.1362656329
   16	8 	0	 2.0628226279	-2.9324309925	 0.9004104081
   17	6 	0	-1.5601229633	-2.5854117597	-1.9985098712
   18	1 	0	-1.0078125412	-2.7346042001	-2.9273973747
   19	1 	0	-1.1988878695	-3.2863703149	-1.2464615017
   20	1 	0	-2.6111893715	-2.8216641933	-2.1894229430
   21	6 	0	 1.3956645771	 2.9029917976	-1.0328046532
   22	1 	0	 0.9586670897	 3.3479496929	-0.1405943582
   23	1 	0	 2.4271771450	 3.2662080861	-1.1112532350
   24	1 	0	 0.8600549559	 3.2545622949	-1.9167994000
   25	6 	0	-2.2970007658	-0.5776802458	 2.2096280103
   26	1 	0	-1.6871628622	-0.5314441600	 3.1067019602
   27	1 	0	-2.9993513443	 0.2502229271	 2.2025432251
   28	1 	0	-2.8919136100	-1.4986571175	 2.2573886180
   29	8 	0	 3.4262721785	 0.5890480348	-0.0197297989
   30	8 	0	-1.9931739771	-0.2965485487	-2.5883555495
   31	1 	0	-2.9385190692	-0.4733071229	-2.6392827235
   32	6 	0	-1.6901789233	 2.1224630366	 0.4604952468
   33	8 	0	-1.4945953669	 3.1174169558	 1.1117657361
   34	1 	0	 0.9063544509	-2.5418568715	 1.9757903985
   35	6 	0	 2.5564401379	 0.9992393585	 2.6995733495
   36	1 	0	 2.5969526179	 1.9682969516	 3.2035121191
   37	1 	0	 2.2165666907	 0.2518052003	 3.4228734451
   38	1 	0	 3.5707769279	 0.7354610296	 2.4001480850
   39	1 	0	-0.5805308800	 1.2664591407	-1.6382874731
   40	6 	0	-2.9129285749	 2.0568803860	-0.4008188042
   41	1 	0	-2.7565369312	 1.4924254204	-1.3149675492
   42	1 	0	-3.7062798314	 1.5625804321	 0.1579892844
   43	1 	0	-3.2328762982	 3.0687196505	-0.6197654061
   44	6 	0	 2.4901535582	-2.5092233792	-1.4006919844
   45	1 	0	 2.7792637526	-1.5379079420	-1.7974692770
   46	1 	0	 3.3764909929	-3.1056956730	-1.2109062115
   47	1 	0	 1.8798738046	-2.9965971509	-2.1613884422
   48	6 	0	-0.7075618083	 0.9000751223	 0.5220673885
   49	6 	0	 1.6626818741	 1.0330085229	 1.4902861824
   50	1 	0	 2.9566523158	 0.7421504352	-1.9561715876
   51	8 	0	-0.2644542436	 1.3846133835	 2.7929699566
   52	1 	0	 0.4053050921	 1.4614120431	 3.4826488601
---------------------------------------------------------------------
SCF Done:  E(scf) =  -1378.4624394100     A.U.

IRC-IRC-IRC-IRC-IRC-IRC-IRC-IRC-IRC-IRC-IRC-IRC-IRC-IRC-IRC-IRC-IRC-IRC
Pt 18 Step number   1 out of a maximum of  1
NET REACTION COORDINATE UP TO THIS POINT =        18.0000000000

IRC-IRC-IRC-IRC-IRC-IRC-IRC-IRC-IRC-IRC-IRC-IRC-IRC-IRC-IRC-IRC-IRC-IRC
                         Input orientation:
---------------------------------------------------------------------
Center     Atomic      Atomic             Coordinates (Angstroms)
Number     Number       Type             X           Y           Z
---------------------------------------------------------------------
    1	6 	0	 1.4145761839	 1.3683649594	-0.9960518194
    2	8 	0	 2.0397050181	 0.9352983400	-2.1885943911
    3	6 	0	 0.3337291051	 1.1820030974	 1.6208561026
    4	6 	0	 2.2645757709	 0.9311124197	 0.1918077036
    5	6 	0	 0.0007296655	 0.8110355712	-0.8908870552
    6	6 	0	-1.4177394450	-0.5080266862	 0.9301646527
    7	6 	0	-2.2536366064	-0.9317781627	-0.2898072432
    8	6 	0	-0.0112604385	-0.7595808434	-1.2965341880
    9	1 	0	 0.5784755011	-0.8316243986	-2.1677320753
   10	6 	0	-1.4494357891	-1.1317896748	-1.5809592182
   11	6 	0	 0.5088094124	-1.5481279628	-0.1479231431
   12	6 	0	-0.2420037899	-1.4640183895	 0.9903026013
   13	8 	0	 0.0153416384	-2.0807277420	 2.1239744730
   14	8 	0	-3.4472473431	-1.0614846973	-0.2539633722
   15	6 	0	 1.6815722670	-2.3904939330	-0.1528242520
   16	8 	0	 2.0251346290	-2.9922217967	 0.8791657153
   17	6 	0	-1.5601576283	-2.5907722701	-2.0276074600
   18	1 	0	-1.0031352171	-2.7251255607	-2.9567539813
   19	1 	0	-1.1883236437	-3.2917661812	-1.2800863142
   20	1 	0	-2.6104531857	-2.8293945572	-2.2179244314
   21	6 	0	 1.3901988559	 2.9085461200	-1.0187133123
   22	1 	0	 0.9370503327	 3.3441895501	-0.1295734233
   23	1 	0	 2.4175476793	 3.2801008544	-1.0923415419
   24	1 	0	 0.8472097471	 3.2474841307	-1.9036346874
   25	6 	0	-2.2835139124	-0.5456308627	 2.1972584619
   26	1 	0	-1.6716838033	-0.4854467130	 3.0925598587
   27	1 	0	-2.9885839842	 0.2817691445	 2.1908233915
   28	1 	0	-2.8673764228	-1.4704528438	 2.2463787349
   29	8 	0	 3.4266781015	 0.5857656785	-0.0080556461
   30	8 	0	-1.9868138740	-0.2907708861	-2.5903997183
   31	1 	0	-2.9244892567	-0.4899460667	-2.6733221251
   32	6 	0	-1.6775782669	 2.1225593607	 0.4555664961
   33	8 	0	-1.4362703135	 3.1426290462	 1.0474031421
   34	1 	0	 0.8660779416	-2.5773473551	 1.9555741408
   35	6 	0	 2.5645943847	 1.0367647067	 2.7163119805
   36	1 	0	 2.5999301633	 2.0140407027	 3.2068556348
   37	1 	0	 2.2292623838	 0.2979344542	 3.4508969463
   38	1 	0	 3.5805175389	 0.7755893936	 2.4190418732
   39	1 	0	-0.5886184499	 1.2779909782	-1.6306614673
   40	6 	0	-2.9271838466	 2.0363031349	-0.3620557924
   41	1 	0	-2.7871228704	 1.4835031075	-1.2878090787
   42	1 	0	-3.6938887698	 1.5196632120	 0.2132672111
   43	1 	0	-3.2707718181	 3.0436882288	-0.5641671775
   44	6 	0	 2.4801521448	-2.5392347577	-1.4125810731
   45	1 	0	 2.7911291326	-1.5631416338	-1.7821206427
   46	1 	0	 3.3531599819	-3.1582595730	-1.2283498344
   47	1 	0	 1.8661921678	-2.9962417894	-2.1896543438
   48	6 	0	-0.6921100148	 0.9182218047	 0.5250061834
   49	6 	0	 1.6706171620	 1.0508457422	 1.5070415424
   50	1 	0	 2.9535313758	 0.7287219732	-1.9301859667
   51	8 	0	-0.2611736006	 1.4091942942	 2.8014000523
   52	1 	0	 0.4040740059	 1.5200853318	 3.4896178771
---------------------------------------------------------------------
SCF Done:  E(scf) =  -1378.4657323873     A.U.

IRC-IRC-IRC-IRC-IRC-IRC-IRC-IRC-IRC-IRC-IRC-IRC-IRC-IRC-IRC-IRC-IRC-IRC
Pt 19 Step number   1 out of a maximum of  1
NET REACTION COORDINATE UP TO THIS POINT =        19.0000000000

IRC-IRC-IRC-IRC-IRC-IRC-IRC-IRC-IRC-IRC-IRC-IRC-IRC-IRC-IRC-IRC-IRC-IRC
                         Input orientation:
---------------------------------------------------------------------
Center     Atomic      Atomic             Coordinates (Angstroms)
Number     Number       Type             X           Y           Z
---------------------------------------------------------------------
    1	6 	0	 1.4175088618	 1.3758572458	-0.9807704783
    2	8 	0	 2.0440562618	 0.9404942875	-2.1706006298
    3	6 	0	 0.3362885316	 1.1929758915	 1.6339374952
    4	6 	0	 2.2654143486	 0.9358713000	 0.2078063858
    5	6 	0	 0.0032036832	 0.8043694950	-0.8820070300
    6	6 	0	-1.4093934742	-0.4959841748	 0.9192667917
    7	6 	0	-2.2414389780	-0.9445037661	-0.2949161375
    8	6 	0	-0.0056724019	-0.7611683265	-1.3025439118
    9	1 	0	 0.5905044023	-0.8397469275	-2.1870968636
   10	6 	0	-1.4486437597	-1.1423755910	-1.5945659813
   11	6 	0	 0.5010833395	-1.5709908577	-0.1616001051
   12	6 	0	-0.2510656735	-1.4648899947	 0.9771095700
   13	8 	0	-0.0030476457	-2.0846079279	 2.1119342079
   14	8 	0	-3.4317888592	-1.1221405171	-0.2412134149
   15	6 	0	 1.6628656288	-2.4288062553	-0.1693601672
   16	8 	0	 1.9876375442	-3.0517862305	 0.8589540208
   17	6 	0	-1.5581105814	-2.5953201175	-2.0562510956
   18	1 	0	-0.9965174287	-2.7158553718	-2.9854781816
   19	1 	0	-1.1761959248	-3.2963426776	-1.3128117271
   20	1 	0	-2.6074875408	-2.8372285563	-2.2462441387
   21	6 	0	 1.3826920393	 2.9135451096	-1.0044142794
   22	1 	0	 0.9140561377	 3.3402175031	-0.1181898660
   23	1 	0	 2.4059211262	 3.2940889085	-1.0729317277
   24	1 	0	 0.8332521772	 3.2408393243	-1.8905015531
   25	6 	0	-2.2691341006	-0.5121238747	 2.1842818221
   26	1 	0	-1.6561879422	-0.4395383812	 3.0783001657
   27	1 	0	-2.9784701489	 0.3140310864	 2.1790721314
   28	1 	0	-2.8419179925	-1.4413496309	 2.2335686829
   29	8 	0	 3.4267897529	 0.5821794815	 0.0037659579
   30	8 	0	-1.9810155686	-0.2853284875	-2.5933286698
   31	1 	0	-2.9112148566	-0.5068750380	-2.7066178396
   32	6 	0	-1.6638149555	 2.1241810802	 0.4507568320
   33	8 	0	-1.3754851326	 3.1686166862	 0.9830469021
   34	1 	0	 0.8262637169	-2.6122002629	 1.9359975690
   35	6 	0	 2.5727668354	 1.0729488285	 2.7325610429
   36	1 	0	 2.6030125891	 2.0575378294	 3.2111306551
   37	1 	0	 2.2417597903	 0.3419170249	 3.4774504653
   38	1 	0	 3.5901698472	 0.8143163573	 2.4373549389
   39	1 	0	-0.5958843870	 1.2893547149	-1.6229881406
   40	6 	0	-2.9411084846	 2.0159516950	-0.3226780838
   41	1 	0	-2.8157640172	 1.4769375685	-1.2612673829
   42	1 	0	-3.6801787688	 1.4743587879	 0.2681936618
   43	1 	0	-3.3115088482	 3.0190141728	-0.5076704592
   44	6 	0	 2.4694276127	-2.5688806928	-1.4244394472
   45	1 	0	 2.8025310630	-1.5884030913	-1.7670938465
   46	1 	0	 3.3289545933	-3.2108162429	-1.2459698965
   47	1 	0	 1.8509890778	-2.9954336497	-2.2171912590
   48	6 	0	-0.6786740832	 0.9299876303	 0.5289083912
   49	6 	0	 1.6780418206	 1.0675724717	 1.5237992974
   50	1 	0	 2.9509175239	 0.7153972654	-1.9038081050
   51	8 	0	-0.2584760252	 1.4331985990	 2.8099793270
   52	1 	0	 0.4020892740	 1.5769362985	 3.4973741045
---------------------------------------------------------------------
SCF Done:  E(scf) =  -1378.4699300995     A.U.

IRC-IRC-IRC-IRC-IRC-IRC-IRC-IRC-IRC-IRC-IRC-IRC-IRC-IRC-IRC-IRC-IRC-IRC
Pt 20 Step number   1 out of a maximum of  1
NET REACTION COORDINATE UP TO THIS POINT =        20.0000000000

IRC-IRC-IRC-IRC-IRC-IRC-IRC-IRC-IRC-IRC-IRC-IRC-IRC-IRC-IRC-IRC-IRC-IRC
                         Input orientation:
---------------------------------------------------------------------
Center     Atomic      Atomic             Coordinates (Angstroms)
Number     Number       Type             X           Y           Z
---------------------------------------------------------------------
    1	6 	0	 1.4181604024	 1.3815398001	-0.9668807711
    2	8 	0	 2.0500931917	 0.9472175639	-2.1543298934
    3	6 	0	 0.3363429864	 1.1982130222	 1.6468027144
    4	6 	0	 2.2654615672	 0.9395703326	 0.2223481025
    5	6 	0	 0.0064379553	 0.7627198830	-0.8800992798
    6	6 	0	-1.3993896036	-0.4713050734	 0.9083080820
    7	6 	0	-2.2299870842	-0.9538876184	-0.3034688266
    8	6 	0	-0.0006424133	-0.7296332302	-1.3043608342
    9	1 	0	 0.6003425627	-0.8446165898	-2.2039514191
   10	6 	0	-1.4464677476	-1.1506482297	-1.6096093818
   11	6 	0	 0.4951452229	-1.5895322705	-0.1717763022
   12	6 	0	-0.2528550223	-1.4621914115	 0.9620823621
   13	8 	0	-0.0220155409	-2.0900776174	 2.0990718831
   14	8 	0	-3.4187795767	-1.1822445349	-0.2296385007
   15	6 	0	 1.6429052112	-2.4662253372	-0.1856364696
   16	8 	0	 1.9506733716	-3.1110998215	 0.8406496423
   17	6 	0	-1.5523047463	-2.5975656436	-2.0836877761
   18	1 	0	-0.9870729628	-2.7063214256	-3.0130663487
   19	1 	0	-1.1617243515	-3.2991675479	-1.3439365870
   20	1 	0	-2.6006469857	-2.8442136638	-2.2736361910
   21	6 	0	 1.3710440508	 2.9163368748	-0.9898087790
   22	1 	0	 0.8887025589	 3.3351389255	-0.1061985302
   23	1 	0	 2.3904598748	 3.3071167905	-1.0526190025
   24	1 	0	 0.8176169856	 3.2344164191	-1.8776868635
   25	6 	0	-2.2532896686	-0.4758871289	 2.1703352161
   26	1 	0	-1.6407782755	-0.3939304249	 3.0640166961
   27	1 	0	-2.9700010449	 0.3469804191	 2.1673445853
   28	1 	0	-2.8147884140	-1.4108571389	 2.2179122848
   29	8 	0	 3.4264231879	 0.5782501395	 0.0160502308
   30	8 	0	-1.9763574576	-0.2799366899	-2.5982144856
   31	1 	0	-2.9001240490	-0.5243390702	-2.7391168416
   32	6 	0	-1.6473751970	 2.1285094198	 0.4461414966
   33	8 	0	-1.3094894619	 3.1986372393	 0.9199445303
   34	1 	0	 0.7887193097	-2.6466834904	 1.9177149006
   35	6 	0	 2.5807020373	 1.1074657951	 2.7479575877
   36	1 	0	 2.6059352909	 2.0982996933	 3.2161866786
   37	1 	0	 2.2539977913	 0.3831771793	 3.5021296746
   38	1 	0	 3.5994755892	 0.8511686326	 2.4548528326
   39	1 	0	-0.6004605759	 1.2985155600	-1.6140227990
   40	6 	0	-2.9544125385	 1.9955444655	-0.2829121982
   41	1 	0	-2.8412354576	 1.4721947538	-1.2352403138
   42	1 	0	-3.6645892069	 1.4252853242	 0.3232612310
   43	1 	0	-3.3573340233	 2.9941497041	-0.4518845693
   44	6 	0	 2.4576795601	-2.5974278522	-1.4360698575
   45	1 	0	 2.8136138867	-1.6129663409	-1.7529158839
   46	1 	0	 3.3035942118	-3.2627927427	-1.2632470640
   47	1 	0	 1.8337161323	-2.9937726758	-2.2439440443
   48	6 	0	-0.6716318291	 0.9256574912	 0.5362912709
   49	6 	0	 1.6840962108	 1.0819759698	 1.5402412802
   50	1 	0	 2.9499174025	 0.7028761945	-1.8772963612
   51	8 	0	-0.2570088496	 1.4554964389	 2.8188779965
   52	1 	0	 0.3995055323	 1.6308695385	 3.5067348956
---------------------------------------------------------------------
SCF Done:  E(scf) =  -1378.4737431198     A.U.

IRC-IRC-IRC-IRC-IRC-IRC-IRC-IRC-IRC-IRC-IRC-IRC-IRC-IRC-IRC-IRC-IRC-IRC
Pt 21 Step number   1 out of a maximum of  1
NET REACTION COORDINATE UP TO THIS POINT =        21.0000000000

IRC-IRC-IRC-IRC-IRC-IRC-IRC-IRC-IRC-IRC-IRC-IRC-IRC-IRC-IRC-IRC-IRC-IRC
Normal termination of Gaussian
