
-----------------------------------------------------------------------
# DirectMaxFlux/UMA, Energy(wB97M-V/def2-TZVPD)
-----------------------------------------------------------------------

IRC-IRC-IRC-IRC-IRC-IRC-IRC-IRC-IRC-IRC-IRC-IRC-IRC-IRC-IRC-IRC-IRC-IRC

Copyright (c) 2025
Computational Biology Laboratory＠the University of Tokyo
(https://www.bi.a.u-tokyo.ac.jp/)　All Rights Reserved.
   _____       _       _    ______                _   _
  /  __ \     | |     | |   | ___ \              | | (_)
  | /  \/ ___ | | __ _| |__ | |_/ /___  __ _  ___| |_ _  ___  _ __
  | |    / _ \| |/ _` | '_ \|    // _ \/ _` |/ __| __| |/ _ \| '_ \
  | \__/| (_) | | (_| | |_) | |\ |  __| (_| | (__| |_| | (_) | | | |
   \____/\___/|_|\__,_|_.__/\_| \_\___|\__,_|\___|\__|_|\___/|_| |_|

    ColabReaction   Embody the Invisible --- the Transition State

***********************************************************************
   14-July-2025  Created by Computational Biology Laboratory＠UTokyo
***********************************************************************

If you use ColabReaction in your research, please cite the following pu
blication:

1. Karasawa, M.; Leow, C. S.; Yajima, H.; Arai, S.; Nishizaki, H.; Tera
   da, T.; Sato H. ChemRxiv 2025. DOI: 10.26434/chemrxiv-2025-zvkqk

We also recommend citing the following references related to the underl
ying DMF/UMA methodology:

2. Nakano, M.; Karasawa, M.; Ohmura, T.; Terada, T.; Sato, H. ChemRxiv
   2025. DOI: 10.26434/chemrxiv-2025-md8k6-v2
3. Koda, S.; Saito, S. Locating Transition States by Variational Reacti
   on Path Optimization with an Energy-Derivative-Free Objective Functi
   on. J. Chem. Theory Comput. 2024, 20 (7), 2798-2811.
4. Koda, S.; Saito, S. Flat-Bottom Elastic Network Model for Generating
   Improved Plausible Reaction Paths. J. Chem. Theory Comput. 2024, 20
   (16), 7176-7187.
5. Koda, S.; Saito, S. Correlated Flat-Bottom Elastic Network Model for
   Improved Bond Rearrangement in Reaction Paths. J. Chem. Theory Compu
   t. 2025, 21 (7), 3513-3522.
6. Wood, B. M.; Dzamba, M.; Fu, X.; Gao, M.; Shuaibi, M.; Barroso-Luque
   , L.; Abdelmaqsoud, K.; Gharakhanyan, V.; Kitchin, J. R.; Levine, D.
   S.; et al. UMA: A Family of Universal Models for Atoms. arXiv prepri
   nt 2025, https://ai.meta.com/research/publications/uma-a-family-of-u
   niversal-models-for-atoms.
7. Levine, D. S.; Shuaibi, M.; Spotte-Smith, E. W. C.; Taylor, M. G.; H
   asyim, M. R.; Michel, K.; Batatia, I.; Csányi, G.; Dzamba, M.; Eastm
   an, P.; et al. The Open Molecules 2025 (OMol25) Dataset, Evaluations
   , and Models. arXiv preprint 2025, arXiv:2505.08762 [physics.chem-ph
   ].
8. fairchem; https://github.com/facebookresearch/fairchem


IRC-IRC-IRC-IRC-IRC-IRC-IRC-IRC-IRC-IRC-IRC-IRC-IRC-IRC-IRC-IRC-IRC-IRC
                         Input orientation:
---------------------------------------------------------------------
Center     Atomic      Atomic             Coordinates (Angstroms)
Number     Number       Type             X           Y           Z
---------------------------------------------------------------------
    1	6 	0	-1.9614997532	 0.8569300332	-0.6760095957
    2	6 	0	-1.1799936978	 1.9810969621	-0.0368292264
    3	6 	0	 0.4407148239	 2.0093999737	 0.1836827997
    4	6 	0	-1.8563669229	-0.6151012468	-0.2324637979
    5	6 	0	 1.0737828843	 0.7743877933	 0.0441720017
    6	6 	0	-0.4290126517	-1.1669877604	-0.3688111446
    7	6 	0	 0.6472361338	-0.5586123307	 0.5707807794
    8	6 	0	 1.9795921113	-1.3633896424	 0.5863364504
    9	6 	0	 2.7106731425	-0.8539171890	-0.6621147454
   10	6 	0	 2.3817069601	 0.6421031229	-0.6659810200
   11	6 	0	 1.8480377910	-2.8779543757	 0.6775489867
   12	6 	0	 1.1272422105	 3.2724670999	-0.2916684173
   13	6 	0	-0.6529328532	 2.1386794755	 1.3001410324
   14	6 	0	-2.7345196029	-1.4144321596	-1.2113641090
   15	6 	0	-2.4214496183	-0.8371888372	 1.1782223336
   16	1 	0	-3.0111316864	 1.1630344803	-0.5579212252
   17	1 	0	-1.3802766137	 2.9227109547	-0.5462836433
   18	1 	0	-0.1046516107	-1.0876592355	-1.4155647566
   19	1 	0	-1.7614723148	 0.9112876245	-1.7537188723
   20	1 	0	-0.4665720576	-2.2358775373	-0.1359201679
   21	1 	0	 0.2175286389	-0.4853077613	 1.5745211695
   22	1 	0	 2.5384261452	-1.0153740255	 1.4664927295
   23	1 	0	 3.7845835176	-1.0458700853	-0.6307657922
   24	1 	0	 2.3144829578	-1.3384300126	-1.5613802935
   25	1 	0	 3.1136515489	 1.2121177320	-0.0683089468
   26	1 	0	 2.3654610318	 1.1336259608	-1.6458062538
   27	1 	0	 1.4353883745	-3.3075206939	-0.2395260224
   28	1 	0	 2.8331473246	-3.3245665077	 0.8331747185
   29	1 	0	 1.2135731029	-3.1772614103	 1.5176524119
   30	1 	0	 1.3117912103	 3.2501603387	-1.3693413314
   31	1 	0	 2.0837772805	 3.4124406311	 0.2202192229
   32	1 	0	 0.5085887763	 4.1466109022	-0.0784340507
   33	1 	0	-0.6945425803	 1.3234467304	 2.0095268309
   34	1 	0	-0.6428711488	 3.1319759218	 1.7382955977
   35	1 	0	-3.7669385235	-1.0516231523	-1.1901952214
   36	1 	0	-2.3669876775	-1.3315552701	-2.2394117342
   37	1 	0	-2.7479630003	-2.4740255183	-0.9396122393
   38	1 	0	-1.8953709937	-0.2944098921	 1.9659595739
   39	1 	0	-3.4693716787	-0.5243261182	 1.2167527453
   40	1 	0	-2.3854609810	-1.9010849752	 1.4339532233
---------------------------------------------------------------------
SCF Done:  E(scf) =  -586.2896261443     A.U.

IRC-IRC-IRC-IRC-IRC-IRC-IRC-IRC-IRC-IRC-IRC-IRC-IRC-IRC-IRC-IRC-IRC-IRC
Pt 0 Step number   1 out of a maximum of  1
NET REACTION COORDINATE UP TO THIS POINT =         0.0000000000

IRC-IRC-IRC-IRC-IRC-IRC-IRC-IRC-IRC-IRC-IRC-IRC-IRC-IRC-IRC-IRC-IRC-IRC
                         Input orientation:
---------------------------------------------------------------------
Center     Atomic      Atomic             Coordinates (Angstroms)
Number     Number       Type             X           Y           Z
---------------------------------------------------------------------
    1	6 	0	-1.9413946723	 0.8425907471	-0.6828200158
    2	6 	0	-1.2095388916	 1.9569337292	-0.0744221963
    3	6 	0	 0.5062909599	 2.0214284323	 0.2440645113
    4	6 	0	-1.8595850268	-0.6325909774	-0.2281205281
    5	6 	0	 1.1016894645	 0.7752205485	 0.0610226973
    6	6 	0	-0.4338711328	-1.1756032363	-0.3655785086
    7	6 	0	 0.6320016675	-0.5464490841	 0.5628588396
    8	6 	0	 1.9660377818	-1.3469768244	 0.5757584946
    9	6 	0	 2.6897195522	-0.8489287561	-0.6827248425
   10	6 	0	 2.3662746285	 0.6421565448	-0.7006771909
   11	6 	0	 1.8456640046	-2.8580326702	 0.6768784774
   12	6 	0	 1.1882942513	 3.2785680893	-0.2263460107
   13	6 	0	-0.6648602184	 2.1345523451	 1.2976838050
   14	6 	0	-2.7421783733	-1.4288928384	-1.2042613561
   15	6 	0	-2.4249698221	-0.8479631092	 1.1816111547
   16	1 	0	-2.9913588696	 1.1561826572	-0.5382645351
   17	1 	0	-1.3190903315	 2.9233792756	-0.5764489830
   18	1 	0	-0.1132643033	-1.1018440587	-1.4122233361
   19	1 	0	-1.7631042531	 0.8741113434	-1.7609083855
   20	1 	0	-0.4635160420	-2.2412202418	-0.1233289698
   21	1 	0	 0.2089261053	-0.4717493166	 1.5688312524
   22	1 	0	 2.5274892854	-0.9869746744	 1.4485110315
   23	1 	0	 3.7624267529	-1.0289943027	-0.6471567870
   24	1 	0	 2.2947523123	-1.3489378564	-1.5719209844
   25	1 	0	 3.1009152981	 1.2239300990	-0.1323011969
   26	1 	0	 2.3223481101	 1.1213761377	-1.6892821332
   27	1 	0	 1.4348196726	-3.2950190342	-0.2356176742
   28	1 	0	 2.8339690134	-3.2930803420	 0.8299819163
   29	1 	0	 1.2182925933	-3.1597129937	 1.5192022548
   30	1 	0	 1.3667467776	 3.2419952338	-1.3046742962
   31	1 	0	 2.1418454368	 3.4371213280	 0.2829507778
   32	1 	0	 0.5498506768	 4.1357808847	-0.0149215790
   33	1 	0	-0.7236511113	 1.3479019714	 2.0023652688
   34	1 	0	-0.7413515574	 3.1464067087	 1.6430783248
   35	1 	0	-3.7701421640	-1.0569551978	-1.1935071606
   36	1 	0	-2.3680696614	-1.3584657290	-2.2294292014
   37	1 	0	-2.7676005038	-2.4848349166	-0.9239502616
   38	1 	0	-1.8968023670	-0.3043760620	 1.9651247298
   39	1 	0	-3.4705994801	-0.5318934121	 1.2178965147
   40	1 	0	-2.3934055633	-1.9101404419	 1.4410660822
---------------------------------------------------------------------
SCF Done:  E(scf) =  -586.2839816360     A.U.

IRC-IRC-IRC-IRC-IRC-IRC-IRC-IRC-IRC-IRC-IRC-IRC-IRC-IRC-IRC-IRC-IRC-IRC
Pt 1 Step number   1 out of a maximum of  1
NET REACTION COORDINATE UP TO THIS POINT =         1.0000000000

IRC-IRC-IRC-IRC-IRC-IRC-IRC-IRC-IRC-IRC-IRC-IRC-IRC-IRC-IRC-IRC-IRC-IRC
                         Input orientation:
---------------------------------------------------------------------
Center     Atomic      Atomic             Coordinates (Angstroms)
Number     Number       Type             X           Y           Z
---------------------------------------------------------------------
    1	6 	0	-1.9253877597	 0.8259359160	-0.6901145847
    2	6 	0	-1.1945569567	 1.9409742599	-0.0985038439
    3	6 	0	 0.5570859487	 2.0332008365	 0.3082891277
    4	6 	0	-1.8618409339	-0.6473097248	-0.2235544259
    5	6 	0	 1.1049706899	 0.7814320465	 0.0693025496
    6	6 	0	-0.4378995961	-1.1860150536	-0.3585132759
    7	6 	0	 0.6186905057	-0.5386237803	 0.5597196194
    8	6 	0	 1.9578054071	-1.3305428407	 0.5662137848
    9	6 	0	 2.6666411742	-0.8426442080	-0.7040089741
   10	6 	0	 2.3393158656	 0.6453934341	-0.7365260956
   11	6 	0	 1.8482413336	-2.8397802487	 0.6784991328
   12	6 	0	 1.2407027652	 3.2833030966	-0.1592713090
   13	6 	0	-0.6780979569	 2.1341473922	 1.2740287246
   14	6 	0	-2.7482062603	-1.4402942288	-1.1977567856
   15	6 	0	-2.4292324740	-0.8557396128	 1.1855782881
   16	1 	0	-2.9721629333	 1.1531897395	-0.5260347337
   17	1 	0	-1.2500161633	 2.9093228459	-0.6143235260
   18	1 	0	-0.1194613296	-1.1182598030	-1.4054036876
   19	1 	0	-1.7626591981	 0.8403576517	-1.7691692099
   20	1 	0	-0.4622323200	-2.2483543931	-0.1063944399
   21	1 	0	 0.2047369557	-0.4635831526	 1.5685618919
   22	1 	0	 2.5245598373	-0.9587879977	 1.4295456633
   23	1 	0	 3.7398506923	-1.0114427831	-0.6714194304
   24	1 	0	 2.2708602094	-1.3587334524	-1.5819984019
   25	1 	0	 3.0835295264	 1.2365519348	-0.1999842045
   26	1 	0	 2.2663956364	 1.1062059054	-1.7322187690
   27	1 	0	 1.4375786142	-3.2841110797	-0.2291689550
   28	1 	0	 2.8396856411	-3.2651753906	 0.8291012985
   29	1 	0	 1.2273651946	-3.1413906282	 1.5240151719
   30	1 	0	 1.4224437720	 3.2372655845	-1.2373077662
   31	1 	0	 2.1934053177	 3.4501289826	 0.3525218852
   32	1 	0	 0.5913397338	 4.1319867395	 0.0503456975
   33	1 	0	-0.7618902735	 1.3638396723	 1.9877791035
   34	1 	0	-0.8319268655	 3.1548773369	 1.5501033308
   35	1 	0	-3.7723071056	-1.0597393813	-1.1940208467
   36	1 	0	-2.3689204016	-1.3778382265	-2.2206005638
   37	1 	0	-2.7834142553	-2.4937261447	-0.9123170735
   38	1 	0	-1.8984244641	-0.3146561328	 1.9677041143
   39	1 	0	-3.4724816667	-0.5344729837	 1.2201557806
   40	1 	0	-2.4040859070	-1.9168921278	 1.4471457385
---------------------------------------------------------------------
SCF Done:  E(scf) =  -586.2794015976     A.U.

IRC-IRC-IRC-IRC-IRC-IRC-IRC-IRC-IRC-IRC-IRC-IRC-IRC-IRC-IRC-IRC-IRC-IRC
Pt 2 Step number   1 out of a maximum of  1
NET REACTION COORDINATE UP TO THIS POINT =         2.0000000000

IRC-IRC-IRC-IRC-IRC-IRC-IRC-IRC-IRC-IRC-IRC-IRC-IRC-IRC-IRC-IRC-IRC-IRC
                         Input orientation:
---------------------------------------------------------------------
Center     Atomic      Atomic             Coordinates (Angstroms)
Number     Number       Type             X           Y           Z
---------------------------------------------------------------------
    1	6 	0	-1.9122497372	 0.8082868748	-0.6974830468
    2	6 	0	-1.1451767205	 1.9269833336	-0.1168321146
    3	6 	0	 0.5952586068	 2.0442872397	 0.3734442851
    4	6 	0	-1.8635729814	-0.6597599213	-0.2191229772
    5	6 	0	 1.0886907383	 0.7913503599	 0.0695634250
    6	6 	0	-0.4416235348	-1.1982112894	-0.3482970989
    7	6 	0	 0.6069479981	-0.5341850755	 0.5598626136
    8	6 	0	 1.9533490603	-1.3141079262	 0.5574242575
    9	6 	0	 2.6421856573	-0.8350582599	-0.7255140061
   10	6 	0	 2.3042323398	 0.6511226306	-0.7725769460
   11	6 	0	 1.8548776663	-2.8227740806	 0.6817203937
   12	6 	0	 1.2846459901	 3.2873240009	-0.0921993062
   13	6 	0	-0.6902566197	 2.1370429577	 1.2387794597
   14	6 	0	-2.7532120237	-1.4492052888	-1.1920226487
   15	6 	0	-2.4343349400	-0.8606705054	 1.1896014423
   16	1 	0	-2.9518715991	 1.1547298146	-0.5181974365
   17	1 	0	-1.1732385668	 2.8811495587	-0.6605683098
   18	1 	0	-0.1239252850	-1.1378027692	-1.3955515556
   19	1 	0	-1.7626295665	 0.8101489388	-1.7780749775
   20	1 	0	-0.4631163084	-2.2570841952	-0.0853411756
   21	1 	0	 0.2038475525	-0.4591903663	 1.5720512128
   22	1 	0	 2.5271906934	-0.9308710719	 1.4099895880
   23	1 	0	 3.7170192266	-0.9932425585	-0.7011268906
   24	1 	0	 2.2441860283	-1.3673145888	-1.5916793415
   25	1 	0	 3.0619707901	 1.2495914592	-0.2676064326
   26	1 	0	 2.2034399589	 1.0899168906	-1.7740030032
   27	1 	0	 1.4431637327	-3.2747756834	-0.2207435415
   28	1 	0	 2.8495418344	-3.2397371158	 0.8296485128
   29	1 	0	 1.2403625135	-3.1228332875	 1.5313054471
   30	1 	0	 1.4785047943	 3.2353456821	-1.1683773846
   31	1 	0	 2.2361491260	 3.4552467321	 0.4276364969
   32	1 	0	 0.6303758784	 4.1334450241	 0.1137384019
   33	1 	0	-0.8063817458	 1.3728017603	 1.9663683123
   34	1 	0	-0.9115782786	 3.1593681691	 1.4665446014
   35	1 	0	-3.7739172142	-1.0605180223	-1.1927884873
   36	1 	0	-2.3698034004	-1.3915562987	-2.2130003134
   37	1 	0	-2.7965815201	-2.5009718022	-0.9039272475
   38	1 	0	-1.8999720659	-0.3249262976	 1.9723286061
   39	1 	0	-3.4748602819	-0.5320844780	 1.2229631962
   40	1 	0	-2.4176377964	-1.9212605443	 1.4520639893
---------------------------------------------------------------------
SCF Done:  E(scf) =  -586.2778960192     A.U.

IRC-IRC-IRC-IRC-IRC-IRC-IRC-IRC-IRC-IRC-IRC-IRC-IRC-IRC-IRC-IRC-IRC-IRC
Pt 3 Step number   1 out of a maximum of  1
NET REACTION COORDINATE UP TO THIS POINT =         3.0000000000

IRC-IRC-IRC-IRC-IRC-IRC-IRC-IRC-IRC-IRC-IRC-IRC-IRC-IRC-IRC-IRC-IRC-IRC
                         Input orientation:
---------------------------------------------------------------------
Center     Atomic      Atomic             Coordinates (Angstroms)
Number     Number       Type             X           Y           Z
---------------------------------------------------------------------
    1	6 	0	-1.9007513264	 0.7909649581	-0.7045151462
    2	6 	0	-1.0715270100	 1.9087257292	-0.1371649537
    3	6 	0	 0.6229677510	 2.0542576957	 0.4366176201
    4	6 	0	-1.8652195068	-0.6704439991	-0.2151836683
    5	6 	0	 1.0579137873	 0.8033035613	 0.0623571898
    6	6 	0	-0.4455684422	-1.2121800206	-0.3356116304
    7	6 	0	 0.5964194945	-0.5321816259	 0.5617873173
    8	6 	0	 1.9511228141	-1.2976923159	 0.5491118489
    9	6 	0	 2.6171006507	-0.8261656267	-0.7467868046
   10	6 	0	 2.2644257196	 0.6586529740	-0.8078789542
   11	6 	0	 1.8646808912	-2.8065911350	 0.6858517007
   12	6 	0	 1.3203021642	 3.2912826808	-0.0268849959
   13	6 	0	-0.6989467576	 2.1428173826	 1.2015396786
   14	6 	0	-2.7578044233	-1.4561949761	-1.1872311964
   15	6 	0	-2.4403745864	-0.8629079447	 1.1931583253
   16	1 	0	-2.9288125887	 1.1614769700	-0.5117182586
   17	1 	0	-1.0889420001	 2.8394673070	-0.7158443721
   18	1 	0	-0.1273387652	-1.1613692579	-1.3831126844
   19	1 	0	-1.7655077750	 0.7836075939	-1.7871993208
   20	1 	0	-0.4665634238	-2.2672138520	-0.0603937738
   21	1 	0	 0.2051442579	-0.4569520549	 1.5776373400
   22	1 	0	 2.5329347462	-0.9032809733	 1.3902357686
   23	1 	0	 3.6940962468	-0.9744206604	-0.7338523359
   24	1 	0	 2.2161091479	-1.3741790535	-1.6010305984
   25	1 	0	 3.0367156454	 1.2626568917	-0.3314163439
   26	1 	0	 2.1393174257	 1.0743107201	-1.8140216777
   27	1 	0	 1.4510735614	-3.2669916981	-0.2109051099
   28	1 	0	 2.8627822200	-3.2156509800	 0.8307392068
   29	1 	0	 1.2568561568	-3.1045799450	 1.5402873647
   30	1 	0	 1.5345524455	 3.2356098180	-1.0990187948
   31	1 	0	 2.2677690645	 3.4562577136	 0.5069985647
   32	1 	0	 0.6642790415	 4.1383722960	 0.1716271573
   33	1 	0	-0.8542472069	 1.3763301625	 1.9387328726
   34	1 	0	-0.9772870022	 3.1618595681	 1.3995761219
   35	1 	0	-3.7754563558	-1.0598334402	-1.1908622900
   36	1 	0	-2.3709821602	-1.4015034817	-2.2067029420
   37	1 	0	-2.8082795637	-2.5068444887	-0.8979953558
   38	1 	0	-1.9011799533	-0.3348627496	 1.9776290838
   39	1 	0	-3.4775773687	-0.5247475398	 1.2257514146
   40	1 	0	-2.4341970160	-1.9231662033	 1.4556926320
---------------------------------------------------------------------
SCF Done:  E(scf) =  -586.2751939320     A.U.

IRC-IRC-IRC-IRC-IRC-IRC-IRC-IRC-IRC-IRC-IRC-IRC-IRC-IRC-IRC-IRC-IRC-IRC
Pt 4 Step number   1 out of a maximum of  1
NET REACTION COORDINATE UP TO THIS POINT =         4.0000000000

IRC-IRC-IRC-IRC-IRC-IRC-IRC-IRC-IRC-IRC-IRC-IRC-IRC-IRC-IRC-IRC-IRC-IRC
                         Input orientation:
---------------------------------------------------------------------
Center     Atomic      Atomic             Coordinates (Angstroms)
Number     Number       Type             X           Y           Z
---------------------------------------------------------------------
    1	6 	0	-1.8896632491	 0.7752915008	-0.7108006272
    2	6 	0	-0.9837366523	 1.8799662260	-0.1672603069
    3	6 	0	 0.6423721980	 2.0626822581	 0.4948967692
    4	6 	0	-1.8672188476	-0.6798643905	-0.2120939852
    5	6 	0	 1.0177040145	 0.8156197235	 0.0482357103
    6	6 	0	-0.4502598116	-1.2279093243	-0.3211385229
    7	6 	0	 0.5867503450	-0.5316620880	 0.5639932253
    8	6 	0	 1.9495807415	-1.2813162449	 0.5409984956
    9	6 	0	 2.5921338033	-0.8159610235	-0.7673742354
   10	6 	0	 2.2232976733	 0.6672933041	-0.8414813323
   11	6 	0	 1.8767588970	-2.7908083812	 0.6902024947
   12	6 	0	 1.3478495254	 3.2958310152	 0.0349166280
   13	6 	0	-0.7017789216	 2.1510490079	 1.1719130497
   14	6 	0	-2.7625922192	-1.4618322487	-1.1835546800
   15	6 	0	-2.4474487793	-0.8626040880	 1.1957266457
   16	1 	0	-2.9013136235	 1.1741052931	-0.5035628153
   17	1 	0	-0.9973109211	 2.7848839837	-0.7808127504
   18	1 	0	-0.1303843658	-1.1898555696	-1.3685328185
   19	1 	0	-1.7737862402	 0.7608560061	-1.7961158720
   20	1 	0	-0.4729690829	-2.2785475675	-0.0317768319
   21	1 	0	 0.2075134342	-0.4552493153	 1.5836583983
   22	1 	0	 2.5393448883	-0.8760747785	 1.3706771682
   23	1 	0	 3.6712456434	-0.9550041206	-0.7671689347
   24	1 	0	 2.1880089474	-1.3788246348	-1.6101189678
   25	1 	0	 3.0082406484	 1.2753564516	-0.3876624014
   26	1 	0	 2.0798643850	 1.0611890207	-1.8516616345
   27	1 	0	 1.4608066338	-3.2607379769	-0.2002173366
   28	1 	0	 2.8786514245	-3.1918024455	 0.8314890281
   29	1 	0	 1.2764177311	-3.0871695742	 1.5501752087
   30	1 	0	 1.5902093266	 3.2374322832	-1.0303676399
   31	1 	0	 2.2859573358	 3.4569450645	 0.5893120403
   32	1 	0	 0.6903691542	 4.1449851126	 0.2203825869
   33	1 	0	-0.9026083357	 1.3759668061	 1.9054727616
   34	1 	0	-1.0260342420	 3.1643318969	 1.3563718781
   35	1 	0	-3.7774083963	-1.0582279543	-1.1892944625
   36	1 	0	-2.3727201833	-1.4095633117	-2.2017829418
   37	1 	0	-2.8196856515	-2.5116168037	-0.8937359707
   38	1 	0	-1.9017829071	-0.3441416818	 1.9822364262
   39	1 	0	-3.4804749705	-0.5124818142	 1.2279530888
   40	1 	0	-2.4538993502	-1.9225296165	 1.4579034639
---------------------------------------------------------------------
SCF Done:  E(scf) =  -586.2719302451     A.U.

IRC-IRC-IRC-IRC-IRC-IRC-IRC-IRC-IRC-IRC-IRC-IRC-IRC-IRC-IRC-IRC-IRC-IRC
Pt 5 Step number   1 out of a maximum of  1
NET REACTION COORDINATE UP TO THIS POINT =         5.0000000000

IRC-IRC-IRC-IRC-IRC-IRC-IRC-IRC-IRC-IRC-IRC-IRC-IRC-IRC-IRC-IRC-IRC-IRC
                         Input orientation:
---------------------------------------------------------------------
Center     Atomic      Atomic             Coordinates (Angstroms)
Number     Number       Type             X           Y           Z
---------------------------------------------------------------------
    1	6 	0	-1.8778747958	 0.7624740789	-0.7159776851
    2	6 	0	-0.8914504589	 1.8352605109	-0.2140121398
    3	6 	0	 0.6553912380	 2.0692469613	 0.5454922553
    4	6 	0	-1.8699594462	-0.6884739052	-0.2101794603
    5	6 	0	 0.9729331460	 0.8266815555	 0.0278193941
    6	6 	0	-0.4561585448	-1.2453406175	-0.3055708901
    7	6 	0	 0.5776225666	-0.5317629643	 0.5650957284
    8	6 	0	 1.9473252902	-1.2650522068	 0.5328567808
    9	6 	0	 2.5680543007	-0.8044915471	-0.7868059511
   10	6 	0	 2.1840998349	 0.6763820452	-0.8724280274
   11	6 	0	 1.8902377188	-2.7750879887	 0.6941253403
   12	6 	0	 1.3674458447	 3.3015771598	 0.0914683344
   13	6 	0	-0.6966320874	 2.1612795588	 1.1586782898
   14	6 	0	-2.7681229637	-1.4666325268	-1.1811481490
   15	6 	0	-2.4556171780	-0.8599442503	 1.1968352234
   16	1 	0	-2.8679107833	 1.1931248708	-0.4909427613
   17	1 	0	-0.8987869204	 2.7182018971	-0.8559134593
   18	1 	0	-0.1336970970	-1.2239714167	-1.3522958838
   19	1 	0	-1.7896943190	 0.7420313655	-1.8043910661
   20	1 	0	-0.4826498115	-2.2908712759	 0.0001772414
   21	1 	0	 0.2099099420	-0.4526142743	 1.5885640288
   22	1 	0	 2.5441642483	-0.8493714189	 1.3517392856
   23	1 	0	 3.6487060933	-0.9350837127	-0.7987592630
   24	1 	0	 2.1612316061	-1.3808050737	-1.6189834696
   25	1 	0	 2.9771199721	 1.2873171262	-0.4328633138
   26	1 	0	 2.0304829151	 1.0521993445	-1.8862720241
   27	1 	0	 1.4718514170	-3.2559715201	-0.1892503898
   28	1 	0	 2.8963815887	-3.1672530775	 0.8310875807
   29	1 	0	 1.2985572673	-3.0711303951	 1.5602049684
   30	1 	0	 1.6450156271	 3.2401955653	-0.9635864790
   31	1 	0	 2.2886497663	 3.4608547862	 0.6731325381
   32	1 	0	 0.7062546364	 4.1516732951	 0.2565508047
   33	1 	0	-0.9487467572	 1.3732224800	 1.8673914590
   34	1 	0	-1.0550552542	 3.1685173416	 1.3434062536
   35	1 	0	-3.7802053743	-1.0561886687	-1.1890458862
   36	1 	0	-2.3752583960	-1.4174542509	-2.1983074969
   37	1 	0	-2.8318726002	-2.5155332891	-0.8904303130
   38	1 	0	-1.9015582525	-0.3524626891	 1.9849014084
   39	1 	0	-3.4834021839	-0.4954156283	 1.2290473731
   40	1 	0	-2.4767817954	-1.9193272449	 1.4585898203
---------------------------------------------------------------------
SCF Done:  E(scf) =  -586.2719976928     A.U.

IRC-IRC-IRC-IRC-IRC-IRC-IRC-IRC-IRC-IRC-IRC-IRC-IRC-IRC-IRC-IRC-IRC-IRC
Pt 6 Step number   1 out of a maximum of  1
NET REACTION COORDINATE UP TO THIS POINT =         6.0000000000

IRC-IRC-IRC-IRC-IRC-IRC-IRC-IRC-IRC-IRC-IRC-IRC-IRC-IRC-IRC-IRC-IRC-IRC
                         Input orientation:
---------------------------------------------------------------------
Center     Atomic      Atomic             Coordinates (Angstroms)
Number     Number       Type             X           Y           Z
---------------------------------------------------------------------
    1	6 	0	-1.8653072481	 0.7527301474	-0.7201062179
    2	6 	0	-0.8001005113	 1.7760480982	-0.2767945962
    3	6 	0	 0.6618593941	 2.0746472993	 0.5866841703
    4	6 	0	-1.8733954729	-0.6962934538	-0.2094875107
    5	6 	0	 0.9267978653	 0.8353473036	 0.0023252090
    6	6 	0	-0.4631633593	-1.2640092011	-0.2897015988
    7	6 	0	 0.5690373190	-0.5323853465	 0.5647189400
    8	6 	0	 1.9442503181	-1.2494275386	 0.5249001029
    9	6 	0	 2.5458187753	-0.7922602096	-0.8044617845
   10	6 	0	 2.1487779826	 0.6855151154	-0.8997171624
   11	6 	0	 1.9044013367	-2.7598336860	 0.6973481405
   12	6 	0	 1.3790707541	 3.3087487177	 0.1411874924
   13	6 	0	-0.6837215221	 2.1727320675	 1.1634339794
   14	6 	0	-2.7744114783	-1.4706452549	-1.1800169358
   15	6 	0	-2.4646112524	-0.8554023361	 1.1964577407
   16	1 	0	-2.8289536348	 1.2176183776	-0.4732112064
   17	1 	0	-0.7960495936	 2.6419154863	-0.9396627944
   18	1 	0	-0.1374977994	-1.2628025010	-1.3352181267
   19	1 	0	-1.8131717752	 0.7273996833	-1.8115286948
   20	1 	0	-0.4952354944	-2.3038118961	 0.0341976774
   21	1 	0	 0.2118848316	-0.4488935761	 1.5917744774
   22	1 	0	 2.5467917128	-0.8238281958	 1.3341308017
   23	1 	0	 3.6273671878	-0.9153050021	-0.8272581515
   24	1 	0	 2.1368343426	-1.3801611087	-1.6274213728
   25	1 	0	 2.9447774155	 1.2983292496	-0.4658899307
   26	1 	0	 1.9927953398	 1.0476482255	-1.9168739433
   27	1 	0	 1.4836087648	-3.2524591316	-0.1786309376
   28	1 	0	 2.9150961797	-3.1425971903	 0.8293681618
   29	1 	0	 1.3222488596	-3.0568970325	 1.5698015480
   30	1 	0	 1.6977942531	 3.2433534886	-0.9000721376
   31	1 	0	 2.2759026081	 3.4694689228	 0.7557245883
   32	1 	0	 0.7120548289	 4.1583347002	 0.2782053448
   33	1 	0	-0.9913362189	 1.3693369559	 1.8270636691
   34	1 	0	-1.0637964764	 3.1739880336	 1.3610645043
   35	1 	0	-3.7838282393	-1.0537221100	-1.1902825664
   36	1 	0	-2.3786412290	-1.4254580071	-2.1962801878
   37	1 	0	-2.8450041364	-2.5185942807	-0.8879396922
   38	1 	0	-1.9006536072	-0.3597290500	 1.9854183500
   39	1 	0	-3.4862694964	-0.4746232478	 1.2289181529
   40	1 	0	-2.5020215243	-1.9140225164	 1.4578324975
---------------------------------------------------------------------
SCF Done:  E(scf) =  -586.2727645446     A.U.

IRC-IRC-IRC-IRC-IRC-IRC-IRC-IRC-IRC-IRC-IRC-IRC-IRC-IRC-IRC-IRC-IRC-IRC
Pt 7 Step number   1 out of a maximum of  1
NET REACTION COORDINATE UP TO THIS POINT =         7.0000000000

IRC-IRC-IRC-IRC-IRC-IRC-IRC-IRC-IRC-IRC-IRC-IRC-IRC-IRC-IRC-IRC-IRC-IRC
                         Input orientation:
---------------------------------------------------------------------
Center     Atomic      Atomic             Coordinates (Angstroms)
Number     Number       Type             X           Y           Z
---------------------------------------------------------------------
    1	6 	0	-1.8524132525	 0.7457673544	-0.7234632557
    2	6 	0	-0.7129497832	 1.7073129411	-0.3511099117
    3	6 	0	 0.6605377560	 2.0800985310	 0.6173033201
    4	6 	0	-1.8772574942	-0.7031215645	-0.2099223539
    5	6 	0	 0.8816323873	 0.8407200659	-0.0267227117
    6	6 	0	-0.4708835075	-1.2832412699	-0.2743748782
    7	6 	0	 0.5611600862	-0.5338240086	 0.5630063586
    8	6 	0	 1.9409146223	-1.2352037731	 0.5175688334
    9	6 	0	 2.5264803747	-0.7800047708	-0.8196444270
   10	6 	0	 2.1186055177	 0.6944210151	-0.9223232654
   11	6 	0	 1.9186150553	-2.7458310251	 0.6997920577
   12	6 	0	 1.3826121630	 3.3173773476	 0.1825710742
   13	6 	0	-0.6644654341	 2.1844654733	 1.1840816928
   14	6 	0	-2.7811982846	-1.4736799495	-1.1800892843
   15	6 	0	-2.4739934899	-0.8496008433	 1.1947969362
   16	1 	0	-2.7857254979	 1.2459335225	-0.4508238819
   17	1 	0	-0.6929308711	 2.5593904585	-1.0295865410
   18	1 	0	-0.1417940603	-1.3045983320	-1.3182869034
   19	1 	0	-1.8429794753	 0.7172933001	-1.8170002955
   20	1 	0	-0.5100024691	-2.3169144717	 0.0685305515
   21	1 	0	 0.2132961274	-0.4446107017	 1.5932097481
   22	1 	0	 2.5474787079	-0.8003796130	 1.3187062058
   23	1 	0	 3.6084536701	-0.8965992126	-0.8517907401
   24	1 	0	 2.1157255915	-1.3771842308	-1.6351054708
   25	1 	0	 2.9130742451	 1.3082672625	-0.4868242039
   26	1 	0	 1.9664778112	 1.0471517153	-1.9423195755
   27	1 	0	 1.4954344195	-3.2498696838	-0.1690147402
   28	1 	0	 2.9338627094	-3.1192183003	 0.8264955025
   29	1 	0	 1.3461906513	-3.0448559193	 1.5784871229
   30	1 	0	 1.7469987857	 3.2463966085	-0.8413420636
   31	1 	0	 2.2488639071	 3.4832067994	 0.8336879498
   32	1 	0	 0.7091819299	 4.1656436624	 0.2842062006
   33	1 	0	-1.0297672635	 1.3654104603	 1.7879760885
   34	1 	0	-1.0528428699	 3.1792039057	 1.4065966333
   35	1 	0	-3.7880256776	-1.0505873583	-1.1927612317
   36	1 	0	-2.3828119386	-1.4331165122	-2.1956718457
   37	1 	0	-2.8587759018	-2.5206743741	-0.8864241017
   38	1 	0	-1.8994072501	-0.3659489176	 1.9841188853
   39	1 	0	-3.4890190054	-0.4516659961	 1.2276577073
   40	1 	0	-2.5283529919	-1.9073295951	 1.4558088144
---------------------------------------------------------------------
SCF Done:  E(scf) =  -586.2705423892     A.U.

IRC-IRC-IRC-IRC-IRC-IRC-IRC-IRC-IRC-IRC-IRC-IRC-IRC-IRC-IRC-IRC-IRC-IRC
Pt 8 Step number   1 out of a maximum of  1
NET REACTION COORDINATE UP TO THIS POINT =         8.0000000000

IRC-IRC-IRC-IRC-IRC-IRC-IRC-IRC-IRC-IRC-IRC-IRC-IRC-IRC-IRC-IRC-IRC-IRC
                         Input orientation:
---------------------------------------------------------------------
Center     Atomic      Atomic             Coordinates (Angstroms)
Number     Number       Type             X           Y           Z
---------------------------------------------------------------------
    1	6 	0	-1.8396498470	 0.7412891345	-0.7263276232
    2	6 	0	-0.6332433219	 1.6340682856	-0.4324283223
    3	6 	0	 0.6501785421	 2.0868202107	 0.6361850618
    4	6 	0	-1.8812742288	-0.7087549280	-0.2113870238
    5	6 	0	 0.8397637989	 0.8419049636	-0.0577976960
    6	6 	0	-0.4789258493	-1.3023612904	-0.2604353817
    7	6 	0	 0.5541577102	-0.5363769778	 0.5601057750
    8	6 	0	 1.9378824950	-1.2231443788	 0.5113052196
    9	6 	0	 2.5110930445	-0.7684649309	-0.8316559325
   10	6 	0	 2.0948502849	 0.7028293402	-0.9392206697
   11	6 	0	 1.9322448515	-2.7338687138	 0.7013798512
   12	6 	0	 1.3779572227	 3.3274930891	 0.2141167096
   13	6 	0	-0.6402919734	 2.1955373592	 1.2184924505
   14	6 	0	-2.7882216374	-1.4755441445	-1.1812928014
   15	6 	0	-2.4833249811	-0.8431634977	 1.1920574420
   16	1 	0	-2.7395174093	 1.2764119405	-0.4242456314
   17	1 	0	-0.5932722066	 2.4739997210	-1.1232022980
   18	1 	0	-0.1465917047	-1.3476015083	-1.3024909844
   19	1 	0	-1.8778685429	 0.7120451044	-1.8202771387
   20	1 	0	-0.5262241511	-2.3297233692	 0.1014179463
   21	1 	0	 0.2140043908	-0.4402947257	 1.5927939750
   22	1 	0	 2.5464837054	-0.7799624657	 1.3063211923
   23	1 	0	 3.5931930530	-0.8798999288	-0.8714862211
   24	1 	0	 2.0988125577	-1.3721680028	-1.6417075280
   25	1 	0	 2.8838753426	 1.3170063006	-0.4957580944
   26	1 	0	 1.9511903971	 1.0503201593	-1.9614597086
   27	1 	0	 1.5066837505	-3.2478712400	-0.1610577982
   28	1 	0	 2.9517482272	-3.0985064466	 0.8226370730
   29	1 	0	 1.3690785054	-3.0353930904	 1.5857846723
   30	1 	0	 1.7910797538	 3.2488157836	-0.7889147017
   31	1 	0	 2.2086907323	 3.5024789583	 0.9036168876
   32	1 	0	 0.6990588224	 4.1742809333	 0.2734198647
   33	1 	0	-1.0634363577	 1.3625420663	 1.7536229508
   34	1 	0	-1.0227888050	 3.1826156991	 1.4772267323
   35	1 	0	-3.7925444562	-1.0465414486	-1.1962352282
   36	1 	0	-2.3877129453	-1.4399655845	-2.1964530310
   37	1 	0	-2.8728796698	-2.5216471258	-0.8860460033
   38	1 	0	-1.8981590362	-0.3711313123	 1.9813390887
   39	1 	0	-3.4915930697	-0.4281092217	 1.2253600378
   40	1 	0	-2.5545069948	-1.8999647171	 1.4526968874
---------------------------------------------------------------------
SCF Done:  E(scf) =  -586.2673002911     A.U.

IRC-IRC-IRC-IRC-IRC-IRC-IRC-IRC-IRC-IRC-IRC-IRC-IRC-IRC-IRC-IRC-IRC-IRC
Pt 9 Step number   1 out of a maximum of  1
NET REACTION COORDINATE UP TO THIS POINT =         9.0000000000

IRC-IRC-IRC-IRC-IRC-IRC-IRC-IRC-IRC-IRC-IRC-IRC-IRC-IRC-IRC-IRC-IRC-IRC
                         Input orientation:
---------------------------------------------------------------------
Center     Atomic      Atomic             Coordinates (Angstroms)
Number     Number       Type             X           Y           Z
---------------------------------------------------------------------
    1	6 	0	-1.8274740697	 0.7389989225	-0.7289781451
    2	6 	0	-0.5642261748	 1.5613273777	-0.5162200641
    3	6 	0	 0.6295339708	 2.0960318928	 0.6421647527
    4	6 	0	-1.8851743952	-0.7129902346	-0.2137845542
    5	6 	0	 0.8035191872	 0.8380071181	-0.0893730723
    6	6 	0	-0.4868972448	-1.3206937290	-0.2487277630
    7	6 	0	 0.5481970331	-0.5403422814	 0.5561649801
    8	6 	0	 1.9357182287	-1.2140128242	 0.5065515087
    9	6 	0	 2.5007107299	-0.7583803898	-0.8397983550
   10	6 	0	 2.0787801286	 0.7104696868	-0.9493837085
   11	6 	0	 1.9446567019	-2.7247354598	 0.7020342806
   12	6 	0	 1.3649930845	 3.3391259816	 0.2343220285
   13	6 	0	-0.6126292900	 2.2050053084	 1.2645372733
   14	6 	0	-2.7952197912	-1.4760453734	-1.1835550939
   15	6 	0	-2.4921668168	-0.8367140253	 1.1884438897
   16	1 	0	-2.6916204059	 1.3073952666	-0.3939412989
   17	1 	0	-0.5009150538	 2.3891161815	-1.2180276647
   18	1 	0	-0.1518965576	-1.3900546288	-1.2888191400
   19	1 	0	-1.9165901018	 0.7119879849	-1.8208304951
   20	1 	0	-0.5431739560	-2.3417829553	 0.1311019445
   21	1 	0	 0.2138701832	-0.4364747228	 1.5904512923
   22	1 	0	 2.5440651772	-0.7635135488	 1.2978314557
   23	1 	0	 3.5828128497	-0.8661407355	-0.8854737868
   24	1 	0	 2.0870024463	-1.3654059877	-1.6468993092
   25	1 	0	 2.8590455899	 1.3244214997	-0.4927835631
   26	1 	0	 1.9465931658	 1.0567639030	-1.9731451301
   27	1 	0	 1.5167121273	-3.2461318634	-0.1554161120
   28	1 	0	 2.9678197824	-3.0818516680	 0.8179603432
   29	1 	0	 1.3896082846	-3.0288945806	 1.5912171754
   30	1 	0	 1.8284876862	 3.2501018731	-0.7443084967
   31	1 	0	 2.1565401526	 3.5276959419	 0.9621056667
   32	1 	0	 0.6831083893	 4.1849272647	 0.2447128301
   33	1 	0	-1.0917399680	 1.3618308473	 1.7274984895
   34	1 	0	-0.9742286521	 3.1826741548	 1.5701788931
   35	1 	0	-3.7971313418	-1.0413414161	-1.2004579022
   36	1 	0	-2.3932866693	-1.4455410422	-2.1985943043
   37	1 	0	-2.8870072136	-2.5213860922	-0.8869678588
   38	1 	0	-1.8972488200	-0.3752852541	 1.9774150351
   39	1 	0	-3.4939340478	-0.4055182734	 1.2221191456
   40	1 	0	-2.5792143291	-1.8926441187	 1.4486748332
---------------------------------------------------------------------
SCF Done:  E(scf) =  -586.2657707933     A.U.

IRC-IRC-IRC-IRC-IRC-IRC-IRC-IRC-IRC-IRC-IRC-IRC-IRC-IRC-IRC-IRC-IRC-IRC
Pt 10 Step number   1 out of a maximum of  1
NET REACTION COORDINATE UP TO THIS POINT =        10.0000000000

IRC-IRC-IRC-IRC-IRC-IRC-IRC-IRC-IRC-IRC-IRC-IRC-IRC-IRC-IRC-IRC-IRC-IRC
                         Input orientation:
---------------------------------------------------------------------
Center     Atomic      Atomic             Coordinates (Angstroms)
Number     Number       Type             X           Y           Z
---------------------------------------------------------------------
    1	6 	0	-1.8163319947	 0.7386061345	-0.7316695371
    2	6 	0	-0.5090155200	 1.4940372119	-0.5979630160
    3	6 	0	 0.5974319432	 2.1089321332	 0.6341843558
    4	6 	0	-1.8886937401	-0.7156346228	-0.2170156046
    5	6 	0	 0.7751524375	 0.8281621039	-0.1199575096
    6	6 	0	-0.4944137559	-1.3375744168	-0.2400801216
    7	6 	0	 0.5434388780	-0.5460097697	 0.5513328401
    8	6 	0	 1.9349623556	-1.2085526036	 0.5037371638
    9	6 	0	 2.4963475763	-0.7504711167	-0.8433943802
   10	6 	0	 2.0715962842	 0.7170739974	-0.9518313928
   11	6 	0	 1.9552243683	-2.7191999410	 0.7016793493
   12	6 	0	 1.3436349055	 3.3523078528	 0.2417399296
   13	6 	0	-0.5828768306	 2.2119610524	 1.3200399886
   14	6 	0	-2.8019359900	-1.4749962841	-1.1868031635
   15	6 	0	-2.5000857475	-0.8308687762	 1.1841612383
   16	1 	0	-2.6433235078	 1.3372416452	-0.3603786320
   17	1 	0	-0.4196114176	 2.3080616014	-1.3115611487
   18	1 	0	-0.1577096289	-1.4302075018	-1.2782426449
   19	1 	0	-1.9578826565	 0.7174331116	-1.8181443676
   20	1 	0	-0.5601287798	-2.3526493042	 0.1558509056
   21	1 	0	 0.2127554218	-0.4336685709	 1.5861134180
   22	1 	0	 2.5404727813	-0.7519524184	 1.2940649281
   23	1 	0	 3.5784953717	-0.8562197008	-0.8928996040
   24	1 	0	 2.0811805095	-1.3571970027	-1.6503583705
   25	1 	0	 2.8403792747	 1.3303861187	-0.4780260053
   26	1 	0	 1.9523252236	 1.0660876260	-1.9762723875
   27	1 	0	 1.5248873287	-3.2443378901	-0.1527269276
   28	1 	0	 2.9811608009	-3.0706066413	 0.8126318417
   29	1 	0	 1.4065012067	-3.0257406732	 1.5943191296
   30	1 	0	 1.8577079047	 3.2497712518	-0.7090046408
   31	1 	0	 2.0935889621	 3.5592514819	 1.0058248414
   32	1 	0	 0.6627168052	 4.1982062332	 0.1970437302
   33	1 	0	-1.1140556454	 1.3643305998	 1.7130078741
   34	1 	0	-0.9078252739	 3.1778684501	 1.6825560134
   35	1 	0	-3.8015375429	-1.0347522555	-1.2051832707
   36	1 	0	-2.3994709111	-1.4493795436	-2.2020617808
   37	1 	0	-2.9008505029	-2.5197680362	-0.8893483458
   38	1 	0	-1.8970046227	-0.3784215260	 1.9726801227
   39	1 	0	-3.4959842902	-0.3854357625	 1.2180331495
   40	1 	0	-2.6012219810	-1.8860742479	 1.4439220317
---------------------------------------------------------------------
SCF Done:  E(scf) =  -586.2653440539     A.U.

IRC-IRC-IRC-IRC-IRC-IRC-IRC-IRC-IRC-IRC-IRC-IRC-IRC-IRC-IRC-IRC-IRC-IRC
Pt 11 Step number   1 out of a maximum of  1
NET REACTION COORDINATE UP TO THIS POINT =        11.0000000000

IRC-IRC-IRC-IRC-IRC-IRC-IRC-IRC-IRC-IRC-IRC-IRC-IRC-IRC-IRC-IRC-IRC-IRC
                         Input orientation:
---------------------------------------------------------------------
Center     Atomic      Atomic             Coordinates (Angstroms)
Number     Number       Type             X           Y           Z
---------------------------------------------------------------------
    1	6 	0	-1.8064175224	 0.7399577624	-0.7341020097
    2	6 	0	-0.4677875489	 1.4356209986	-0.6733108371
    3	6 	0	 0.5544410627	 2.1262365235	 0.6136377651
    4	6 	0	-1.8917296599	-0.7167355321	-0.2209262201
    5	6 	0	 0.7552337977	 0.8122059177	-0.1488725176
    6	6 	0	-0.5013030904	-1.3526005701	-0.2349398133
    7	6 	0	 0.5399056332	-0.5534812160	 0.5457829537
    8	6 	0	 1.9356089295	-1.2070478106	 0.5029976122
    9	6 	0	 2.4981023269	-0.7450032678	-0.8422412238
   10	6 	0	 2.0729679747	 0.7224281867	-0.9466103250
   11	6 	0	 1.9635006655	-2.7175701486	 0.7002676691
   12	6 	0	 1.3144419723	 3.3671116608	 0.2361944935
   13	6 	0	-0.5517738592	 2.2162817345	 1.3817389846
   14	6 	0	-2.8082282278	-1.4723271461	-1.1909500902
   15	6 	0	-2.5067786959	-0.8260744576	 1.1794219709
   16	1 	0	-2.5958693587	 1.3646889404	-0.3240921688
   17	1 	0	-0.3510559809	 2.2329813864	-1.4008621591
   18	1 	0	-0.1639211840	-1.4664757588	-1.2713303764
   19	1 	0	-2.0001944762	 0.7281921223	-1.8119956020
   20	1 	0	-0.5764455639	-2.3621477639	 0.1745375622
   21	1 	0	 0.2105532060	-0.4321366234	 1.5798864943
   22	1 	0	 2.5357534605	-0.7458021354	 1.2952110116
   23	1 	0	 3.5803833005	-0.8502180176	-0.8933002583
   24	1 	0	 2.0817270884	-1.3479607050	-1.6518954792
   25	1 	0	 2.8280470229	 1.3347302542	-0.4523798072
   26	1 	0	 1.9675435618	 1.0777656998	-1.9707905008
   27	1 	0	 1.5308625504	-3.2425959306	-0.1531961351
   28	1 	0	 2.9912313680	-3.0652647090	 0.8067964388
   29	1 	0	 1.4190616501	-3.0261793699	 1.5948899502
   30	1 	0	 1.8780259655	 3.2479271697	-0.6836275180
   31	1 	0	 2.0214676283	 3.5971526597	 1.0331996191
   32	1 	0	 0.6384259519	 4.2134263925	 0.1314904325
   33	1 	0	-1.1293258828	 1.3700537587	 1.7115077953
   34	1 	0	-0.8258168595	 3.1675717951	 1.8086735241
   35	1 	0	-3.8056164224	-1.0267220313	-1.2101807814
   36	1 	0	-2.4060972158	-1.4510370708	-2.2067193350
   37	1 	0	-2.9141060224	-2.5167434700	-0.8932591013
   38	1 	0	-1.8974822891	-0.3805914553	 1.9674061942
   39	1 	0	-3.4976859566	-0.3688813459	 1.2132948650
   40	1 	0	-2.6196492998	-1.8807364271	 1.4386469229
---------------------------------------------------------------------
SCF Done:  E(scf) =  -586.2646468403     A.U.

IRC-IRC-IRC-IRC-IRC-IRC-IRC-IRC-IRC-IRC-IRC-IRC-IRC-IRC-IRC-IRC-IRC-IRC
Pt 12 Step number   1 out of a maximum of  1
NET REACTION COORDINATE UP TO THIS POINT =        12.0000000000

IRC-IRC-IRC-IRC-IRC-IRC-IRC-IRC-IRC-IRC-IRC-IRC-IRC-IRC-IRC-IRC-IRC-IRC
                         Input orientation:
---------------------------------------------------------------------
Center     Atomic      Atomic             Coordinates (Angstroms)
Number     Number       Type             X           Y           Z
---------------------------------------------------------------------
    1	6 	0	-1.7976723799	 0.7430383733	-0.7354212680
    2	6 	0	-0.4377774658	 1.3879781636	-0.7380929671
    3	6 	0	 0.5028706348	 2.1481776913	 0.5843708063
    4	6 	0	-1.8943411999	-0.7165807036	-0.2253078317
    5	6 	0	 0.7426498779	 0.7906749782	-0.1762524470
    6	6 	0	-0.5076046019	-1.3656307901	-0.2333734505
    7	6 	0	 0.5374812524	-0.5626703174	 0.5397136521
    8	6 	0	 1.9371055254	-1.2093231378	 0.5041742453
    9	6 	0	 2.5051583230	-0.7417891872	-0.8366106318
   10	6 	0	 2.0810324108	 0.7263721416	-0.9347946986
   11	6 	0	 1.9692174616	-2.7196933870	 0.6977804607
   12	6 	0	 1.2786177015	 3.3836514942	 0.2187809828
   13	6 	0	-0.5193994579	 2.2186299099	 1.4452872098
   14	6 	0	-2.8140692487	-1.4680858512	-1.1958950327
   15	6 	0	-2.5120727573	-0.8226081339	 1.1744460947
   16	1 	0	-2.5504542252	 1.3888547358	-0.2856832377
   17	1 	0	-0.2948861044	 2.1648445862	-1.4825510056
   18	1 	0	-0.1703107442	-1.4974408542	-1.2682488138
   19	1 	0	-2.0416835937	 0.7435771229	-1.8024538871
   20	1 	0	-0.5915612957	-2.3703729560	 0.1866390199
   21	1 	0	 0.2071878175	-0.4318817089	 1.5720510885
   22	1 	0	 2.5297514421	-0.7451892657	 1.3008205777
   23	1 	0	 3.5875796869	-0.8474000027	-0.8866027535
   24	1 	0	 2.0885176129	-1.3382375928	-1.6514546135
   25	1 	0	 2.8205957985	 1.3372408398	-0.4175083459
   26	1 	0	 1.9909230564	 1.0911421873	-1.9577009626
   27	1 	0	 1.5345764050	-3.2414328700	-0.1565982692
   28	1 	0	 2.9978682283	-3.0654598801	 0.8005773468
   29	1 	0	 1.4271771538	-3.0303263908	 1.5929939705
   30	1 	0	 1.8895276590	 3.2452597510	-0.6679447044
   31	1 	0	 1.9422602922	 3.6410199071	 1.0444098607
   32	1 	0	 0.6099334188	 4.2285812725	 0.0512500387
   33	1 	0	-1.1360581150	 1.3779713968	 1.7223064648
   34	1 	0	-0.7320169235	 3.1520414328	 1.9400593893
   35	1 	0	-3.8093234974	-1.0173818780	-1.2152353130
   36	1 	0	-2.4128908731	-1.4500889296	-2.2123286003
   37	1 	0	-2.9264747723	-2.5123366548	-0.8986847223
   38	1 	0	-1.8984654879	-0.3818869140	 1.9618035367
   39	1 	0	-3.4989810166	-0.3563517256	 1.2081918043
   40	1 	0	-2.6339879985	-1.8768868530	 1.4330870069
---------------------------------------------------------------------
SCF Done:  E(scf) =  -586.2643298238     A.U.

IRC-IRC-IRC-IRC-IRC-IRC-IRC-IRC-IRC-IRC-IRC-IRC-IRC-IRC-IRC-IRC-IRC-IRC
Pt 13 Step number   1 out of a maximum of  1
NET REACTION COORDINATE UP TO THIS POINT =        13.0000000000

IRC-IRC-IRC-IRC-IRC-IRC-IRC-IRC-IRC-IRC-IRC-IRC-IRC-IRC-IRC-IRC-IRC-IRC
                         Input orientation:
---------------------------------------------------------------------
Center     Atomic      Atomic             Coordinates (Angstroms)
Number     Number       Type             X           Y           Z
---------------------------------------------------------------------
    1	6 	0	-1.7900273299	 0.7478385159	-0.7347489082
    2	6 	0	-0.4160926059	 1.3529418814	-0.7881464883
    3	6 	0	 0.4451056478	 2.1749672654	 0.5503359104
    4	6 	0	-1.8965944341	-0.7154683263	-0.2299494959
    5	6 	0	 0.7362140869	 0.7641361574	-0.2022669893
    6	6 	0	-0.5133668457	-1.3765350427	-0.2354310913
    7	6 	0	 0.5360436703	-0.5734825934	 0.5333243419
    8	6 	0	 1.9388759582	-1.2151833035	 0.5070956704
    9	6 	0	 2.5166591060	-0.7406214874	-0.8267949819
   10	6 	0	 2.0938601941	 0.7287480954	-0.9175033849
   11	6 	0	 1.9721144096	-2.7253969309	 0.6942001886
   12	6 	0	 1.2373935152	 3.4020432296	 0.1906499290
   13	6 	0	-0.4858040052	 2.2197022822	 1.5062904197
   14	6 	0	-2.8194367861	-1.4623254050	-1.2015365446
   15	6 	0	-2.5158006867	-0.8207394938	 1.1694539440
   16	1 	0	-2.5082723576	 1.4088731244	-0.2457560710
   17	1 	0	-0.2506497000	 2.1045691045	-1.5532289069
   18	1 	0	-0.1766530154	-1.5216914522	-1.2691469410
   19	1 	0	-2.0804954234	 0.7628785004	-1.7896016439
   20	1 	0	-0.6049164427	-2.3774312099	 0.1916586610
   21	1 	0	 0.2025848939	-0.4328954595	 1.5628953510
   22	1 	0	 2.5223021398	-0.7502231362	 1.3104167357
   23	1 	0	 3.5991423806	-0.8469944568	-0.8727510683
   24	1 	0	 2.1014055601	-1.3285734180	-1.6489855433
   25	1 	0	 2.8165019712	 1.3377029326	-0.3751084330
   26	1 	0	 2.0211176220	 1.1055554858	-1.9380510254
   27	1 	0	 1.5359799146	-3.2413938660	-0.1626891097
   28	1 	0	 3.0009245026	-3.0707888009	 0.7940968364
   29	1 	0	 1.4307606117	-3.0382917045	 1.5887070417
   30	1 	0	 1.8923335688	 3.2424846363	-0.6616865236
   31	1 	0	 1.8580708201	 3.6904568449	 1.0397117161
   32	1 	0	 0.5769000867	 4.2416072285	-0.0403882090
   33	1 	0	-1.1327408609	 1.3870093105	 1.7446230306
   34	1 	0	-0.6303074734	 3.1315730425	 2.0681203790
   35	1 	0	-3.8126187267	-1.0068708896	-1.2201324150
   36	1 	0	-2.4195725531	-1.4461112657	-2.2186467651
   37	1 	0	-2.9376579487	-2.5065750584	-0.9056060211
   38	1 	0	-1.8997260541	-0.3824015366	 1.9560797608
   39	1 	0	-3.4998114311	-0.3483208664	 1.2030155973
   40	1 	0	-2.6437459795	-1.8747719341	 1.4274810471
---------------------------------------------------------------------
SCF Done:  E(scf) =  -586.2645753622     A.U.

IRC-IRC-IRC-IRC-IRC-IRC-IRC-IRC-IRC-IRC-IRC-IRC-IRC-IRC-IRC-IRC-IRC-IRC
Pt 14 Step number   1 out of a maximum of  1
NET REACTION COORDINATE UP TO THIS POINT =        14.0000000000

IRC-IRC-IRC-IRC-IRC-IRC-IRC-IRC-IRC-IRC-IRC-IRC-IRC-IRC-IRC-IRC-IRC-IRC
                         Input orientation:
---------------------------------------------------------------------
Center     Atomic      Atomic             Coordinates (Angstroms)
Number     Number       Type             X           Y           Z
---------------------------------------------------------------------
    1	6 	0	-1.7834131356	 0.7543487391	-0.7312065266
    2	6 	0	-0.3998403046	 1.3323453266	-0.8193084830
    3	6 	0	 0.3835310899	 2.2068168751	 0.5154855086
    4	6 	0	-1.8985554362	-0.7136965890	-0.2346402692
    5	6 	0	 0.7347398331	 0.7331563272	-0.2270858358
    6	6 	0	-0.5186383775	-1.3851832938	-0.2411627941
    7	6 	0	 0.5354708216	-0.5858235638	 0.5268144298
    8	6 	0	 1.9403440432	-1.2244330265	 0.5115904948
    9	6 	0	 2.5317482170	-0.7412927815	-0.8130866519
   10	6 	0	 2.1095219260	 0.7293982815	-0.8958552555
   11	6 	0	 1.9719311623	-2.7345080548	 0.6895093173
   12	6 	0	 1.1920008358	 3.4224027439	 0.1529518634
   13	6 	0	-0.4510378793	 2.2201955550	 1.5603543700
   14	6 	0	-2.8243085733	-1.4550988134	-1.2077731791
   15	6 	0	-2.5177952389	-0.8207382259	 1.1646658532
   16	1 	0	-2.4705180060	 1.4238781996	-0.2049149009
   17	1 	0	-0.2178946796	 2.0530728451	-1.6094970815
   18	1 	0	-0.1827227038	-1.5378162170	-1.2741737418
   19	1 	0	-2.1147753793	 0.7853866420	-1.7735212933
   20	1 	0	-0.6159514726	-2.3834288549	 0.1890998683
   21	1 	0	 0.1966700724	-0.4351695073	 1.5527074327
   22	1 	0	 2.5132409673	-0.7610130737	 1.3235225952
   23	1 	0	 3.6141292313	-0.8482301806	-0.8516891813
   24	1 	0	 2.1202444074	-1.3195139326	-1.6444380385
   25	1 	0	 2.8142419112	 1.3359015898	-0.3268768800
   26	1 	0	 2.0567811729	 1.1203439926	-1.9128879416
   27	1 	0	 1.5350241011	-3.2430240767	-0.1712244367
   28	1 	0	 3.0002533122	-3.0808481179	 0.7874771781
   29	1 	0	 1.4297249178	-3.0501852797	 1.5821050153
   30	1 	0	 1.8865642783	 3.2403174664	-0.6645832990
   31	1 	0	 1.7710030778	 3.7450670939	 1.0193613354
   32	1 	0	 0.5389868365	 4.2504406158	-0.1401350686
   33	1 	0	-1.1178626398	 1.3960932962	 1.7776766401
   34	1 	0	-0.5245705164	 3.1064623031	 2.1842632634
   35	1 	0	-3.8154620691	-0.9953281603	-1.2246576367
   36	1 	0	-2.4258629256	-1.4386802252	-2.2254310179
   37	1 	0	-2.9473567481	-2.4994861484	-0.9140038103
   38	1 	0	-1.9010358227	-0.3822289578	 1.9504424773
   39	1 	0	-3.5001191613	-0.3452627332	 1.1980578734
   40	1 	0	-2.6484311455	-1.8746380790	 1.4220678071
---------------------------------------------------------------------
SCF Done:  E(scf) =  -586.2649886436     A.U.

IRC-IRC-IRC-IRC-IRC-IRC-IRC-IRC-IRC-IRC-IRC-IRC-IRC-IRC-IRC-IRC-IRC-IRC
Pt 15 Step number   1 out of a maximum of  1
NET REACTION COORDINATE UP TO THIS POINT =        15.0000000000

IRC-IRC-IRC-IRC-IRC-IRC-IRC-IRC-IRC-IRC-IRC-IRC-IRC-IRC-IRC-IRC-IRC-IRC
                         Input orientation:
---------------------------------------------------------------------
Center     Atomic      Atomic             Coordinates (Angstroms)
Number     Number       Type             X           Y           Z
---------------------------------------------------------------------
    1	6 	0	-1.7777613055	 0.7625579875	-0.7239192112
    2	6 	0	-0.3861377200	 1.3279987806	-0.8274515358
    3	6 	0	 0.3205372462	 2.2439290788	 0.4837595507
    4	6 	0	-1.9002891609	-0.7115627567	-0.2391695259
    5	6 	0	 0.7370396905	 0.6983118328	-0.2508701446
    6	6 	0	-0.5234673591	-1.3914494212	-0.2506160732
    7	6 	0	 0.5356414366	-0.5995984144	 0.5203833081
    8	6 	0	 1.9409378213	-1.2368772684	 0.5174864113
    9	6 	0	 2.5495694864	-0.7435976549	-0.7957813356
   10	6 	0	 2.1260889939	 0.7281629638	-0.8709727500
   11	6 	0	 1.9684140076	-2.7468552345	 0.6836921695
   12	6 	0	 1.1436690166	 3.4448491409	 0.1068479759
   13	6 	0	-0.4151518745	 2.2208075705	 1.6031049918
   14	6 	0	-2.8286634243	-1.4464575018	-1.2145037432
   15	6 	0	-2.5178911029	-0.8228719756	 1.1603017842
   16	1 	0	-2.4383824484	 1.4330103811	-0.1637617426
   17	1 	0	-0.1961584692	 2.0112645670	-1.6479788143
   18	1 	0	-0.1882965556	-1.5444180848	-1.2834760454
   19	1 	0	-2.1426768975	 0.8103932595	-1.7542968786
   20	1 	0	-0.6241109714	-2.3884757361	 0.1784740090
   21	1 	0	 0.1893699184	-0.4386995277	 1.5417762396
   22	1 	0	 2.5024080543	-0.7776660148	 1.3396597609
   23	1 	0	 3.6315999538	-0.8503363115	-0.8233682653
   24	1 	0	 2.1448859793	-1.3116084370	-1.6377638407
   25	1 	0	 2.8122892551	 1.3316219572	-0.2745135179
   26	1 	0	 2.0965609333	 1.1348437027	-1.8832631712
   27	1 	0	 1.5316645625	-3.2468691532	-0.1819576868
   28	1 	0	 2.9957150786	-3.0952357688	 0.7808407399
   29	1 	0	 1.4239905263	-3.0661167488	 1.5732669212
   30	1 	0	 1.8723492544	 3.2394793822	-0.6763474731
   31	1 	0	 1.6831511386	 3.8044640814	 0.9836293222
   32	1 	0	 0.4958601027	 4.2530306739	-0.2447059775
   33	1 	0	-1.0899217335	 1.4041502063	 1.8206718471
   34	1 	0	-0.4186836849	 3.0770203269	 2.2799239695
   35	1 	0	-3.8178148367	-0.9828898925	-1.2285969540
   36	1 	0	-2.4314850929	-1.4273731635	-2.2324399956
   37	1 	0	-2.9552763988	-2.4910967978	-0.9238600525
   38	1 	0	-1.9021672556	-0.3814651280	 1.9451003586
   39	1 	0	-3.4998468818	-0.3476447364	 1.1936099558
   40	1 	0	-2.6475592830	-1.8767301647	 1.4170854195
---------------------------------------------------------------------
SCF Done:  E(scf) =  -586.2658771518     A.U.

IRC-IRC-IRC-IRC-IRC-IRC-IRC-IRC-IRC-IRC-IRC-IRC-IRC-IRC-IRC-IRC-IRC-IRC
Pt 16 Step number   1 out of a maximum of  1
NET REACTION COORDINATE UP TO THIS POINT =        16.0000000000

IRC-IRC-IRC-IRC-IRC-IRC-IRC-IRC-IRC-IRC-IRC-IRC-IRC-IRC-IRC-IRC-IRC-IRC
                         Input orientation:
---------------------------------------------------------------------
Center     Atomic      Atomic             Coordinates (Angstroms)
Number     Number       Type             X           Y           Z
---------------------------------------------------------------------
    1	6 	0	-1.7730935885	 0.7722611107	-0.7124345619
    2	6 	0	-0.3732905767	 1.3389424656	-0.8127440226
    3	6 	0	 0.2591553110	 2.2854089221	 0.4575877276
    4	6 	0	-1.9017251566	-0.7092523095	-0.2433651209
    5	6 	0	 0.7418252254	 0.6613252870	-0.2727484979
    6	6 	0	-0.5278543298	-1.3956806610	-0.2635306349
    7	6 	0	 0.5365305046	-0.6146719519	 0.5142286581
    8	6 	0	 1.9405966954	-1.2523504252	 0.5245004639
    9	6 	0	 2.5693017334	-0.7475693919	-0.7755759656
   10	6 	0	 2.1417278733	 0.7246440833	-0.8444100871
   11	6 	0	 1.9621120628	-2.7624122931	 0.6769579180
   12	6 	0	 1.0933771103	 3.4698920135	 0.0547891270
   13	6 	0	-0.3782471012	 2.2223739522	 1.6326094577
   14	6 	0	-2.8326109056	-1.4362616922	-1.2216577069
   15	6 	0	-2.5161569835	-0.8271611372	 1.1565366245
   16	1 	0	-2.4126973102	 1.4361756264	-0.1226303388
   17	1 	0	-0.1837097132	 1.9789465279	-1.6679673896
   18	1 	0	-0.1933981669	-1.5418269166	-1.2969399585
   19	1 	0	-2.1633240589	 0.8373503575	-1.7322087371
   20	1 	0	-0.6293378690	-2.3931071438	 0.1602586197
   21	1 	0	 0.1807232470	-0.4439704610	 1.5304820836
   22	1 	0	 2.4902141861	-0.7999996346	 1.3581677752
   23	1 	0	 3.6508399528	-0.8525827327	-0.7886099818
   24	1 	0	 2.1749821326	-1.3058355964	-1.6291532614
   25	1 	0	 2.8087869325	 1.3246599301	-0.2200835204
   26	1 	0	 2.1382945987	 1.1480999284	-1.8507372907
   27	1 	0	 1.5264105898	-3.2535344590	-0.1943587598
   28	1 	0	 2.9880535845	-3.1137059157	 0.7743216700
   29	1 	0	 1.4143926916	-3.0861550858	 1.5626564019
   30	1 	0	 1.8508928646	 3.2413570938	-0.6945278833
   31	1 	0	 1.5954241323	 3.8694477957	 0.9345351673
   32	1 	0	 0.4478582982	 4.2488856657	-0.3513826329
   33	1 	0	-1.0485977410	 1.4102346741	 1.8710473282
   34	1 	0	-0.3159952295	 3.0454256113	 2.3500664440
   35	1 	0	-3.8198020962	-0.9693424249	-1.2317879158
   36	1 	0	-2.4364564526	-1.4119137964	-2.2396076428
   37	1 	0	-2.9616100194	-2.4813619180	-0.9352958878
   38	1 	0	-1.9029686785	-0.3804861893	 1.9403905624
   39	1 	0	-3.4990236064	-0.3551411727	 1.1899260842
   40	1 	0	-2.6416001431	-1.8811077364	 1.4126956853
---------------------------------------------------------------------
SCF Done:  E(scf) =  -586.2679821630     A.U.

IRC-IRC-IRC-IRC-IRC-IRC-IRC-IRC-IRC-IRC-IRC-IRC-IRC-IRC-IRC-IRC-IRC-IRC
Pt 17 Step number   1 out of a maximum of  1
NET REACTION COORDINATE UP TO THIS POINT =        17.0000000000

IRC-IRC-IRC-IRC-IRC-IRC-IRC-IRC-IRC-IRC-IRC-IRC-IRC-IRC-IRC-IRC-IRC-IRC
                         Input orientation:
---------------------------------------------------------------------
Center     Atomic      Atomic             Coordinates (Angstroms)
Number     Number       Type             X           Y           Z
---------------------------------------------------------------------
    1	6 	0	-1.7696069933	 0.7828759968	-0.6971207592
    2	6 	0	-0.3619129725	 1.3588367369	-0.7836973849
    3	6 	0	 0.2036612201	 2.3282299169	 0.4364665836
    4	6 	0	-1.9025299925	-0.7067336242	-0.2471296427
    5	6 	0	 0.7476118323	 0.6261455249	-0.2898440635
    6	6 	0	-0.5317073388	-1.3991435805	-0.2790483770
    7	6 	0	 0.5382999643	-0.6308305596	 0.5085448372
    8	6 	0	 1.9402532082	-1.2707440579	 0.5321348004
    9	6 	0	 2.5901917302	-0.7537048652	-0.7539467410
   10	6 	0	 2.1547897153	 0.7179807227	-0.8185600639
   11	6 	0	 1.9551336586	-2.7814353397	 0.6699524280
   12	6 	0	 1.0416180477	 3.4987993422	 0.0017309095
   13	6 	0	-0.3405223907	 2.2259979155	 1.6516761942
   14	6 	0	-2.8365145249	-1.4240002608	-1.2292240931
   15	6 	0	-2.5131160792	-0.8331459073	 1.1534577216
   16	1 	0	-2.3935957187	 1.4347666811	-0.0813334073
   17	1 	0	-0.1763528925	 1.9537719954	-1.6739416283
   18	1 	0	-0.1985305532	-1.5337265183	-1.3139452262
   19	1 	0	-2.1777260815	 0.8660212534	-1.7079184382
   20	1 	0	-0.6325429528	-2.3986846449	 0.1368076805
   21	1 	0	 0.1709868802	-0.4524174721	 1.5193828002
   22	1 	0	 2.4781784456	-0.8272698208	 1.3780325883
   23	1 	0	 3.6715729556	-0.8543184619	-0.7499266114
   24	1 	0	 2.2097963571	-1.3040079663	-1.6192599507
   25	1 	0	 2.8012355901	 1.3148322801	-0.1663616119
   26	1 	0	 2.1782476391	 1.1585934325	-1.8178596570
   27	1 	0	 1.5208468283	-3.2637413264	-0.2073468853
   28	1 	0	 2.9797282317	-3.1363161329	 0.7680769954
   29	1 	0	 1.4035433461	-3.1102902989	 1.5514840747
   30	1 	0	 1.8254870939	 3.2486299447	-0.7124713240
   31	1 	0	 1.5064298525	 3.9431227033	 0.8774949606
   32	1 	0	 0.3966249184	 4.2405417078	-0.4585464917
   33	1 	0	-0.9958645537	 1.4136495028	 1.9228121645
   34	1 	0	-0.2188252630	 3.0174833938	 2.3965065716
   35	1 	0	-3.8218669500	-0.9537926083	-1.2341682343
   36	1 	0	-2.4413659685	-1.3923100931	-2.2472083769
   37	1 	0	-2.9674982836	-2.4700966597	-0.9487027592
   38	1 	0	-1.9034357557	-0.3802124585	 1.9368997829
   39	1 	0	-3.4978460324	-0.3658859952	 1.1871884762
   40	1 	0	-2.6328762178	-1.8874703983	 1.4089121580
---------------------------------------------------------------------
SCF Done:  E(scf) =  -586.2707091510     A.U.

IRC-IRC-IRC-IRC-IRC-IRC-IRC-IRC-IRC-IRC-IRC-IRC-IRC-IRC-IRC-IRC-IRC-IRC
Pt 18 Step number   1 out of a maximum of  1
NET REACTION COORDINATE UP TO THIS POINT =        18.0000000000

IRC-IRC-IRC-IRC-IRC-IRC-IRC-IRC-IRC-IRC-IRC-IRC-IRC-IRC-IRC-IRC-IRC-IRC
                         Input orientation:
---------------------------------------------------------------------
Center     Atomic      Atomic             Coordinates (Angstroms)
Number     Number       Type             X           Y           Z
---------------------------------------------------------------------
    1	6 	0	-1.7675186646	 0.7937772234	-0.6784402629
    2	6 	0	-0.3528842223	 1.3807238372	-0.7497816293
    3	6 	0	 0.1584739218	 2.3691206752	 0.4195556628
    4	6 	0	-1.9023400232	-0.7039501340	-0.2503742665
    5	6 	0	 0.7528923671	 0.5969771604	-0.2990495996
    6	6 	0	-0.5349238084	-1.4032103726	-0.2962425127
    7	6 	0	 0.5411332338	-0.6478516108	 0.5035258212
    8	6 	0	 1.9409540080	-1.2919562953	 0.5398668785
    9	6 	0	 2.6114940567	-0.7625542108	-0.7324593930
   10	6 	0	 2.1636468888	 0.7072587853	-0.7959118250
   11	6 	0	 1.9497662696	-2.8042129162	 0.6633717379
   12	6 	0	 0.9888289070	 3.5329262411	-0.0470833062
   13	6 	0	-0.3021878020	 2.2328134201	 1.6636583677
   14	6 	0	-2.8407669661	-1.4091194189	-1.2371987666
   15	6 	0	-2.5093438066	-0.8403113107	 1.1511423647
   16	1 	0	-2.3811305477	 1.4303471129	-0.0396238032
   17	1 	0	-0.1696093714	 1.9331473314	-1.6709761366
   18	1 	0	-0.2042518120	-1.5241860424	-1.3338134158
   19	1 	0	-2.1871087736	 0.8962050325	-1.6821313521
   20	1 	0	-0.6347482107	-2.4066647404	 0.1106907632
   21	1 	0	 0.1604426873	-0.4655849007	 1.5090566212
   22	1 	0	 2.4679472518	-0.8586679150	 1.3981995248
   23	1 	0	 3.6935730505	-0.8549016090	-0.7100246757
   24	1 	0	 2.2485475213	-1.3080339106	-1.6087907933
   25	1 	0	 2.7870620806	 1.3019581777	-0.1162040397
   26	1 	0	 2.2125048860	 1.1647401150	-1.7872932314
   27	1 	0	 1.5166814748	-3.2782244122	-0.2197780241
   28	1 	0	 2.9733955355	-3.1631588542	 0.7622663718
   29	1 	0	 1.3942585511	-3.1385033238	 1.5410463794
   30	1 	0	 1.7996637809	 3.2641257934	-0.7230418017
   31	1 	0	 1.4145116839	 4.0288580408	 0.8183150396
   32	1 	0	 0.3439534044	 4.2308827985	-0.5647053664
   33	1 	0	-0.9339596628	 1.4137260087	 1.9695813981
   34	1 	0	-0.1293757720	 2.9994156015	 2.4218474815
   35	1 	0	-3.8244890407	-0.9352692246	-1.2356871295
   36	1 	0	-2.4468682735	-1.3686026820	-2.2555557334
   37	1 	0	-2.9741907332	-2.4571001160	-0.9645031659
   38	1 	0	-1.9035810798	-0.3816267745	 1.9352433848
   39	1 	0	-3.4965301227	-0.3778361809	 1.1855710747
   40	1 	0	-2.6239228675	-1.8954763996	 1.4057313584
---------------------------------------------------------------------
SCF Done:  E(scf) =  -586.2728803482     A.U.

IRC-IRC-IRC-IRC-IRC-IRC-IRC-IRC-IRC-IRC-IRC-IRC-IRC-IRC-IRC-IRC-IRC-IRC
Pt 19 Step number   1 out of a maximum of  1
NET REACTION COORDINATE UP TO THIS POINT =        19.0000000000

IRC-IRC-IRC-IRC-IRC-IRC-IRC-IRC-IRC-IRC-IRC-IRC-IRC-IRC-IRC-IRC-IRC-IRC
                         Input orientation:
---------------------------------------------------------------------
Center     Atomic      Atomic             Coordinates (Angstroms)
Number     Number       Type             X           Y           Z
---------------------------------------------------------------------
    1	6 	0	-1.7670457475	 0.8043393682	-0.6568555331
    2	6 	0	-0.3470836410	 1.3976460094	-0.7204667622
    3	6 	0	 0.1280123645	 2.4048098094	 0.4060145096
    4	6 	0	-1.9007916033	-0.7008452720	-0.2530101676
    5	6 	0	 0.7561596856	 0.5780248072	-0.2972578644
    6	6 	0	-0.5374011612	-1.4092532302	-0.3141862553
    7	6 	0	 0.5452137310	-0.6655124787	 0.4993655857
    8	6 	0	 1.9437457431	-1.3158852663	 0.5471741557
    9	6 	0	 2.6324632926	-0.7746675648	-0.7126796534
   10	6 	0	 2.1666717629	 0.6915641743	-0.7789545148
   11	6 	0	 1.9482973702	-2.8310335643	 0.6579118860
   12	6 	0	 0.9354467667	 3.5736278245	-0.0864101493
   13	6 	0	-0.2634533940	 2.2439544259	 1.6719091448
   14	6 	0	-2.8457609129	-1.3910653775	-1.2455775925
   15	6 	0	-2.5054155827	-0.8481423722	 1.1496678433
   16	1 	0	-2.3753546715	 1.4244804899	 0.0027456182
   17	1 	0	-0.1590005143	 1.9144788982	-1.6641455204
   18	1 	0	-0.2111200411	-1.5172746415	-1.3558660945
   19	1 	0	-2.1926979433	 0.9277007798	-1.6555528494
   20	1 	0	-0.6369756308	-2.4185039313	 0.0844774394
   21	1 	0	 0.1493725377	-0.4850170865	 1.5000817786
   22	1 	0	 2.4611670241	-0.8933852589	 1.4176139096
   23	1 	0	 3.7166143253	-0.8536902838	-0.6716106964
   24	1 	0	 2.2904544942	-1.3198217935	-1.5984526740
   25	1 	0	 2.7636932563	 1.2858567934	-0.0724670508
   26	1 	0	 2.2371511708	 1.1649558757	-1.7617009752
   27	1 	0	 1.5156227259	-3.2977183730	-0.2305081371
   28	1 	0	 2.9717120113	-3.1943265139	 0.7570494546
   29	1 	0	 1.3893543680	-3.1707750961	 1.5326397557
   30	1 	0	 1.7769547643	 3.2906724989	-0.7191033230
   31	1 	0	 1.3180130112	 4.1300230449	 0.7628017417
   32	1 	0	 0.2916371971	 4.2227929358	-0.6683670693
   33	1 	0	-0.8651205595	 1.4097955082	 2.0049700714
   34	1 	0	-0.0498487426	 2.9974441612	 2.4286923024
   35	1 	0	-3.8281480110	-0.9128010558	-1.2362938216
   36	1 	0	-2.4536180005	-1.3408321912	-2.2649632479
   37	1 	0	-2.9829369099	-2.4421713803	-0.9831196071
   38	1 	0	-1.9034172432	-0.3857119762	 1.9360367326
   39	1 	0	-3.4952918403	-0.3889487073	 1.1852478227
   40	1 	0	-2.6172754522	-1.9047839894	 1.4031498072
---------------------------------------------------------------------
SCF Done:  E(scf) =  -586.2744727026     A.U.

IRC-IRC-IRC-IRC-IRC-IRC-IRC-IRC-IRC-IRC-IRC-IRC-IRC-IRC-IRC-IRC-IRC-IRC
Pt 20 Step number   1 out of a maximum of  1
NET REACTION COORDINATE UP TO THIS POINT =        20.0000000000

IRC-IRC-IRC-IRC-IRC-IRC-IRC-IRC-IRC-IRC-IRC-IRC-IRC-IRC-IRC-IRC-IRC-IRC
                         Input orientation:
---------------------------------------------------------------------
Center     Atomic      Atomic             Coordinates (Angstroms)
Number     Number       Type             X           Y           Z
---------------------------------------------------------------------
    1	6 	0	-1.7684053867	 0.8139370087	-0.6328290296
    2	6 	0	-0.3453905435	 1.4026454962	-0.7052227901
    3	6 	0	 0.1166954969	 2.4320259314	 0.3950026683
    4	6 	0	-1.8975210871	-0.6973624712	-0.2549485212
    5	6 	0	 0.7559066435	 0.5734930792	-0.2813616162
    6	6 	0	-0.5390368199	-1.4186443460	-0.3319528179
    7	6 	0	 0.5507248740	-0.6835905366	 0.4962581063
    8	6 	0	 1.9496750618	-1.3424291000	 0.5535340896
    9	6 	0	 2.6523540177	-0.7905950632	-0.6961732535
   10	6 	0	 2.1622367065	 0.6699827931	-0.7701772778
   11	6 	0	 1.9530144351	-2.8621858261	 0.6542689105
   12	6 	0	 0.8819087054	 3.6222592067	-0.1110062494
   13	6 	0	-0.2245292259	 2.2605548928	 1.6797816917
   14	6 	0	-2.8518890494	-1.3692843476	-1.2543564358
   15	6 	0	-2.5019068242	-0.8561241168	 1.1491114468
   16	1 	0	-2.3763209640	 1.4187303799	 0.0460220016
   17	1 	0	-0.1400476854	 1.8951730579	-1.6585243857
   18	1 	0	-0.2196933380	-1.5170614684	-1.3794248298
   19	1 	0	-2.1957193988	 0.9603075805	-1.6288883005
   20	1 	0	-0.6402472011	-2.4356587186	 0.0607372809
   21	1 	0	 0.1380583009	-0.5122583693	 1.4930365041
   22	1 	0	 2.4594841816	-0.9306131941	 1.4352210672
   23	1 	0	 3.7404708681	-0.8500425961	-0.6373911955
   24	1 	0	 2.3347361445	-1.3412799790	-1.5889524773
   25	1 	0	 2.7285559699	 1.2663472975	-0.0380068925
   26	1 	0	 2.2482713250	 1.1576566144	-1.7437458499
   27	1 	0	 1.5193787783	-3.3229578655	-0.2383931851
   28	1 	0	 2.9773341743	-3.2299115460	 0.7525858997
   29	1 	0	 1.3916468582	-3.2070865516	 1.5275606436
   30	1 	0	 1.7608918828	 3.3310979199	-0.6935198943
   31	1 	0	 1.2152772192	 4.2499869519	 0.7167614043
   32	1 	0	 0.2414697376	 4.2191561178	-0.7680394129
   33	1 	0	-0.7915847349	 1.4011893174	 2.0225932266
   34	1 	0	 0.0175538385	 3.0177909998	 2.4196441632
   35	1 	0	-3.8333235037	-0.8854168837	-1.2359375308
   36	1 	0	-2.4622697825	-1.3090392489	-2.2757444558
   37	1 	0	-2.9949863555	-2.4251095458	-1.0049745819
   38	1 	0	-1.9029568385	-0.3934509024	 1.9398951910
   39	1 	0	-3.4943471483	-0.3971805513	 1.1863926629
   40	1 	0	-2.6154693323	-1.9150514168	 1.4011640252
---------------------------------------------------------------------
SCF Done:  E(scf) =  -586.2753134156     A.U.

IRC-IRC-IRC-IRC-IRC-IRC-IRC-IRC-IRC-IRC-IRC-IRC-IRC-IRC-IRC-IRC-IRC-IRC
Pt 21 Step number   1 out of a maximum of  1
NET REACTION COORDINATE UP TO THIS POINT =        21.0000000000

IRC-IRC-IRC-IRC-IRC-IRC-IRC-IRC-IRC-IRC-IRC-IRC-IRC-IRC-IRC-IRC-IRC-IRC
Normal termination of Gaussian
